C51 COMPILER V9.54   LED                                                                   01/19/2025 20:41:31 PAGE 1   


C51 COMPILER V9.54, COMPILATION OF MODULE LED
OBJECT MODULE PLACED IN .\Objects\LED.obj
COMPILER INVOKED BY: E:\SoftWareProgrom\keli\C51\BIN\C51.EXE LED.c OPTIMIZE(8,SPEED) BROWSE DEBUG OBJECTEXTEND PRINT(.\L
                    -istings\LED.lst) TABS(2) OBJECT(.\Objects\LED.obj)

line level    source

   1          #include <STC15F2K60S2.H>
   2          #include "intrins.h"
   3          
   4          char led=0x9b;
   5          
   6          #define on(x) led&=~(1<<x);     //打开灯光
   7          #define off(x) led|=1<<x;        //关闭灯光
   8          #define tog(x)led^=1<<x;       //灯光闪烁
   9          
  10          void control(char x,y)
  11          {
  12   1        switch(x)
  13   1        {
  14   2          case 4:P2=(P2 & 0x1f)|0x80;break; //Y4C高其余为低电平
  15   2          case 5:P2=(P2 & 0x1f)|0xa0;break;
  16   2          case 6:P2=(P2 & 0x1f)|0xc0;break;
  17   2          case 7:P2=(P2 & 0x1f)|0xe0;break;
  18   2        }
  19   1        P0=y;
  20   1      }
  21          
  22          
  23          void Delay500ms(void) //@11.0592MHz
  24          {
  25   1        unsigned char data i, j, k;
  26   1      
  27   1        _nop_();
  28   1        _nop_();
  29   1        i = 22;
  30   1        j = 3;
  31   1        k = 227;
  32   1        do
  33   1        {
  34   2          do
  35   2          {
  36   3            while (--k);
  37   3          } while (--j);
  38   2        } while (--i);
  39   1      }
  40          
  41          
  42          
  43          void main()
  44          {
  45   1        control(4,0xff); //对LED的Y4C使能
  46   1        P0=led;
  47   1        while(1)
  48   1        {
  49   2          on(0);on(1); //点亮L1 L2
  50   2          P0=led;
  51   2          Delay500ms();Delay500ms();
  52   2          off(0);P0=led;Delay500ms();Delay500ms();
  53   2          off(1);P0=led;Delay500ms();Delay500ms();
  54   2        }
C51 COMPILER V9.54   LED                                                                   01/19/2025 20:41:31 PAGE 2   

  55   1      }
  56          


MODULE INFORMATION:   STATIC OVERLAYABLE
   CODE SIZE        =    112    ----
   CONSTANT SIZE    =   ----    ----
   XDATA SIZE       =   ----    ----
   PDATA SIZE       =   ----    ----
   DATA SIZE        =      1    ----
   IDATA SIZE       =   ----    ----
   BIT SIZE         =   ----    ----
END OF MODULE INFORMATION.


C51 COMPILATION COMPLETE.  0 WARNING(S),  0 ERROR(S)
