C51 COMPILER V9.60.7.0   BOOT                                                              02/27/2025 21:38:57 PAGE 1   


C51 COMPILER V9.60.7.0, COMPILATION OF MODULE BOOT
OBJECT MODULE PLACED IN .\Objects\boot.obj
COMPILER INVOKED BY: C:\Keil_v5\C51\BIN\C51.EXE boot.c OPTIMIZE(8,SPEED) BROWSE DEBUG OBJECTEXTEND PRINT(.\Listings\boot
                    -.lst) TABS(2) OBJECT(.\Objects\boot.obj)

line level    source

   1          #include "boot.h"
   2          
   3          void boot_init()
   4          {
   5   1          P0M0 = 0x00; P0M1 = 0x00; 
   6   1          P1M0 = 0x00; P1M1 = 0x00; 
   7   1          P2M0 = 0x00; P2M1 = 0x00; 
   8   1          P3M0 = 0x00; P3M1 = 0x00; 
   9   1          P4M0 = 0x00; P4M1 = 0x00; 
  10   1          P5M0 = 0x00; P5M1 = 0x00; 
  11   1          P6M0 = 0x00; P6M1 = 0x00; 
  12   1          P7M0 = 0x00; P7M1 = 0x00; 
  13   1      
  14   1          P0 = 0xFF;
  15   1          batch(4);
  16   1          batch(0);
  17   1      
  18   1          P0 = 0xFF;
  19   1          batch(6);
  20   1          batch(0);
  21   1      
  22   1          P0 = 0xAF;
  23   1          batch(5);
  24   1          batch(0);
  25   1      
  26   1          Timer2_Init();
  27   1          EA = 1;
  28   1          
  29   1      }
  30          
  31          void Timer2_Init()    //1毫秒@12.000MHz
  32          {
  33   1        AUXR &= 0xFB;     //定时器时钟12T模式
  34   1        T2L = 0x18;       //设置定时初始值
  35   1        T2H = 0xFC;       //设置定时初始值
  36   1        AUXR |= 0x10;     //定时器2开始计时
  37   1        IE2 |= 0x04;      //使能定时器2中断
  38   1      }
  39          
  40          void batch(uchar i)
  41          {
  42   1          switch (i)
  43   1          {
  44   2              case 0: {P2 = P2 & 0x1F; break;}
  45   2              case 4: {P2 = (P2 & 0x1F) | 0x80; break;}
  46   2              case 5: {P2 = (P2 & 0x1F) | 0xA0; break;}
  47   2              case 6: {P2 = (P2 & 0x1F) | 0xC0; break;}
  48   2              case 7: {P2 = (P2 & 0x1F) | 0xE0; break;}
  49   2          }
  50   1      }
  51          
  52          void Delay500ms() //@12.000MHz
  53          {
  54   1        unsigned char data i, j, k;
C51 COMPILER V9.60.7.0   BOOT                                                              02/27/2025 21:38:57 PAGE 2   

  55   1      
  56   1        _nop_();
  57   1        _nop_();
  58   1        i = 23;
  59   1        j = 205;
  60   1        k = 120;
  61   1        do
  62   1        {
  63   2          do
  64   2          {
  65   3            while (--k);
  66   3          } while (--j);
  67   2        } while (--i);
  68   1      }


MODULE INFORMATION:   STATIC OVERLAYABLE
   CODE SIZE        =    167    ----
   CONSTANT SIZE    =   ----    ----
   XDATA SIZE       =   ----    ----
   PDATA SIZE       =   ----    ----
   DATA SIZE        =   ----    ----
   IDATA SIZE       =   ----    ----
   BIT SIZE         =   ----    ----
END OF MODULE INFORMATION.


C51 COMPILATION COMPLETE.  0 WARNING(S),  0 ERROR(S)
