C51 COMPILER V9.60.7.0   MAIN                                                              02/27/2025 21:38:57 PAGE 1   


C51 COMPILER V9.60.7.0, COMPILATION OF MODULE MAIN
OBJECT MODULE PLACED IN .\Objects\main.obj
COMPILER INVOKED BY: C:\Keil_v5\C51\BIN\C51.EXE main.c OPTIMIZE(8,SPEED) BROWSE DEBUG OBJECTEXTEND PRINT(.\Listings\main
                    -.lst) TABS(2) OBJECT(.\Objects\main.obj)

line level    source

   1          #include "main.h"
   2          
   3          #define LED_TIME 10
   4          #define KEY_TIME 5
   5          #define READ_TIME 750
   6          #define ADC_TIME 1000
   7          #define TEMP_TIME 1000
   8          
   9          extern uchar seg[8];
  10          extern uchar led[8];
  11          extern uchar now_time[7];
  12          extern uchar send_time[7];
  13          
  14          char set_time[7] = {0, 0, 0, 0, 0, 0, 0};
  15          uchar adc[3] = {0, 0, 0};
  16          
  17          uchar one_tag = 99;
  18          uchar press, state, Data;
  19          uchar v;
  20          bit led_flag, key_flag, read_time_flag, set_time_flag, adc_flag, temp_flag;
  21          uint temperature;
  22          char set_time_config;
  23          
  24          void main()
  25          {
  26   1        uchar i, j, k;
  27   1        
  28   1          boot_init();
  29   1          
  30   1          for (j = 0;j < 3;j++)
  31   1          {
  32   2              Data = at2402_read(j);
  33   2              if (Data > 60)
  34   2                  send_time[j] = 55;
  35   2              else
  36   2                  send_time[j] = Data;
  37   2          }
  38   1      
  39   1          init_time();
  40   1          read_temp();
  41   1      
  42   1      
  43   1          while (1)
  44   1          {
  45   2              if (led_flag)
  46   2              {
  47   3                  led_display();
  48   3                  led_flag = 0;
  49   3              }
  50   2      
  51   2              if (key_flag)
  52   2              {
  53   3                  press = key_scan();
  54   3                  key_flag = 0;
C51 COMPILER V9.60.7.0   MAIN                                                              02/27/2025 21:38:57 PAGE 2   

  55   3      
  56   3                  if (press == 13 && state != 20)
  57   3                  {
  58   4                      state = 20;
  59   4                  }
  60   3      
  61   3                  else if (press == 7)
  62   3                  {
  63   4                      state = (state + 1) % 4;
  64   4                  }
  65   3      
  66   3                  else if(press == 19)
  67   3                  {
  68   4                      led[7] = 1;
  69   4                      at2402_write(0x00, now_time[0]);
  70   4                      Delay500ms();
  71   4                      at2402_write(0x01, now_time[1]);
  72   4                      Delay500ms();
  73   4                      at2402_write(0x02, now_time[2]);
  74   4                      Delay500ms();
  75   4                      //led[7] = 0;
  76   4                  }
  77   3      
  78   3                  else if (state == 20)
  79   3                  {
  80   4                      switch (press)
  81   4                      {
  82   5                          case 9:
  83   5                          {
  84   6                              set_time_config = (set_time_config + 1) % 3;
  85   6                          }
  86   5                          break;
  87   5      
  88   5                          case 17:
  89   5                          {
  90   6                              set_time_config--;
  91   6                              if (set_time_config == -1)
  92   6                              {
  93   7                                  set_time_config = 2;
  94   7                              }
  95   6                          }
  96   5                          break;
  97   5      
  98   5                          case 14:
  99   5                          {
 100   6                              if (set_time_config == 2)
 101   6                              {
 102   7                                  set_time[set_time_config] = (set_time[set_time_config] + 1) % 24;
 103   7                              }
 104   6                              else
 105   6                              {
 106   7                                  set_time[set_time_config] = (set_time[set_time_config] + 1) % 60;
 107   7                              }
 108   6                              
 109   6                          }
 110   5                          break;
 111   5      
 112   5                          case 12:
 113   5                          {
 114   6                              set_time[set_time_config] = (set_time[set_time_config] - 1);
 115   6      
 116   6                              if (set_time[set_time_config] == -1)
C51 COMPILER V9.60.7.0   MAIN                                                              02/27/2025 21:38:57 PAGE 3   

 117   6                              {
 118   7                                  if (set_time_config == 2)
 119   7                                      set_time[set_time_config] = 23;
 120   7                                  else
 121   7                                  {
 122   8                                      set_time[set_time_config] = 59;
 123   8                                  }
 124   7                              }
 125   6                          }
 126   5                          break; 
 127   5      
 128   5                          case 13:
 129   5                          {   
 130   6                              write_time(set_time);
 131   6      
 132   6                              read_time();
 133   6      
 134   6                              
 135   6      
 136   6                              
 137   6                              state = 0;
 138   6                              set_time_config = 0;
 139   6                              
 140   6                              
 141   6                          }
 142   5                          break;
 143   5      
 144   5                          case 33:
 145   5                          {
 146   6                              state = 0;
 147   6                              set_time_config = 0;
 148   6                          }
 149   5                      }
 150   4                  }
 151   3      
 152   3                 
 153   3              }
 154   2      
 155   2              if (read_time_flag)
 156   2              {
 157   3                  read_time();
 158   3                  read_time_flag = 0;
 159   3              }
 160   2      
 161   2              switch (state)
 162   2              {
 163   3                  // 时间
 164   3                  
 165   3                  case 0:
 166   3                  {
 167   4                      if (one_tag != 0)
 168   4                      {     
 169   5                          one_tag = 0;
 170   5      
 171   5                          led[0] = 1;
 172   5                          led[1] = 0;
 173   5                          led[2] = 0;
 174   5                          led[3] = 0;
 175   5                          led[4] = 0;
 176   5                          led[5] = 0;
 177   5                          led[6] = 0;
 178   5                          led[7] = 0;
C51 COMPILER V9.60.7.0   MAIN                                                              02/27/2025 21:38:57 PAGE 4   

 179   5                          
 180   5                          seg[2] = 17;
 181   5                          seg[5] = 17;
 182   5                      }
 183   4                      seg[0] = now_time[2] / 10;
 184   4                      seg[1] = now_time[2] % 10;
 185   4      
 186   4                      seg[3] = now_time[1] / 10;
 187   4                      seg[4] = now_time[1] % 10;
 188   4      
 189   4                      seg[6] = now_time[0] / 10;
 190   4                      seg[7] = now_time[0] % 10;
 191   4                  }
 192   3                  break;
 193   3      
 194   3                  case 20:
 195   3                  {
 196   4                      if (one_tag != 20)
 197   4                      {
 198   5                          one_tag = 20;
 199   5                          seg[2] = 17;
 200   5                          seg[5] = 17;
 201   5      
 202   5                          
 203   5                          for (i = 0;i <7;i++)
 204   5                          {
 205   6                              set_time[i] = now_time[i];
 206   6                          }
 207   5                      }
 208   4      
 209   4                      if (set_time_flag)
 210   4                      {
 211   5                          switch (set_time_config)
 212   5                          {
 213   6                              case 0:
 214   6                              {
 215   7                                  // 秒
 216   7                                  seg[6] = 16;
 217   7                                  seg[7] = 16;
 218   7                              }
 219   6                              break;
 220   6      
 221   6                              case 1:
 222   6                              {
 223   7                                  // 分
 224   7                                  seg[4] = 16;
 225   7                                  seg[3] = 16;
 226   7                              }
 227   6                              break;
 228   6      
 229   6                              case 2:
 230   6                              {
 231   7                                  // 时
 232   7                                  seg[1] = 16;
 233   7                                  seg[0] = 16;
 234   7                              }
 235   6                          }
 236   5                      }
 237   4                      else
 238   4                      {
 239   5                          // 时
 240   5                          seg[0] = set_time[2] / 10;
C51 COMPILER V9.60.7.0   MAIN                                                              02/27/2025 21:38:57 PAGE 5   

 241   5                          seg[1] = set_time[2] % 10;
 242   5                          // 分
 243   5                          seg[3] = set_time[1] / 10;
 244   5                          seg[4] = set_time[1] % 10;
 245   5                          // 秒
 246   5                          seg[6] = set_time[0] / 10;
 247   5                          seg[7] = set_time[0] % 10;
 248   5                      }
 249   4                  }
 250   3                  break;
 251   3      
 252   3                  case 1:
 253   3                  {
 254   4                      // pcf8591 ADC
 255   4                      if (adc_flag)
 256   4                      {
 257   5                          adc_flag = 0;
 258   5                          
 259   5                          led[0] = 0;
 260   5                          led[1] = 1;
 261   5                          led[2] = 0;
 262   5                          led[3] = 0;
 263   5                          led[4] = 0;
 264   5                          led[5] = 0;
 265   5                          led[6] = 0;
 266   5                          led[7] = 0;
 267   5      
 268   5                          if (one_tag != 1)
 269   5                          {
 270   6                              one_tag = 1;
 271   6                              seg[0] = 9;
 272   6                              seg[1] = 17;
 273   6                              seg[2] = 17;
 274   6                              seg[3] = 17;
 275   6                              seg[4] = 17;
 276   6                          }
 277   5                          v = pcf8591_ADC(0x01);
 278   5                                              
 279   5                          adc[0] = v / 100 % 10;
 280   5                          adc[1] = v / 10 % 10;
 281   5                          adc[2] = v % 10;
 282   5      
 283   5                          for (k = 0;k < 2;k++)
 284   5                          {
 285   6                              if (adc[k] == 0)
 286   6                              {
 287   7                                  adc[k] = 17;
 288   7                              }
 289   6                              else
 290   6                              {
 291   7                                  break;
 292   7                              }
 293   6                          }
 294   5      
 295   5                          seg[5] = adc[0];
 296   5                          seg[6] = adc[1];
 297   5                          seg[7] = adc[2];
 298   5                      }
 299   4                  }
 300   3                  break;
 301   3      
 302   3                  case 2:
C51 COMPILER V9.60.7.0   MAIN                                                              02/27/2025 21:38:57 PAGE 6   

 303   3                  {   
 304   4                      if (temp_flag)
 305   4                      {
 306   5                          temp_flag = 0;
 307   5                          if (one_tag != 2)
 308   5                          {
 309   6                              one_tag = 2;
 310   6      
 311   6                              led[0] = 0;
 312   6                              led[1] = 0;
 313   6                              led[2] = 1;
 314   6                              led[3] = 0;
 315   6                              led[4] = 0;
 316   6                              led[5] = 0;
 317   6                              led[6] = 0;
 318   6                              led[7] = 0;
 319   6      
 320   6                              seg[0] = 2;
 321   6                              seg[1] = 16;
 322   6                              seg[6] = 43;
 323   6                              seg[7] = 12;
 324   6      
 325   6                          }
 326   5                          temperature = (uint) (read_temp() * 100);
 327   5      
 328   5                          //seg[3] = temperature / 10000 % 10;
 329   5                          seg[2] = temperature / 1000 % 10;
 330   5                          seg[3] = (temperature / 100 % 10) + 32;
 331   5                          seg[4] = temperature / 10 % 10;
 332   5                          seg[5] = temperature % 10;
 333   5                      }
 334   4                  }
 335   3                  break;
 336   3      
 337   3                  // ne555
 338   3                  case 3:
 339   3                  {
 340   4      
 341   4                  }
 342   3                  break;
 343   3                  // 超声波
 344   3                  case 4:
 345   3                  {
 346   4      
 347   4                  }
 348   3                  break;
 349   3                  
 350   3                  // pwm
 351   3                  case 5:
 352   3                  {
 353   4      
 354   4                  }
 355   3                  break;
 356   3              }
 357   2          }
 358   1      }
 359          
 360          void Timer2_Isr(void) interrupt 12
 361          {
 362   1          static uchar i;
 363   1          i = (i + 1) % 30000;
 364   1          
C51 COMPILER V9.60.7.0   MAIN                                                              02/27/2025 21:38:57 PAGE 7   

 365   1          seg_display();
 366   1      
 367   1          if (i % LED_TIME == 0)
 368   1          {
 369   2              led_flag = 1;
 370   2          }
 371   1      
 372   1          if (i % KEY_TIME == 0)
 373   1          {
 374   2              key_flag = 1;
 375   2          }
 376   1      
 377   1          if (i % READ_TIME == 0)
 378   1          {
 379   2              read_time_flag = 1;
 380   2          }
 381   1      
 382   1          if (i % 5000 == 0 && state == 20)
 383   1          {
 384   2              if (set_time_flag)
 385   2              {
 386   3                  set_time_flag = 0;
 387   3              }
 388   2              else
 389   2              {
 390   3                  set_time_flag = 1;
 391   3              }
 392   2          }
 393   1      
 394   1          if (i % ADC_TIME == 0)
 395   1          {
 396   2              adc_flag = 1;
 397   2          }
 398   1      
 399   1          if (i % TEMP_TIME == 0)
 400   1          {
 401   2              temp_flag = 1;
 402   2          }
 403   1      }
 404          
 405          
 406          
 407          


MODULE INFORMATION:   STATIC OVERLAYABLE
   CODE SIZE        =   1034    ----
   CONSTANT SIZE    =   ----    ----
   XDATA SIZE       =   ----    ----
   PDATA SIZE       =   ----    ----
   DATA SIZE        =     19       1
   IDATA SIZE       =   ----    ----
   BIT SIZE         =      6    ----
END OF MODULE INFORMATION.


C51 COMPILATION COMPLETE.  0 WARNING(S),  0 ERROR(S)
