C51 COMPILER V9.54   MAIN                                                                  04/03/2022 20:52:54 PAGE 1   


C51 COMPILER V9.54, COMPILATION OF MODULE MAIN
OBJECT MODULE PLACED IN .\Objects\main.obj
COMPILER INVOKED BY: D:\Keil5\C51\BIN\C51.EXE main.c OPTIMIZE(8,SPEED) BROWSE DEBUG OBJECTEXTEND PRINT(.\Listings\main.l
                    -st) OBJECT(.\Objects\main.obj)

line level    source

   1          #include "main.h"
   2          #define ge(x)  x%10
   3          #define shi(x) x/10%10
   4          #define bai(x) x/100%10
   5          #define f_ad   (int)(sum/5/255.0*500)
   6          #define t_pam  (int)((param/10.0)*51)
   7          
   8          u8 n,num,a,ad,cnt,err_key,mode=1;
   9          u8 uLed=0xff,L1=1,L2,L3;
  10          u8 n_mea;
  11          u16 sum;
  12          u16 cnt1;
  13          char param=0,tmp_param;
  14          bit key_flag,v_mea,flag,l1_flag,led_flag;
  15          
  16          void Volt_Show();
  17          void Param_Set();
  18          void Cnt_Show();
  19          void led_show();
  20          
  21          void main(){
  22   1              Sys_Init();
  23   1              AT24C02_Read(0x01);
  24   1              AT24C02_Read(0x02);
  25   1              param = AT24C02_Read(0x00);
  26   1              if(param>50){
  27   2                      param=20;
  28   2                      AT24C02_Write(0x00,20);
  29   2              }
  30   1              Timer0Init();
  31   1              while(1){
  32   2                      if(key_flag){
  33   3                              key_flag=0;
  34   3                              num = Key_Scan();
  35   3                      }
  36   2                      
  37   2                      if(v_mea){
  38   3                              ET0=0;
  39   3                              ad = PCF8591_Read(0x03);
  40   3                              ET0=1;
  41   3                              n_mea++;
  42   3                              sum+=ad;
  43   3                              if(n_mea==5){
  44   4                                      n_mea=0;
  45   4                                      if(mode==1)
  46   4                                      Seg_Set(25,16,16,16,16,bai(f_ad)+32,shi(f_ad),ge(f_ad));
  47   4                                      sum=0;
  48   4                              }
  49   3                              v_mea = 0;
  50   3                      }
  51   2                      
  52   2                      switch(mode){
  53   3                              case 1:Volt_Show();break;
  54   3                              case 2:Param_Set();break;
C51 COMPILER V9.54   MAIN                                                                  04/03/2022 20:52:54 PAGE 2   

  55   3                              case 3:Cnt_Show();break;
  56   3                      }
  57   2                      
  58   2                      //ÏÂ½µÑØ´¥·¢
  59   2                      
  60   2                      if(ad>t_pam&&flag==0){
  61   3                              flag=1;
  62   3                      }
  63   2                      if(flag==1){
  64   3                              if(ad<t_pam){
  65   4                                      flag=0;
  66   4                                      cnt++;
  67   4                              }
  68   3                      }       
  69   2                      
  70   2                      
  71   2                      
  72   2                      if(led_flag){
  73   3                              led_flag=0;
  74   3                              led_show();
  75   3                      }
  76   2                      
  77   2      
  78   2              }
  79   1      }
  80          
  81          void Volt_Show(){
  82   1              if(num==12){
  83   2                      err_key=0;
  84   2                      mode =2;
  85   2                      tmp_param=param;
  86   2                      num=0;
  87   2              }
  88   1              if(num!=12&&num!=0){
  89   2                      err_key++;
  90   2                      num=0;
  91   2              }
  92   1              
  93   1      }
  94          
  95          void Param_Set(){
  96   1              if(num==12){
  97   2                      num=0;
  98   2                      flag=0;
  99   2                      err_key=0;
 100   2                      param=tmp_param;
 101   2                      mode=3;
 102   2                      //´æ´¢Æ÷´æ´¢Êý¾Ý
 103   2                      AT24C02_Write(0x00,param);
 104   2              }
 105   1              if(num==16){
 106   2                      err_key=0;
 107   2                      tmp_param+=5;
 108   2                      if(tmp_param>50)tmp_param=0;
 109   2                      num=0;
 110   2              }
 111   1              if(num==17){
 112   2                      err_key=0;
 113   2                      num=0;
 114   2                      tmp_param-=5;
 115   2                      if(tmp_param<0)tmp_param=50;
 116   2              }
C51 COMPILER V9.54   MAIN                                                                  04/03/2022 20:52:54 PAGE 3   

 117   1              if(num!=12&&num!=16&&num!=17&&num!=0){
 118   2                      err_key++;
 119   2                      num=0;
 120   2              }
 121   1              Seg_Set(24,16,16,16,16,shi(tmp_param)+32,ge(tmp_param),0);
 122   1      }
 123          
 124          void Cnt_Show(){
 125   1              if(num==12){
 126   2                      err_key=0;
 127   2                      num=0;
 128   2                      mode =1;
 129   2              }
 130   1              if(num==13){
 131   2                      err_key=0;
 132   2                      num=0;
 133   2                      cnt=0;
 134   2              }
 135   1              if(num!=12&&num!=13&&num!=0){
 136   2                      err_key++;
 137   2                      num=0;
 138   2              }
 139   1              Seg_Set(22,16,16,16,16,16,shi(cnt),ge(cnt));
 140   1      }
 141          
 142          void led_show(){
 143   1              if(ad<t_pam){
 144   2                      l1_flag=1;
 145   2              }
 146   1              else if(ad>=t_pam){
 147   2                      l1_flag=0;
 148   2                      cnt1=0;
 149   2                      L1 = 1;
 150   2              }
 151   1              
 152   1              if(cnt%2==1)L2=0;
 153   1              else if(cnt%2!=1)L2=1;
 154   1              
 155   1              if(err_key>=3)L3=0;
 156   1              else if(err_key<3)L3=1;
 157   1              
 158   1              uLed = 0xf8 | ((L3<<2) | (L2<<1) | L1);
 159   1              
 160   1              ET0 = 0;
 161   1              P0 = 0xff;
 162   1              P0 = uLed;
 163   1              Y4;Y0;
 164   1              ET0 = 1;
 165   1      }       
 166          
 167          u8 n1,n2;
 168          void T0_Int() interrupt 1{
 169   1              Seg_Show();
 170   1              n++;
 171   1              n2++;
 172   1              n1++;
 173   1              
 174   1              if(n>=10){
 175   2                      n=0;
 176   2                      key_flag=1;
 177   2                      
 178   2              }
C51 COMPILER V9.54   MAIN                                                                  04/03/2022 20:52:54 PAGE 4   

 179   1              if(n1>=20){
 180   2                      v_mea = 1;
 181   2                      
 182   2                      n1=0;
 183   2              }
 184   1              if(n2>=20){
 185   2                      led_flag=1;
 186   2                      n2 = 0;
 187   2              }
 188   1              
 189   1              if(l1_flag){
 190   2                      cnt1++;
 191   2                      if(cnt1>=5000){
 192   3                              cnt1=0;
 193   3                              L1 = 0;
 194   3                      }       
 195   2              }
 196   1              
 197   1      }


MODULE INFORMATION:   STATIC OVERLAYABLE
   CODE SIZE        =   1000    ----
   CONSTANT SIZE    =   ----    ----
   XDATA SIZE       =   ----    ----
   PDATA SIZE       =   ----    ----
   DATA SIZE        =     20    ----
   IDATA SIZE       =   ----    ----
   BIT SIZE         =      5    ----
END OF MODULE INFORMATION.


C51 COMPILATION COMPLETE.  0 WARNING(S),  0 ERROR(S)
