C51 COMPILER V9.54   DS1302                                                                01/12/2023 21:57:07 PAGE 1   


C51 COMPILER V9.54, COMPILATION OF MODULE DS1302
OBJECT MODULE PLACED IN .\Objects\ds1302.obj
COMPILER INVOKED BY: D:\Keil5\C51\BIN\C51.EXE ds1302.c OPTIMIZE(8,SPEED) BROWSE DEBUG OBJECTEXTEND PRINT(.\Listings\ds13
                    -02.lst) OBJECT(.\Objects\ds1302.obj)

line level    source

   1          #include "ds1302.h"                                                                     
   2          
   3          //写字节
   4          void Write_Ds1302(unsigned  char temp) 
   5          {
   6   1              unsigned char i;
   7   1              for (i=0;i<8;i++)       
   8   1              { 
   9   2                      SCK = 0;
  10   2                      SDA = temp&0x01;
  11   2                      temp>>=1; 
  12   2                      SCK=1;
  13   2              }
  14   1      }   
  15          
  16          //向DS1302寄存器写入数据
  17          void Write_Ds1302_Byte( unsigned char address,unsigned char dat )     
  18          {
  19   1              RST=0;  _nop_();
  20   1              SCK=0;  _nop_();
  21   1              RST=1;  _nop_();  
  22   1              Write_Ds1302(address);  
  23   1              Write_Ds1302(dat);              
  24   1              RST=0; 
  25   1      }
  26          
  27          //从DS1302寄存器读出数据
  28          unsigned char Read_Ds1302_Byte ( unsigned char address )
  29          {
  30   1              unsigned char i,temp=0x00;
  31   1              RST=0;  _nop_();
  32   1              SCK=0;  _nop_();
  33   1              RST=1;  _nop_();
  34   1              Write_Ds1302(address);
  35   1              for (i=0;i<8;i++)       
  36   1              {               
  37   2                      SCK=0;
  38   2                      temp>>=1;       
  39   2                      if(SDA)
  40   2                      temp|=0x80;     
  41   2                      SCK=1;
  42   2              } 
  43   1              RST=0;  _nop_();
  44   1              SCK=0;  _nop_();
  45   1              SCK=1;  _nop_();
  46   1              SDA=0;  _nop_();
  47   1              SDA=1;  _nop_();
  48   1              return (temp);                  
  49   1      }
  50          
  51          void Ds1302_Settime(u8 nian,yue,ri,zhou,shi,fen,miao){
  52   1              Write_Ds1302_Byte(0x8e,0);
  53   1              Write_Ds1302_Byte(0x80,miao);
  54   1              Write_Ds1302_Byte(0x82,fen);
C51 COMPILER V9.54   DS1302                                                                01/12/2023 21:57:07 PAGE 2   

  55   1              Write_Ds1302_Byte(0x84,shi);
  56   1              Write_Ds1302_Byte(0x86,ri);
  57   1              Write_Ds1302_Byte(0x88,yue);
  58   1              Write_Ds1302_Byte(0x8a,zhou);
  59   1              Write_Ds1302_Byte(0x8c,nian);
  60   1              Write_Ds1302_Byte(0x8e,0x80);
  61   1      }
  62                  
  63          u8 Ds1302_Readtime(unsigned char address){
  64   1              u8 a;
  65   1              a = Read_Ds1302_Byte(address);//拿到BCD码
  66   1              a = a/16*10+a%16;
  67   1              return a;
  68   1      }


MODULE INFORMATION:   STATIC OVERLAYABLE
   CODE SIZE        =    176    ----
   CONSTANT SIZE    =   ----    ----
   XDATA SIZE       =   ----    ----
   PDATA SIZE       =   ----    ----
   DATA SIZE        =   ----      13
   IDATA SIZE       =   ----    ----
   BIT SIZE         =   ----    ----
END OF MODULE INFORMATION.


C51 COMPILATION COMPLETE.  0 WARNING(S),  0 ERROR(S)
