C51 COMPILER V9.54   MAIN                                                                  01/12/2023 22:16:37 PAGE 1   


C51 COMPILER V9.54, COMPILATION OF MODULE MAIN
OBJECT MODULE PLACED IN .\Objects\main.obj
COMPILER INVOKED BY: D:\Keil5\C51\BIN\C51.EXE main.c OPTIMIZE(8,SPEED) BROWSE DEBUG OBJECTEXTEND PRINT(.\Listings\main.l
                    -st) OBJECT(.\Objects\main.obj)

line level    source

   1          #include "main.h"
   2          #define s(x) x/10
   3          #define g(x) x%10
   4          
   5          u8 t;//计时秒
   6          u16 cnt;//定时器0计数
   7          u8 num;//接按键值
   8          u8 nian,yue,ri,zhou,shi,fen,miao;
   9          bit key_flag,led_flag,read_flag;
  10          void main(){
  11   1              Sys_Init();
  12   1              Ds1302_Settime(0x23,0x01,0x12,0x04,0x23,0x59,0x50);
  13   1              Timer0Init();
  14   1              
  15   1              while(1){
  16   2                      if(key_flag){
  17   3                              key_flag=0;
  18   3                              num=Key_Scan();
  19   3                      }
  20   2                      if(read_flag){
  21   3                              read_flag=0;
  22   3                              nian = Ds1302_Readtime(0x8d);
  23   3                              zhou = Ds1302_Readtime(0x8b);
  24   3                              yue = Ds1302_Readtime(0x89);
  25   3                              ri = Ds1302_Readtime(0x87);
  26   3                              shi = Ds1302_Readtime(0x85);
  27   3                              fen = Ds1302_Readtime(0x83);
  28   3                              miao = Ds1302_Readtime(0x81);
  29   3                              if(t<2)
  30   3                                      Seg_Set(2,0,s(nian),g(nian)+32,g(yue)+32,s(ri),g(ri)+32,16);
  31   3                              else if(t<4)
  32   3                                      Seg_Set(16,16,16,16,16,16,17,g(zhou));
  33   3                              else 
  34   3                                      Seg_Set(s(shi),g(shi),17,s(fen),g(fen),17,s(miao),g(miao));
  35   3                      }
  36   2      
  37   2                      
  38   2              }
  39   1      }                       
  40          
  41          
  42          void Timer0_Int() interrupt 1{
  43   1              Seg_Show();
  44   1              cnt++;
  45   1              if(cnt%20==0)key_flag=1;
  46   1              if(cnt%50==0)led_flag=1;
  47   1              if(cnt%100==0)read_flag=1;//100ms读一次DS1302时钟数据
  48   1              if(cnt%1000==0){
  49   2                      t++;
  50   2                      t%=8;
  51   2              }
  52   1              cnt%=1000;
  53   1      }

C51 COMPILER V9.54   MAIN                                                                  01/12/2023 22:16:37 PAGE 2   


MODULE INFORMATION:   STATIC OVERLAYABLE
   CODE SIZE        =    478    ----
   CONSTANT SIZE    =   ----    ----
   XDATA SIZE       =   ----    ----
   PDATA SIZE       =   ----    ----
   DATA SIZE        =     11    ----
   IDATA SIZE       =   ----    ----
   BIT SIZE         =      3    ----
END OF MODULE INFORMATION.


C51 COMPILATION COMPLETE.  0 WARNING(S),  0 ERROR(S)
