C51 COMPILER V9.54   CSB                                                                   01/28/2023 16:47:28 PAGE 1   


C51 COMPILER V9.54, COMPILATION OF MODULE CSB
OBJECT MODULE PLACED IN .\Objects\csb.obj
COMPILER INVOKED BY: D:\Keil5\C51\BIN\C51.EXE csb.c OPTIMIZE(8,SPEED) BROWSE DEBUG OBJECTEXTEND PRINT(.\Listings\csb.lst
                    -) OBJECT(.\Objects\csb.obj)

line level    source

   1          #include "csb.h"
   2          #include "intrins.h"
   3          sbit Tx = P1^0;
   4          sbit Rx = P1^1;
   5          
   6          
   7          void csb_timer_init(void)               //1毫秒@12.000MHz
   8          {
   9   1              AUXR &= 0xBF;           //定时器时钟12T模式
  10   1              TMOD &= 0x0F;           //设置定时器模式
  11   1              TL1 = 0;                //设置定时初值
  12   1              TH1 = 0;                //设置定时初值
  13   1              TF1 = 0;                //清除TF1标志
  14   1              TR1 = 0;                //定时器1关闭计时
  15   1      }
  16          void Delay10us()                //@12.000MHz
  17          {
  18   1              unsigned char i;
  19   1      
  20   1              _nop_();
  21   1              _nop_();
  22   1              i = 27;
  23   1              while (--i);
  24   1      }
  25          
  26          u8 csb_measure(){
  27   1              u8 i;
  28   1              u8 dis;
  29   1              for(i=0;i<10;i++){
  30   2                      Tx=1;
  31   2                      Delay10us();
  32   2                      Tx=0;
  33   2                      Delay10us();
  34   2              }
  35   1              TR1=1;
  36   1              while(Rx && !TF1);
  37   1              TR1=0;
  38   1              
  39   1              if(TF1){
  40   2                      TF1=0;
  41   2                      dis=255;
  42   2              }
  43   1              else
  44   1                      dis = (TH1*256+TL1)*0.017;
  45   1              
  46   1              TH1=0;
  47   1              TL1=0;
  48   1              return dis;
  49   1      }


MODULE INFORMATION:   STATIC OVERLAYABLE
   CODE SIZE        =    100    ----
   CONSTANT SIZE    =   ----    ----
C51 COMPILER V9.54   CSB                                                                   01/28/2023 16:47:28 PAGE 2   

   XDATA SIZE       =   ----    ----
   PDATA SIZE       =   ----    ----
   DATA SIZE        =   ----    ----
   IDATA SIZE       =   ----    ----
   BIT SIZE         =   ----    ----
END OF MODULE INFORMATION.


C51 COMPILATION COMPLETE.  0 WARNING(S),  0 ERROR(S)
