C51 COMPILER V9.60.7.0   BOOT                                                              04/01/2025 09:28:41 PAGE 1   


C51 COMPILER V9.60.7.0, COMPILATION OF MODULE BOOT
OBJECT MODULE PLACED IN .\Objects\boot.obj
COMPILER INVOKED BY: C:\Keil_v5\C51\BIN\C51.EXE boot.c OPTIMIZE(8,SPEED) BROWSE DEBUG OBJECTEXTEND PRINT(.\Listings\boot
                    -.lst) TABS(2) OBJECT(.\Objects\boot.obj)

line level    source

   1          #include "boot.h"
   2          
   3          
   4          
   5          void boot_init()
   6          {
   7   1          P0M1 = 0;   P0M0 = 0;   //设置为准双向口
   8   1          P1M1 = 0;   P1M0 = 0;   //设置为准双向口
   9   1          P2M1 = 0;   P2M0 = 0;   //设置为准双向口
  10   1          P3M1 = 0;   P3M0 = 0;   //设置为准双向口
  11   1          P4M1 = 0;   P4M0 = 0;   //设置为准双向口
  12   1          P5M1 = 0;   P5M0 = 0;   //设置为准双向口
  13   1          P6M1 = 0;   P6M0 = 0;   //设置为准双向口
  14   1          P7M1 = 0;   P7M0 = 0;   //设置为准双向口
  15   1      
  16   1          P0 = 0xFF;
  17   1          latch(4);
  18   1          latch(7);
  19   1          latch(0);
  20   1      
  21   1          P0 = 0xAF;
  22   1          latch(5);
  23   1          latch(0);
  24   1      
  25   1          P0 = 0x00;
  26   1          latch(6);
  27   1          latch(0);
  28   1      
  29   1          timer_0();
  30   1          timer_1();
  31   1      
  32   1          EA = 1;
  33   1      }
  34          
  35          void timer_0()
  36          {
  37   1          AUXR &= 0x7F;     //定时器时钟12T模式
  38   1        TMOD &= 0xF0;     //设置定时器模式
  39   1        TL0 = 0x18;       //设置定时初始值
  40   1        TH0 = 0xFC;       //设置定时初始值
  41   1        TF0 = 0;        //清除TF0标志
  42   1        TR0 = 1;        //定时器0开始计时
  43   1        ET0 = 1;        //使能定时器0中断
  44   1      }
  45          
  46          
  47          
  48          void timer_1()  // 1ms
  49          {
  50   1          AUXR |= 0x40;     //定时器时钟1T模式
  51   1        TMOD &= 0x0F;     //设置定时器模式
  52   1        TL1 = 0x20;       //设置定时初始值
  53   1        TH1 = 0xD1;       //设置定时初始值
  54   1        TF1 = 0;        //清除TF1标志
C51 COMPILER V9.60.7.0   BOOT                                                              04/01/2025 09:28:41 PAGE 2   

  55   1        TR1 = 1;        //定时器1开始计时
  56   1        ET1 = 1;        //使能定时器1中断
  57   1      }
  58          
  59          void latch(char i)
  60          {
  61   1          switch (i)
  62   1          {
  63   2              case 0:{P2 = P2 & 0x1F; break; }
  64   2              case 4: {P2 = (P2 & 0x1F) | 0x80; break; }
  65   2              case 5: {P2 = (P2 & 0x1F) | 0xA0; break; }
  66   2              case 6: {P2 = (P2 & 0x1F) | 0xC0; break; }
  67   2              case 7: {P2 = (P2 & 0x1F) | 0xE0; break; }
  68   2          }
  69   1      }
  70          
  71          void Delay14us(void)  //@12.000MHz
  72          {
  73   1        unsigned char data i;
  74   1      
  75   1        _nop_();
  76   1        _nop_();
  77   1        i = 39;
  78   1        while (--i);
  79   1      }
  80          


MODULE INFORMATION:   STATIC OVERLAYABLE
   CODE SIZE        =    189    ----
   CONSTANT SIZE    =   ----    ----
   XDATA SIZE       =   ----    ----
   PDATA SIZE       =   ----    ----
   DATA SIZE        =   ----    ----
   IDATA SIZE       =   ----    ----
   BIT SIZE         =   ----    ----
END OF MODULE INFORMATION.


C51 COMPILATION COMPLETE.  0 WARNING(S),  0 ERROR(S)
