C51 COMPILER V9.60.7.0   LED                                                               04/01/2025 09:28:41 PAGE 1   


C51 COMPILER V9.60.7.0, COMPILATION OF MODULE LED
OBJECT MODULE PLACED IN .\Objects\led.obj
COMPILER INVOKED BY: C:\Keil_v5\C51\BIN\C51.EXE led.c OPTIMIZE(8,SPEED) BROWSE DEBUG OBJECTEXTEND PRINT(.\Listings\led.l
                    -st) TABS(2) OBJECT(.\Objects\led.obj)

line level    source

   1          #include "led.h"
   2          
   3          
   4          uchar led_value[8] = {0, 0, 0, 0, 0 ,0 ,0 ,0};
   5          
   6          void led(uchar i, bit state)
   7          {
   8   1          static uchar temp;
   9   1          static uchar last = 0xFF;
  10   1      
  11   1          if (state)
  12   1          {
  13   2              temp = temp | (0x01 << i);
  14   2          }
  15   1          else
  16   1          {
  17   2              temp = temp & ~(0x01 << i);
  18   2          }
  19   1      
  20   1          if (temp != last)
  21   1          {
  22   2              P0 = ~temp;
  23   2              latch(4);
  24   2              latch(0);
  25   2      
  26   2              last = temp;
  27   2          }
  28   1      }
  29          
  30          void led_display()
  31          {
  32   1          static uchar i;
  33   1      
  34   1          led(i,led_value[i]);
  35   1          i = (i + 1) % 8;
  36   1      }


MODULE INFORMATION:   STATIC OVERLAYABLE
   CODE SIZE        =     80    ----
   CONSTANT SIZE    =   ----    ----
   XDATA SIZE       =   ----    ----
   PDATA SIZE       =   ----    ----
   DATA SIZE        =     11    ----
   IDATA SIZE       =   ----    ----
   BIT SIZE         =   ----       1
END OF MODULE INFORMATION.


C51 COMPILATION COMPLETE.  0 WARNING(S),  0 ERROR(S)
