C51 COMPILER V9.60.7.0   IIC                                                               03/22/2025 17:50:39 PAGE 1   


C51 COMPILER V9.60.7.0, COMPILATION OF MODULE IIC
OBJECT MODULE PLACED IN iic.obj
COMPILER INVOKED BY: C:\Keil_v5\C51\BIN\C51.EXE code\iic.c OPTIMIZE(8,SPEED) BROWSE DEBUG OBJECTEXTEND PRINT(.\iic.lst) 
                    -TABS(2) OBJECT(iic.obj)

line level    source

   1          #include "iic.h"
   2          
   3          sbit scl = P2^0;
   4          sbit sda = P2^1;
   5          
   6          #define DELAY_TIME  10
   7          
   8          //
   9          static void I2C_Delay(unsigned char n)
  10          {
  11   1          do
  12   1          {
  13   2              _nop_();_nop_();_nop_();_nop_();_nop_();
  14   2              _nop_();_nop_();_nop_();_nop_();_nop_();
  15   2              _nop_();_nop_();_nop_();_nop_();_nop_();    
  16   2          }
  17   1          while(n--);       
  18   1      }
  19          
  20          //
  21          void I2CStart(void)
  22          {
  23   1          sda = 1;
  24   1          scl = 1;
  25   1        I2C_Delay(DELAY_TIME);
  26   1          sda = 0;
  27   1        I2C_Delay(DELAY_TIME);
  28   1          scl = 0;    
  29   1      }
  30          
  31          //
  32          void I2CStop(void)
  33          {
  34   1          sda = 0;
  35   1          scl = 1;
  36   1        I2C_Delay(DELAY_TIME);
  37   1          sda = 1;
  38   1        I2C_Delay(DELAY_TIME);
  39   1      }
  40          
  41          //
  42          void I2CSendByte(unsigned char byt)
  43          {
  44   1          unsigned char i;
  45   1        
  46   1          for(i=0; i<8; i++){
  47   2              scl = 0;
  48   2          I2C_Delay(DELAY_TIME);
  49   2              if(byt & 0x80){
  50   3                  sda = 1;
  51   3              }
  52   2              else{
  53   3                  sda = 0;
  54   3              }
C51 COMPILER V9.60.7.0   IIC                                                               03/22/2025 17:50:39 PAGE 2   

  55   2          I2C_Delay(DELAY_TIME);
  56   2              scl = 1;
  57   2              byt <<= 1;
  58   2          I2C_Delay(DELAY_TIME);
  59   2          }
  60   1        
  61   1          scl = 0;  
  62   1      }
  63          
  64          //
  65          //unsigned char I2CReceiveByte(void)
  66          //{
  67          //  unsigned char da;
  68          //  unsigned char i;
  69          //  for(i=0;i<8;i++){   
  70          //    scl = 1;
  71          //    I2C_Delay(DELAY_TIME);
  72          //    da <<= 1;
  73          //    if(sda) 
  74          //      da |= 0x01;
  75          //    scl = 0;
  76          //    I2C_Delay(DELAY_TIME);
  77          //  }
  78          //  return da;    
  79          //}
  80          
  81          //
  82          unsigned char I2CWaitAck(void)
  83          {
  84   1        unsigned char ackbit;
  85   1        
  86   1          scl = 1;
  87   1        I2C_Delay(DELAY_TIME);
  88   1          ackbit = sda; 
  89   1          scl = 0;
  90   1        I2C_Delay(DELAY_TIME);
  91   1        
  92   1        return ackbit;
  93   1      }
  94          
  95          //
  96          //void I2CSendAck(unsigned char ackbit)
  97          //{
  98          //    scl = 0;
  99          //    sda = ackbit; 
 100          //  I2C_Delay(DELAY_TIME);
 101          //    scl = 1;
 102          //  I2C_Delay(DELAY_TIME);
 103          //    scl = 0; 
 104          //  sda = 1;
 105          //  I2C_Delay(DELAY_TIME);
 106          //}
 107          
 108          void DAC(uchar value)
 109          {
 110   1        I2CStart();
 111   1      
 112   1        I2CSendByte(0x90);
 113   1        I2CWaitAck();
 114   1      
 115   1        I2CSendByte(0x40);
 116   1        I2CWaitAck();
C51 COMPILER V9.60.7.0   IIC                                                               03/22/2025 17:50:39 PAGE 3   

 117   1      
 118   1        I2CSendByte(value);
 119   1        I2CWaitAck();
 120   1      
 121   1        I2CStop();  
 122   1      }
 123          
 124          


MODULE INFORMATION:   STATIC OVERLAYABLE
   CODE SIZE        =    144    ----
   CONSTANT SIZE    =   ----    ----
   XDATA SIZE       =   ----    ----
   PDATA SIZE       =   ----    ----
   DATA SIZE        =   ----    ----
   IDATA SIZE       =   ----    ----
   BIT SIZE         =   ----    ----
END OF MODULE INFORMATION.


C51 COMPILATION COMPLETE.  0 WARNING(S),  0 ERROR(S)
