C51 COMPILER V9.60.7.0   LED                                                               03/22/2025 17:50:39 PAGE 1   


C51 COMPILER V9.60.7.0, COMPILATION OF MODULE LED
OBJECT MODULE PLACED IN led.obj
COMPILER INVOKED BY: C:\Keil_v5\C51\BIN\C51.EXE code\led.c OPTIMIZE(8,SPEED) BROWSE DEBUG OBJECTEXTEND PRINT(.\led.lst) 
                    -TABS(2) OBJECT(led.obj)

line level    source

   1          #include "led.h"
   2          
   3          uchar led_value[8] = {0, 0, 0, 0, 0, 0, 0, 0};
   4          
   5          void led(uchar i,bit state)
   6          {
   7   1        static uchar last= 0xFF, temp;
   8   1      
   9   1        if (state)
  10   1        {
  11   2          temp = temp | (0x01 << i);
  12   2        }
  13   1        else
  14   1        {
  15   2          temp = temp & ~(0x01 << i);
  16   2        }       
  17   1        
  18   1        if (last != temp)
  19   1        {
  20   2          P0 = ~temp;
  21   2          latch(4);
  22   2          latch(0);
  23   2          
  24   2          last = temp; 
  25   2        }      
  26   1      }
  27          
  28          
  29          void led_display(void)
  30          {
  31   1        static uchar i;
  32   1        led(i,led_value[i]);
  33   1      
  34   1        i = (i + 1) % 8;
  35   1      }


MODULE INFORMATION:   STATIC OVERLAYABLE
   CODE SIZE        =     80    ----
   CONSTANT SIZE    =   ----    ----
   XDATA SIZE       =   ----    ----
   PDATA SIZE       =   ----    ----
   DATA SIZE        =     11    ----
   IDATA SIZE       =   ----    ----
   BIT SIZE         =   ----       1
END OF MODULE INFORMATION.


C51 COMPILATION COMPLETE.  0 WARNING(S),  0 ERROR(S)
