C51 COMPILER V9.59.0.0   18B20                                                             04/03/2024 20:18:58 PAGE 1   


C51 COMPILER V9.59.0.0, COMPILATION OF MODULE 18B20
OBJECT MODULE PLACED IN .\Objects\18B20.obj
COMPILER INVOKED BY: C:\Keil_v5\C51\BIN\C51.EXE 18B20.c OPTIMIZE(8,SPEED) BROWSE DEBUG OBJECTEXTEND PRINT(.\Listings\18B
                    -20.lst) TABS(2) OBJECT(.\Objects\18B20.obj)

line level    source

   1          #include "18B20.h"
   2          
   3          
   4          bit init_ds18b20(void)
   5          {
*** ERROR C132 IN LINE 5 OF 18B20.c: 'init_ds18b20': not in formal parameter list
*** ERROR C141 IN LINE 5 OF 18B20.c: syntax error near '{', expected ';'
   6              bit initflag = 0;
*** ERROR C244 IN LINE 6 OF 18B20.c: 'initflag': can't initialize, bad type or class
*** ERROR C132 IN LINE 6 OF 18B20.c: 'initflag': not in formal parameter list
   7              
   8              DQ = 1;
*** ERROR C244 IN LINE 8 OF 18B20.c: 'DQ': can't initialize, bad type or class
*** ERROR C132 IN LINE 8 OF 18B20.c: 'DQ': not in formal parameter list
   9              Delay_OneWire(12);
*** ERROR C141 IN LINE 9 OF 18B20.c: syntax error near '12', expected 'bit'
*** ERROR C132 IN LINE 9 OF 18B20.c: 'Delay_OneWire': not in formal parameter list
  10              DQ = 0;
*** ERROR C244 IN LINE 10 OF 18B20.c: 'DQ': can't initialize, bad type or class
*** ERROR C132 IN LINE 10 OF 18B20.c: 'DQ': not in formal parameter list
  11              Delay_OneWire(80);
*** ERROR C141 IN LINE 11 OF 18B20.c: syntax error near '80', expected 'bit'
*** ERROR C132 IN LINE 11 OF 18B20.c: 'Delay_OneWire': not in formal parameter list
  12              DQ = 1;
*** ERROR C244 IN LINE 12 OF 18B20.c: 'DQ': can't initialize, bad type or class
*** ERROR C132 IN LINE 12 OF 18B20.c: 'DQ': not in formal parameter list
  13              Delay_OneWire(10); 
*** ERROR C141 IN LINE 13 OF 18B20.c: syntax error near '10', expected 'bit'
*** ERROR C132 IN LINE 13 OF 18B20.c: 'Delay_OneWire': not in formal parameter list
  14              initflag = DQ;     
*** ERROR C244 IN LINE 14 OF 18B20.c: 'initflag': can't initialize, bad type or class
*** ERROR C202 IN LINE 14 OF 18B20.c: 'DQ': undefined identifier
*** ERROR C132 IN LINE 14 OF 18B20.c: 'initflag': not in formal parameter list
  15              Delay_OneWire(5);
*** ERROR C141 IN LINE 15 OF 18B20.c: syntax error near '5', expected 'bit'
*** ERROR C132 IN LINE 15 OF 18B20.c: 'Delay_OneWire': not in formal parameter list
  16            
  17              return initflag;
*** ERROR C141 IN LINE 17 OF 18B20.c: syntax error near 'return', expected 'hdata'
  18          }
*** ERROR C141 IN LINE 18 OF 18B20.c: syntax error near '}', expected 'hdata'
  19          
  20          
  21          
  22          
  23          
  24          float read_temp()
  25          {
  26   1        uchar low,high;
  27   1        uint temp;
  28   1        init_ds18b20();
  29   1        Write_DS18B20(0xcc);
  30   1        Write_DS18B20(0x44);
  31   1        Delay_OneWire(200);
C51 COMPILER V9.59.0.0   18B20                                                             04/03/2024 20:18:58 PAGE 2   

  32   1        
  33   1        init_ds18b20();
  34   1        Write_DS18B20(0xcc);
  35   1        Write_DS18B20(0xbe);
  36   1        low=Read_DS18B20();
  37   1        high=Read_DS18B20();
  38   1        temp=high<<8|low;
  39   1        return temp/16.0;
  40   1      }

C51 COMPILATION COMPLETE.  0 WARNING(S),  23 ERROR(S)
