C51 COMPILER V9.59.0.0   LED                                                               04/03/2024 20:39:33 PAGE 1   


C51 COMPILER V9.59.0.0, COMPILATION OF MODULE LED
OBJECT MODULE PLACED IN .\Objects\led.obj
COMPILER INVOKED BY: C:\Keil_v5\C51\BIN\C51.EXE led.c OPTIMIZE(8,SPEED) BROWSE DEBUG OBJECTEXTEND PRINT(.\Listings\led.l
                    -st) TABS(2) OBJECT(.\Objects\led.obj)

line level    source

   1          #include "led.h"
   2          
   3          
   4          void led(uchar p,bit state)
   5          {
   6   1      static uchar led_temp=0x00;
   7   1      static uchar last_temp=0xff;
   8   1        if(1==state)
   9   1        {
  10   2         led_temp|=1<<p;     //置1第n位
  11   2        }
  12   1        else
  13   1        {
  14   2         led_temp&=~(1<<p); // 清0第n位
  15   2        }
  16   1        if(led_temp!=last_temp)
  17   1        {
  18   2          P0=~led_temp;Y4;Y0;
  19   2          last_temp=led_temp;
  20   2        }
  21   1      }
  22          
  23          void wmq(uchar d,bit state)    //   0 嗡鸣器叫
  24          {
  25   1       static uchar wmq_temp=0x00;
  26   1        static uchar last_temp=0xff;
  27   1        if(1==state)
  28   1        {
  29   2         wmq_temp|=1<<d;
  30   2        }
  31   1        else
  32   1        {
  33   2         wmq_temp&=~(1<<d);
  34   2        }
  35   1        if(wmq_temp!=last_temp)
  36   1        {
  37   2          P0=~wmq_temp;Y5;Y0;
  38   2          last_temp=wmq_temp;
  39   2        }
  40   1      }


MODULE INFORMATION:   STATIC OVERLAYABLE
   CODE SIZE        =    116    ----
   CONSTANT SIZE    =   ----    ----
   XDATA SIZE       =   ----    ----
   PDATA SIZE       =   ----    ----
   DATA SIZE        =      4    ----
   IDATA SIZE       =   ----    ----
   BIT SIZE         =   ----       2
END OF MODULE INFORMATION.


C51 COMPILATION COMPLETE.  0 WARNING(S),  0 ERROR(S)
