C51 COMPILER V9.60.7.0   BOOT                                                              01/23/2026 02:05:55 PAGE 1   


C51 COMPILER V9.60.7.0, COMPILATION OF MODULE BOOT
OBJECT MODULE PLACED IN .\Objects\boot.obj
COMPILER INVOKED BY: C:\Keil_v5\C51\BIN\C51.EXE main\boot.c OPTIMIZE(8,SPEED) BROWSE INCDIR(.\include) DEBUG OBJECTEXTEN
                    -D PRINT(.\Listings\boot.lst) TABS(2) OBJECT(.\Objects\boot.obj)

line level    source

   1          #include "boot.h"
   2          
   3          void boot_init()
   4          {
   5   1          P0M0 = 0x00; P0M1 = 0x00; 
   6   1          P1M0 = 0x00; P1M1 = 0x00; 
   7   1          P2M0 = 0x00; P2M1 = 0x00; 
   8   1          P3M0 = 0x00; P3M1 = 0x00; 
   9   1          P4M0 = 0x00; P4M1 = 0x00; 
  10   1          P5M0 = 0x00; P5M1 = 0x00; 
  11   1          P6M0 = 0x00; P6M1 = 0x00; 
  12   1          P7M0 = 0x00; P7M1 = 0x00; 
  13   1      
  14   1          P0 = 0xFF;
  15   1          latch(4);
  16   1      
  17   1          P0 = 0x00;
  18   1          latch(6);
  19   1      
  20   1          P0 = 0xFF;
  21   1          latch(7);
  22   1      
  23   1          P0 = 0xAF;
  24   1          latch(5);
  25   1      
  26   1          Timer1_Init();
  27   1          EA = 1;
  28   1      }
  29          
  30          
  31          void latch(uint8_t i)
  32          {
  33   1          switch (i) {
  34   2              case 4: { P0 = (P0 & 0x1F) | 0x80; break; }
  35   2              case 5: { P0 = (P0 & 0x1F) | 0xA0; break; }
  36   2              case 6: { P0 = (P0 & 0x1F) | 0xC0; break; }
  37   2              case 7: { P0 = (P0 & 0x1F) | 0xE0; break; }
  38   2              case 0: { P0 = P0 & 0x1F; break; }
  39   2          }
  40   1      }
  41          
  42          
  43          void Timer1_Init(void)    //1毫秒@12.000MHz
  44          {
  45   1        AUXR |= 0x40;     //定时器时钟1T模式
  46   1        TMOD &= 0x0F;     //设置定时器模式
  47   1        TL1 = 0x20;       //设置定时初始值
  48   1        TH1 = 0xD1;       //设置定时初始值
  49   1        TF1 = 0;        //清除TF1标志
  50   1        TR1 = 1;        //定时器1开始计时
  51   1        ET1 = 1;        //使能定时器1中断
  52   1      }


C51 COMPILER V9.60.7.0   BOOT                                                              01/23/2026 02:05:55 PAGE 2   

MODULE INFORMATION:   STATIC OVERLAYABLE
   CODE SIZE        =    147    ----
   CONSTANT SIZE    =   ----    ----
   XDATA SIZE       =   ----    ----
   PDATA SIZE       =   ----    ----
   DATA SIZE        =   ----    ----
   IDATA SIZE       =   ----    ----
   BIT SIZE         =   ----    ----
END OF MODULE INFORMATION.


C51 COMPILATION COMPLETE.  0 WARNING(S),  0 ERROR(S)
