C51 COMPILER V9.60.7.0   LED                                                               01/23/2026 02:05:55 PAGE 1   


C51 COMPILER V9.60.7.0, COMPILATION OF MODULE LED
OBJECT MODULE PLACED IN .\Objects\led.obj
COMPILER INVOKED BY: C:\Keil_v5\C51\BIN\C51.EXE main\led.c OPTIMIZE(8,SPEED) BROWSE INCDIR(.\include) DEBUG OBJECTEXTEND
                    - PRINT(.\Listings\led.lst) TABS(2) OBJECT(.\Objects\led.obj)

line level    source

   1          #include "led.h"
   2          
   3          
   4          uint8_t led_array[8] = {0, 0, 0, 0, 0, 0, 0, 0};
   5          
   6          
   7          
   8          
   9          void led_display()
  10          {
  11   1          static uint8_t i = 0;
  12   1          static uint8_t temp = 0x00;
  13   1          static uint8_t last = 0xFF;
  14   1      
  15   1          if (led_array[i]) {
  16   2              temp = temp | (0x01 << i);
  17   2          } else {
  18   2              temp = temp & ~(0x01 << i);
  19   2          }
  20   1      
  21   1          if (temp != last) {
  22   2              P0 = ~temp;
  23   2              latch(4);
  24   2              latch(0);
  25   2      
  26   2              last = temp;
  27   2          }
  28   1      
  29   1          i = (i + 1) % 8;
  30   1      
  31   1      }
  32          
  33          /**
  34           * @param i 为控制哪个led灯
  35           * @param state 为控制的led灯的状态
  36           */
  37          void led_set(uint8_t i, uint8_t state)
  38          {
  39   1          if (i < 8) {
  40   2              led_array[i] = state;
  41   2          }
  42   1      }


MODULE INFORMATION:   STATIC OVERLAYABLE
   CODE SIZE        =     86    ----
   CONSTANT SIZE    =   ----    ----
   XDATA SIZE       =   ----    ----
   PDATA SIZE       =   ----    ----
   DATA SIZE        =     11    ----
   IDATA SIZE       =   ----    ----
   BIT SIZE         =   ----    ----
END OF MODULE INFORMATION.


C51 COMPILATION COMPLETE.  0 WARNING(S),  0 ERROR(S)
