C51 COMPILER V9.60.7.0   MAIN                                                              01/24/2026 19:02:43 PAGE 1   


C51 COMPILER V9.60.7.0, COMPILATION OF MODULE MAIN
OBJECT MODULE PLACED IN .\Objects\main.obj
COMPILER INVOKED BY: C:\Keil_v5\C51\BIN\C51.EXE main\main.c OPTIMIZE(8,SPEED) BROWSE INCDIR(.\include) DEBUG OBJECTEXTEN
                    -D PRINT(.\Listings\main.lst) TABS(2) OBJECT(.\Objects\main.obj)

line level    source

   1          #include "main.h"
   2          
   3          
   4          
   5          typedef struct {
   6              uint8_t period;
   7              uint8_t cnt;
   8          } timer8_t;
   9          
  10          typedef struct {
  11              uint16_t period;
  12              uint16_t cnt;
  13              
  14          } timer16_t;
  15          
  16          
  17          volatile timer8_t led_timer = {10, 0};
  18          
  19          
  20          
  21          volatile timer16_t task_500ms  = {500, 0};
  22          bit flag_500ms;
  23          
  24          
  25          
  26          void main()
  27          {
  28   1          boot_init();
  29   1      
  30   1          while (1) {
  31   2              if (led_timer.cnt == led_timer.period) {
  32   3                  led_timer.cnt = 0;
  33   3                  led_display();
  34   3              }
  35   2      
  36   2             if (task_500ms.cnt == task_500ms.period) {
  37   3                  task_500ms.cnt = 0;
  38   3                  flag_500ms = !flag_500ms;
  39   3                  led_task();
  40   3             }
  41   2          }
  42   1      }
  43          
  44          
  45          
  46          void Timer1_Isr(void) interrupt 3
  47          {
  48   1          if (led_timer.cnt < led_timer.period) {
  49   2              led_timer.cnt++;
  50   2          }
  51   1      
  52   1         
  53   1      
  54   1      }
C51 COMPILER V9.60.7.0   MAIN                                                              01/24/2026 19:02:43 PAGE 2   

  55          
  56          
  57          void led_task()
  58          {
  59   1          static int8_t i;
  60   1          static int8_t toward = 1;
  61   1      
  62   1          led_set(i, toward);
  63   1      
  64   1          if (toward) {
  65   2              i++;
  66   2              if (i == 8) {
  67   3                  i = 7;
  68   3                  toward = 0;
  69   3              }
  70   2          }
  71   1          else {
  72   2              i--;
  73   2              if (i == -1) {
  74   3                  i = 0;
  75   3                  toward = 1;
  76   3              }
  77   2          }
  78   1          
  79   1      
  80   1      }
  81          
  82          
  83          // 0 1 2 3 4 5 6 7
  84          //   @   @   @   @
  85          void led_task1()
  86          {
  87   1          static int8_t i;
  88   1          static int8_t toward = 1;
  89   1      
  90   1          led_set(i, toward);
  91   1      
  92   1          if (toward) {
  93   2              i = i + 2;
  94   2              if (i == 8) {
  95   3                  toward = 0;
  96   3              }
  97   2          }
  98   1          else {
  99   2              i = i - 2;
 100   2              if (i == -2) {
 101   3                  toward = 1;
 102   3              }
 103   2          }
 104   1      }


MODULE INFORMATION:   STATIC OVERLAYABLE
   CODE SIZE        =    130    ----
   CONSTANT SIZE    =   ----    ----
   XDATA SIZE       =   ----    ----
   PDATA SIZE       =   ----    ----
   DATA SIZE        =     10    ----
   IDATA SIZE       =   ----    ----
   BIT SIZE         =      1    ----
END OF MODULE INFORMATION.


C51 COMPILATION COMPLETE.  0 WARNING(S),  0 ERROR(S)
