C51 COMPILER V9.60.7.0   DISPLAY                                                           06/07/2025 19:16:18 PAGE 1   


C51 COMPILER V9.60.7.0, COMPILATION OF MODULE DISPLAY
OBJECT MODULE PLACED IN .\Objects\display.obj
COMPILER INVOKED BY: C:\Keil_v5\C51\BIN\C51.EXE code\display.c OPTIMIZE(8,SPEED) BROWSE DEBUG OBJECTEXTEND PRINT(.\Listi
                    -ngs\display.lst) TABS(2) OBJECT(.\Objects\display.obj)

line level    source

   1          #include "display.h"
   2          
   3          
   4          code uchar letter[] = {                       //标准字库
   5          //   0    1    2    3    4    5    6    7    8    9    A    B    C    D    E    F
   6              0x3F,0x06,0x5B,0x4F,0x66,0x6D,0x7D,0x07,0x7F,0x6F,0x77,0x7C,0x39,0x5E,0x79,0x71,
   7          //black  -     H    J    K    L    N    o   P    U     t    G    Q    r   M    y
   8              0x00,0x40,0x76,0x1E,0x70,0x38,0x37,0x5C,0x73,0x3E,0x78,0x3d,0x67,0x50,0x37,0x6e,
   9              0xBF,0x86,0xDB,0xCF,0xE6,0xED,0xFD,0x87,0xFF,0xEF,0x46};    //0. 1. 2. 3. 4. 5. 6. 7. 8. 9. -1
  10          
  11          uchar seg_list[8] = {17, 17, 17, 17, 17, 17, 17, 17};
  12          uchar led_list[8] = {0, 0, 0, 0, 0, 0 ,0 ,0};
  13          
  14          uchar randz_now;
  15          uchar randz_last = 0xFF;
  16          
  17          
  18          // ___________________________________________________________数码管显示
  19          
  20          void seg_display()
  21          {
  22   1          static uchar i;
  23   1      
  24   1          P0 = 0xFF;
  25   1          batch(7);
  26   1      
  27   1          P0 = 0x01 << i;
  28   1          batch(6);
  29   1      
  30   1          P0 = ~letter[seg_list[i]];
  31   1          batch(7);
  32   1      
  33   1          i++;
  34   1          if (i == 8) { i = 0; }
  35   1      }
  36          
  37          void set_seg(uchar a0, a1, a2, a3, a4, a5, a6, a7)
  38          {
  39   1          seg_list[0] = a0;
  40   1          seg_list[1] = a1;
  41   1          seg_list[2] = a2;
  42   1          seg_list[3] = a3;
  43   1      
  44   1          seg_list[4] = a4;
  45   1          seg_list[5] = a5;
  46   1          seg_list[6] = a6;
  47   1          seg_list[7] = a7;
  48   1      }
  49          
  50          void seg_seg_list(uchar * list)
  51          {
  52   1          seg_list[0] = list[0];
  53   1          seg_list[1] = list[1];
  54   1          seg_list[2] = list[2];
C51 COMPILER V9.60.7.0   DISPLAY                                                           06/07/2025 19:16:18 PAGE 2   

  55   1          seg_list[3] = list[3];
  56   1      
  57   1          seg_list[4] = list[4];
  58   1          seg_list[5] = list[5];
  59   1          seg_list[6] = list[6];
  60   1          seg_list[7] = list[7];
  61   1      }
  62          
  63          // ____________________________________________________LED灯显示
  64          
  65          void led_display()
  66          {
  67   1          static uchar i;
  68   1          static uchar temp;
  69   1          static uchar last = 0xFF;
  70   1          if (led_list[i])
  71   1          {
  72   2              temp = temp | (0x01 << i);
  73   2          }
  74   1          else
  75   1          {
  76   2              temp = temp & ~(0x01 << i);
  77   2          }
  78   1      
  79   1          if (temp != last)
  80   1          {
  81   2              P0 = ~temp;
  82   2              batch(4);
  83   2      
  84   2              last = temp;
  85   2          }
  86   1      
  87   1          i++;
  88   1          if (i == 8) { i = 0; }
  89   1      }
  90          
  91          void set_led()
  92          {
  93   1      
  94   1      }     
  95          
  96          // __________________________________________________继电器与超声波
  97          
  98          void relay(bit state)
  99          {
 100   1          if (state)
 101   1          {
 102   2              randz_now = randz_now | (0x10);
 103   2          }
 104   1          else
 105   1          {
 106   2              randz_now = randz_now & ~(0x10);
 107   2          }
 108   1      
 109   1          if (randz_now != randz_last)
 110   1          {
 111   2              P0 = randz_now;
 112   2              batch(4);
 113   2      
 114   2              randz_last = randz_now;
 115   2          }
 116   1      }
C51 COMPILER V9.60.7.0   DISPLAY                                                           06/07/2025 19:16:18 PAGE 3   

 117          
 118          void buzz(bit state)
 119          {
 120   1          if (state)
 121   1          {
 122   2              randz_now = randz_now | (0x40);
 123   2          }
 124   1          else
 125   1          {
 126   2              randz_now = randz_now & ~(0x40);
 127   2          }
 128   1      
 129   1          if (randz_now != randz_last)
 130   1          {
 131   2              P0 = randz_now;
 132   2              batch(4);
 133   2      
 134   2              randz_last = randz_now;
 135   2          }
 136   1      }


MODULE INFORMATION:   STATIC OVERLAYABLE
   CODE SIZE        =    271    ----
   CONSTANT SIZE    =     43    ----
   XDATA SIZE       =   ----    ----
   PDATA SIZE       =   ----    ----
   DATA SIZE        =     22      15
   IDATA SIZE       =   ----    ----
   BIT SIZE         =   ----       2
END OF MODULE INFORMATION.


C51 COMPILATION COMPLETE.  0 WARNING(S),  0 ERROR(S)
