C51 COMPILER V9.60.7.0   KEY                                                               06/08/2025 17:53:51 PAGE 1   


C51 COMPILER V9.60.7.0, COMPILATION OF MODULE KEY
OBJECT MODULE PLACED IN .\Objects\key.obj
COMPILER INVOKED BY: C:\Keil_v5\C51\BIN\C51.EXE code\key.c OPTIMIZE(8,SPEED) BROWSE DEBUG OBJECTEXTEND PRINT(.\Listings\
                    -key.lst) TABS(2) OBJECT(.\Objects\key.obj)

line level    source

   1          #include "key.h"
   2          
   3          uchar key_scan()
   4          {
   5   1          static uchar state, i ,value;
   6   1          uchar press = 0xFF, temp = 99;
   7   1      
   8   1          P3 = 0x0F;
   9   1          P42 = 0; P44 = 0;
  10   1          P36 = P42; P37 = P44;
  11   1      
  12   1          press = P3 & 0x0F;
  13   1      
  14   1          switch (state)
  15   1          {
  16   2              case 0:
  17   2              {
  18   3                  if (press != 0x0F)
  19   3                  {
  20   4                      state = 1;
  21   4                  }
  22   3              }
  23   2              break;
  24   2      
  25   2              case 1:
  26   2              {
  27   3                  if (press == 0x0F)
  28   3                  {
  29   4                      state = 0;
  30   4                  }
  31   3                  else
  32   3                  {
  33   4                      P3 = press | 0xF0;
  34   4                      P42 = 1; P44 = 1;
  35   4                      P36 = P42; P37 = P44;
  36   4      
  37   4                      press = P3;
  38   4      
  39   4                      switch (press)
  40   4                      {
  41   5                          case 0x77: {value = 4; break; }
  42   5                          case 0x7b: {value = 5; break; }
  43   5                          case 0x7d: {value = 6; break; }
  44   5                          case 0x7e: {value = 7; break; }
  45   5      
  46   5                          case 0xb7: {value = 8; break; }
  47   5                          case 0xbb: {value = 9; break; }
  48   5                          case 0xbd: {value = 10; break; }
  49   5                          case 0xbe: {value = 11; break; }
  50   5      
  51   5                          case 0xd7: {value = 12; break; }
  52   5                          case 0xdb: {value = 13; break; }
  53   5                          case 0xdd: {value = 14; break; }
  54   5                          case 0xde: {value = 15; break; }
C51 COMPILER V9.60.7.0   KEY                                                               06/08/2025 17:53:51 PAGE 2   

  55   5      
  56   5                          case 0xe7: {value = 16; break; }
  57   5                          case 0xeb: {value = 17; break; }
  58   5                          case 0xed: {value = 18; break; }
  59   5                          case 0xee: {value = 19; break; }
  60   5      
  61   5                          default: {state = 0; break; }
  62   5                      }
  63   4                  }
  64   3              }
  65   2              break;
  66   2      
  67   2              case 2:
  68   2              {
  69   3                  if (press != 0x0F)
  70   3                  {
  71   4                      i++;
  72   4                      if (i > 100)
  73   4                      {
  74   5                          i = 0;
  75   5                          state = 3;
  76   5                      }
  77   4                  }
  78   3                  else
  79   3                  {
  80   4                      i = 0;
  81   4                      temp = value;
  82   4                      value = 0;
  83   4                      state = 0;
  84   4                  }
  85   3              }
  86   2              break;
  87   2      
  88   2              case 3:
  89   2              {
  90   3                  if (press == 0x0F)
  91   3                  {
  92   4                      temp = value + 20;
  93   4                      value = 0;
  94   4                      state = 0;
  95   4                  }
  96   3              }
  97   2              break;
  98   2          }
  99   1          return temp;
 100   1      }


MODULE INFORMATION:   STATIC OVERLAYABLE
   CODE SIZE        =    288    ----
   CONSTANT SIZE    =   ----    ----
   XDATA SIZE       =   ----    ----
   PDATA SIZE       =   ----    ----
   DATA SIZE        =      3       2
   IDATA SIZE       =   ----    ----
   BIT SIZE         =   ----    ----
END OF MODULE INFORMATION.


C51 COMPILATION COMPLETE.  0 WARNING(S),  0 ERROR(S)
