C51 COMPILER V9.60.7.0   MACHINE                                                           06/07/2025 19:16:18 PAGE 1   


C51 COMPILER V9.60.7.0, COMPILATION OF MODULE MACHINE
OBJECT MODULE PLACED IN .\Objects\machine.obj
COMPILER INVOKED BY: C:\Keil_v5\C51\BIN\C51.EXE code\machine.c OPTIMIZE(8,SPEED) BROWSE DEBUG OBJECTEXTEND PRINT(.\Listi
                    -ngs\machine.lst) TABS(2) OBJECT(.\Objects\machine.obj)

line level    source

   1          #include "machine.h"
   2          
   3          
   4          void clean_display()
   5          {
   6   1          P0M0 = 0x00; P0M1 = 0x00; 
   7   1          P1M0 = 0x00; P1M1 = 0x00; 
   8   1          P2M0 = 0x00; P2M1 = 0x00; 
   9   1          P3M0 = 0x00; P3M1 = 0x00; 
  10   1          P4M0 = 0x00; P4M1 = 0x00; 
  11   1          P5M0 = 0x00; P5M1 = 0x00; 
  12   1          P6M0 = 0x00; P6M1 = 0x00; 
  13   1          P7M0 = 0x00; P7M1 = 0x00; 
  14   1      
  15   1          P0 = 0xFF;
  16   1          batch(4);
  17   1      
  18   1          P0 = 0xAF;
  19   1          batch(5);
  20   1      
  21   1          P0 = 0x00;
  22   1          batch(6);
  23   1      
  24   1          P0 = 0xFF;
  25   1          batch(7);
  26   1      
  27   1      }
  28          
  29          
  30          void batch(uchar i)
  31          {
  32   1          switch (i)
  33   1          {
  34   2              case 4: { P2 = ( P2 & 0x1F) | 0x80; break; }
  35   2              case 5: { P2 = ( P2 & 0x1F) | 0xA0; break; }
  36   2              case 6: { P2 = ( P2 & 0x1F) | 0xC0; break; }
  37   2              case 7: { P2 = ( P2 & 0x1F) | 0xE0; break; }
  38   2          }
  39   1          P2 = (P2 & 0x1F);
  40   1      }
  41          
  42          
  43          
  44          
  45          
  46          void Timer0_Init(void)    //1毫秒@11.0592MHz
  47          {
  48   1        AUXR &= 0x7F;     //定时器时钟12T模式
  49   1        TMOD &= 0xF0;     //设置定时器模式
  50   1        TL0 = 0x00;       //设置定时初始值
  51   1        TH0 = 0x00;       //设置定时初始值
  52   1        TF0 = 0;        //清除TF0标志
  53   1        TR0 = 0;        //定时器0开始计时
  54   1        ET0 = 1;        //使能定时器0中断
C51 COMPILER V9.60.7.0   MACHINE                                                           06/07/2025 19:16:18 PAGE 2   

  55   1      }
  56          
  57          
  58          
  59          void Timer1_Init(void)    //1毫秒@12.000MHz
  60          {
  61   1        AUXR |= 0x40;     //定时器时钟1T模式
  62   1        TMOD &= 0x0F;     //设置定时器模式
  63   1        TL1 = 0x20;       //设置定时初始值
  64   1        TH1 = 0xD1;       //设置定时初始值
  65   1        TF1 = 0;        //清除TF1标志
  66   1        TR1 = 1;        //定时器1开始计时
  67   1        ET1 = 1;        //使能定时器1中断
  68   1      }
  69          
  70          
  71          
  72          void Uart1_Init(void) //9600bps@12.000MHz
  73          {
  74   1        SCON = 0x50;    //8位数据,可变波特率
  75   1        AUXR |= 0x01;   //串口1选择定时器2为波特率发生器
  76   1        AUXR |= 0x04;   //定时器时钟1T模式
  77   1        T2L = 0xC7;     //设置定时初始值
  78   1        T2H = 0xFE;     //设置定时初始值
  79   1        AUXR |= 0x10;   //定时器2开始计时
  80   1        ES = 1;       //使能串口1中断
  81   1      }
  82          
  83          void pcaInit()
  84          {
  85   1          uint CCAP0_TIME = 1000;
  86   1      
  87   1          CMOD = 0x00;
  88   1          CCON = 0x00;
  89   1      
  90   1          CH = 0x00; CL = 0x00;
  91   1      
  92   1          CCAPM0 = 0x49;  // 0100 1001
  93   1          CCAP0L = CCAP0_TIME; CCAP0H = CCAP0_TIME >> 8;
  94   1      
  95   1          
  96   1      
  97   1          EA = 1;
  98   1          CCON = 0x41;     // 0100 0001
  99   1          PPCA = 1;
 100   1      }
 101          
 102          
 103          void timer()
 104          {
 105   1          // timer2 -> 串口
 106   1          // timer1 -> 超声波
 107   1          // timer0 -> 频率
 108   1      
 109   1          Timer0_Init();
 110   1          Timer1_Init();
 111   1          pcaInit();
 112   1          Uart1_Init();
 113   1          EA = 1;
 114   1      }
 115          
 116          
C51 COMPILER V9.60.7.0   MACHINE                                                           06/07/2025 19:16:18 PAGE 3   

 117          
 118          
 119          


MODULE INFORMATION:   STATIC OVERLAYABLE
   CODE SIZE        =    223    ----
   CONSTANT SIZE    =   ----    ----
   XDATA SIZE       =   ----    ----
   PDATA SIZE       =   ----    ----
   DATA SIZE        =   ----    ----
   IDATA SIZE       =   ----    ----
   BIT SIZE         =   ----    ----
END OF MODULE INFORMATION.


C51 COMPILATION COMPLETE.  0 WARNING(S),  0 ERROR(S)
