C51 COMPILER V9.60.7.0   SONIC                                                             06/10/2025 14:32:07 PAGE 1   


C51 COMPILER V9.60.7.0, COMPILATION OF MODULE SONIC
OBJECT MODULE PLACED IN .\Objects\sonic.obj
COMPILER INVOKED BY: C:\Keil_v5\C51\BIN\C51.EXE code\sonic.c OPTIMIZE(8,SPEED) BROWSE DEBUG OBJECTEXTEND PRINT(.\Listing
                    -s\sonic.lst) TABS(2) OBJECT(.\Objects\sonic.obj)

line level    source

   1          #include "sonic.h"
   2          
   3          sbit tx = P1^0;
   4          sbit rx = P1^1;
   5          
   6          
   7          
   8          void sonic_send()
   9          {
  10   1          uchar i;
  11   1          for (i = 0;i < 5;i++)
  12   1          {
  13   2              tx = 1;
  14   2              Delay14us();
  15   2              tx = 0;
  16   2              Delay14us(); 
  17   2          }
  18   1          
  19   1      }
  20          
  21          void pca_init()
  22          {
  23   1          CMOD = 0x00;
  24   1          CR = 0;
  25   1          CH = 0; CL = 0;
  26   1          CF = 0;
  27   1      }
  28          
  29          uchar sonic_measure()
  30          {
  31   1          uchar distance;
  32   1          uint ticks;
  33   1      
  34   1          pca_init();
  35   1          sonic_send();
  36   1      
  37   1          CR = 1;
  38   1          while (rx == 1 && CF == 0);
  39   1          CR = 0;
  40   1      
  41   1          if (CF == 0)
  42   1          {
  43   2              ticks = (CH << 8) | CL;
  44   2              distance = (uchar)((ticks + 29) / 58);  // ≈ ticks * 0.017
  45   2              //distance = (uchar) ((((CH << 8) | CL) *0.017) + 1);
  46   2          }
  47   1          else
  48   1          {
  49   2              distance = 255;
  50   2              CF = 0;
  51   2          }
  52   1          return distance;
  53   1      }

C51 COMPILER V9.60.7.0   SONIC                                                             06/10/2025 14:32:07 PAGE 2   


MODULE INFORMATION:   STATIC OVERLAYABLE
   CODE SIZE        =     86    ----
   CONSTANT SIZE    =   ----    ----
   XDATA SIZE       =   ----    ----
   PDATA SIZE       =   ----    ----
   DATA SIZE        =   ----       2
   IDATA SIZE       =   ----    ----
   BIT SIZE         =   ----    ----
END OF MODULE INFORMATION.


C51 COMPILATION COMPLETE.  0 WARNING(S),  0 ERROR(S)
