C51 COMPILER V9.60.7.0   UART                                                              06/09/2025 18:26:59 PAGE 1   


C51 COMPILER V9.60.7.0, COMPILATION OF MODULE UART
OBJECT MODULE PLACED IN .\Objects\uart.obj
COMPILER INVOKED BY: C:\Keil_v5\C51\BIN\C51.EXE code\uart.c OPTIMIZE(8,SPEED) BROWSE DEBUG OBJECTEXTEND PRINT(.\Listings
                    -\uart.lst) TABS(2) OBJECT(.\Objects\uart.obj)

line level    source

   1          #include "uart.h"
   2          
   3          
   4          
   5          UART uart;
   6          INPUT input;
   7          
   8          
   9          void uart_send(uchar *str)
  10          {
  11   1          while (*str != '\0')
  12   1          {
  13   2              SBUF = *str;
  14   2              while (TI == 0);
  15   2              TI = 0;
  16   2      
  17   2              str++;
  18   2          }
  19   1      }
  20          
  21          void uart_receive() interrupt 4
  22          {
  23   1          if (RI)
  24   1          {
  25   2              RI = 0;
  26   2              seg_list[0] = 1;
  27   2              // 串口超时判断
  28   2              uart.out_time = 0;
  29   2              uart.out_time_flag = 1;
  30   2      
  31   2              uart.receive_data[uart.index] = SBUF;
  32   2              uart.index++;
  33   2      
  34   2              if (uart.index > RECEIVE_LEN) {uart.index = 0; }
  35   2              
  36   2          }
  37   1      }
  38          
  39          void get_position() // uart.receive_data -> input.x input.y
  40          {
  41   1          uchar i = 0;
  42   1          uchar towards = 0;
  43   1      
  44   1          input.x = 0;
  45   1          input.y = 0;
  46   1      
  47   1          while (uart.receive_data[i] != ')')
  48   1          {
  49   2              if (uart.receive_data[i] >= '0' && uart.receive_data[i] <= '9')
  50   2              {
  51   3                  if (towards == 0)
  52   3                  {
  53   4                      input.x = input.x * 10 + (uart.receive_data[i] - '0'); 
  54   4                  }
C51 COMPILER V9.60.7.0   UART                                                              06/09/2025 18:26:59 PAGE 2   

  55   3                  else
  56   3                  {
  57   4                      input.y = input.y * 10 + (uart.receive_data[i] - '0');
  58   4                  }  
  59   3              }
  60   2              else if (uart.receive_data[i] == ',' )
  61   2              {
  62   3                  towards = 1;
  63   3              }
  64   2              
  65   2              i++;
  66   2          }
  67   1      }
  68          
  69          void uart_task()
  70          {
  71   1          if (uart.index == 0) {return ;}
  72   1      
  73   1          if (uart.out_time > 10)
  74   1          {
  75   2              uart.out_time = 0;
  76   2              uart.out_time_flag = 0;
  77   2      
  78   2              uart_send("ciallo~");
  79   2          }
  80   1      }
  81          
  82          


MODULE INFORMATION:   STATIC OVERLAYABLE
   CODE SIZE        =    169    ----
   CONSTANT SIZE    =      8    ----
   XDATA SIZE       =   ----    ----
   PDATA SIZE       =   ----    ----
   DATA SIZE        =     21    ----
   IDATA SIZE       =   ----    ----
   BIT SIZE         =   ----    ----
END OF MODULE INFORMATION.


C51 COMPILATION COMPLETE.  0 WARNING(S),  0 ERROR(S)
