C51 COMPILER V9.00   ONEWIRE                                                               03/02/2025 13:58:24 PAGE 1   


C51 COMPILER V9.00, COMPILATION OF MODULE ONEWIRE
OBJECT MODULE PLACED IN onewire.OBJ
COMPILER INVOKED BY: C:\Keil\C51\BIN\C51.EXE onewire.c BROWSE DEBUG OBJECTEXTEND

line level    source

   1          #include "onewire.h"
   2          sbit DQ = P1 ^ 4;
   3          
   4          void Delay_OneWire(unsigned int t)  
   5          {
   6   1              unsigned char i;
   7   1              while(t--){
   8   2                      for(i=0;i<12;i++);
   9   2              }
  10   1      }
  11          
  12          //
  13          void Write_DS18B20(unsigned char dat)
  14          {
  15   1              unsigned char i;
  16   1              for(i=0;i<8;i++)
  17   1              {
  18   2                      DQ = 0;
  19   2                      DQ = dat&0x01;
  20   2                      Delay_OneWire(5);
  21   2                      DQ = 1;
  22   2                      dat >>= 1;
  23   2              }
  24   1              Delay_OneWire(5);
  25   1      }
  26          
  27          //
  28          unsigned char Read_DS18B20(void)
  29          {
  30   1              unsigned char i;
  31   1              unsigned char dat;
  32   1        
  33   1              for(i=0;i<8;i++)
  34   1              {
  35   2                      DQ = 0;
  36   2                      dat >>= 1;
  37   2                      DQ = 1;
  38   2                      if(DQ)
  39   2                      {
  40   3                              dat |= 0x80;
  41   3                      }           
  42   2                      Delay_OneWire(5);
  43   2              }
  44   1              return dat;
  45   1      }
  46          
  47          //
  48          bit init_ds18b20(void)
  49          {
  50   1              bit initflag = 0;
  51   1              
  52   1              DQ = 1;
  53   1              Delay_OneWire(12);
  54   1              DQ = 0;
  55   1              Delay_OneWire(80);
C51 COMPILER V9.00   ONEWIRE                                                               03/02/2025 13:58:24 PAGE 2   

  56   1              DQ = 1;
  57   1              Delay_OneWire(10); 
  58   1          initflag = DQ;     
  59   1              Delay_OneWire(5);
  60   1        
  61   1              return initflag;
  62   1      }
  63          
  64          
  65          float read_temperatrue()
  66          {
  67   1              float temp;
  68   1              uchar high, low;
  69   1              init_ds18b20();
  70   1      
  71   1              Write_DS18B20(0xcc);
  72   1              Write_DS18B20(0x44);
  73   1      
  74   1              Delay_OneWire(200);
  75   1      
  76   1              init_ds18b20();
  77   1              Write_DS18B20(0xcc);
  78   1              Write_DS18B20(0xbe);
  79   1      
  80   1              low = Read_DS18B20();
  81   1              high = Read_DS18B20();
  82   1      
  83   1              temp = high << 8 | low;
  84   1      
  85   1              return temp / 16;
  86   1      }


MODULE INFORMATION:   STATIC OVERLAYABLE
   CODE SIZE        =    181    ----
   CONSTANT SIZE    =   ----    ----
   XDATA SIZE       =   ----    ----
   PDATA SIZE       =   ----    ----
   DATA SIZE        =   ----    ----
   IDATA SIZE       =   ----    ----
   BIT SIZE         =   ----       1
END OF MODULE INFORMATION.


C51 COMPILATION COMPLETE.  0 WARNING(S),  0 ERROR(S)
