C51 COMPILER V9.60.7.0   MACHINE                                                           06/13/2025 15:16:18 PAGE 1   


C51 COMPILER V9.60.7.0, COMPILATION OF MODULE MACHINE
OBJECT MODULE PLACED IN .\Objects\machine.obj
COMPILER INVOKED BY: C:\Keil_v5\C51\BIN\C51.EXE code\machine.c OPTIMIZE(8,SPEED) BROWSE DEBUG OBJECTEXTEND PRINT(.\Listi
                    -ngs\machine.lst) TABS(2) OBJECT(.\Objects\machine.obj)

line level    source

   1          #include "machine.h"
   2          
   3          
   4          void clean_display()
   5          {
   6   1          
   7   1          P0M1 = 0;   P0M0 = 0;   //设置为准双向口
   8   1          P1M1 = 0;   P1M0 = 0;   //设置为准双向口
   9   1          P2M1 = 0;   P2M0 = 0;   //设置为准双向口
  10   1          P3M1 = 0;   P3M0 = 0;   //设置为准双向口
  11   1          P4M1 = 0;   P4M0 = 0;   //设置为准双向口
  12   1          P5M1 = 0;   P5M0 = 0;   //设置为准双向口
  13   1          P6M1 = 0;   P6M0 = 0;   //设置为准双向口
  14   1          P7M1 = 0;   P7M0 = 0;   //设置为准双向口
  15   1      
  16   1          P0 = 0xFF;
  17   1          latch(4);
  18   1      
  19   1          P0 = 0xAF;
  20   1          latch(5);
  21   1      
  22   1          P0 = 0x00;
  23   1          latch(6);
  24   1      
  25   1          P0 = 0xFF;
  26   1          latch(7);
  27   1      
  28   1      }
  29          
  30          void latch(uchar i)
  31          {
  32   1          switch (i)
  33   1          {
  34   2              case 4: { P2 = (P2 & 0x1F) | 0x80; break; }
  35   2              case 5: { P2 = (P2 & 0x1F) | 0xA0; break; }
  36   2              case 6: { P2 = (P2 & 0x1F) | 0xC0; break; }
  37   2              case 7: { P2 = (P2 & 0x1F) | 0xE0; break; }
  38   2              
  39   2          }
  40   1          P2 = (P2 & 0x1F);
  41   1      }
  42          
  43          


MODULE INFORMATION:   STATIC OVERLAYABLE
   CODE SIZE        =    122    ----
   CONSTANT SIZE    =   ----    ----
   XDATA SIZE       =   ----    ----
   PDATA SIZE       =   ----    ----
   DATA SIZE        =   ----    ----
   IDATA SIZE       =   ----    ----
   BIT SIZE         =   ----    ----
END OF MODULE INFORMATION.

C51 COMPILER V9.60.7.0   MACHINE                                                           06/13/2025 15:16:18 PAGE 2   


C51 COMPILATION COMPLETE.  0 WARNING(S),  0 ERROR(S)
