<<<<<<< HEAD
C51 COMPILER V9.60.7.0   IIC                                                               03/30/2025 19:17:25 PAGE 1   
=======
C51 COMPILER V9.60.7.0   IIC                                                               03/30/2025 20:12:11 PAGE 1   
>>>>>>> 7cbaa3d9479fa449605936c8212c7dd4af9f3537


C51 COMPILER V9.60.7.0, COMPILATION OF MODULE IIC
OBJECT MODULE PLACED IN .\Objects\iic.obj
COMPILER INVOKED BY: C:\Keil_v5\C51\BIN\C51.EXE code\iic.c OPTIMIZE(8,SPEED) BROWSE DEBUG OBJECTEXTEND PRINT(.\Listings\
                    -iic.lst) TABS(2) OBJECT(.\Objects\iic.obj)

line level    source

   1          #include "iic.h"
   2          
   3          sbit sda = P2 ^ 1;
   4          sbit scl = P2 ^ 0;
   5          
   6          #define DELAY_TIME  10
   7          
   8          //
   9          static void I2C_Delay(unsigned char n)
  10          {
  11   1          do
  12   1          {
  13   2              _nop_();_nop_();_nop_();_nop_();_nop_();
  14   2              _nop_();_nop_();_nop_();_nop_();_nop_();
  15   2              _nop_();_nop_();_nop_();_nop_();_nop_();    
  16   2          }
  17   1          while(n--);       
  18   1      }
  19          
  20          //
  21          void I2CStart(void)
  22          {
  23   1          sda = 1;
  24   1          scl = 1;
  25   1        I2C_Delay(DELAY_TIME);
  26   1          sda = 0;
  27   1        I2C_Delay(DELAY_TIME);
  28   1          scl = 0;    
  29   1      }
  30          
  31          //
  32          void I2CStop(void)
  33          {
  34   1          sda = 0;
  35   1          scl = 1;
  36   1        I2C_Delay(DELAY_TIME);
  37   1          sda = 1;
  38   1        I2C_Delay(DELAY_TIME);
  39   1      }
  40          
  41          //
  42          void I2CSendByte(unsigned char byt)
  43          {
  44   1          unsigned char i;
  45   1        
  46   1          for(i=0; i<8; i++){
  47   2              scl = 0;
  48   2          I2C_Delay(DELAY_TIME);
  49   2              if(byt & 0x80){
  50   3                  sda = 1;
  51   3              }
  52   2              else{
  53   3                  sda = 0;
  54   3              }
<<<<<<< HEAD
C51 COMPILER V9.60.7.0   IIC                                                               03/30/2025 19:17:25 PAGE 2   
=======
C51 COMPILER V9.60.7.0   IIC                                                               03/30/2025 20:12:11 PAGE 2   
>>>>>>> 7cbaa3d9479fa449605936c8212c7dd4af9f3537

  55   2          I2C_Delay(DELAY_TIME);
  56   2              scl = 1;
  57   2              byt <<= 1;
  58   2          I2C_Delay(DELAY_TIME);
  59   2          }
  60   1        
  61   1          scl = 0;  
  62   1      }
  63          
  64          //
  65          unsigned char I2CReceiveByte(void)
  66          {
  67   1        unsigned char da;
  68   1        unsigned char i;
  69   1        for(i=0;i<8;i++){   
  70   2          scl = 1;
  71   2          I2C_Delay(DELAY_TIME);
  72   2          da <<= 1;
  73   2          if(sda) 
  74   2            da |= 0x01;
  75   2          scl = 0;
  76   2          I2C_Delay(DELAY_TIME);
  77   2        }
  78   1        return da;    
  79   1      }
  80          
  81          //
  82          unsigned char I2CWaitAck(void)
  83          {
  84   1        unsigned char ackbit;
  85   1        
  86   1          scl = 1;
  87   1        I2C_Delay(DELAY_TIME);
  88   1          ackbit = sda; 
  89   1          scl = 0;
  90   1        I2C_Delay(DELAY_TIME);
  91   1        
  92   1        return ackbit;
  93   1      }
  94          
  95          //
  96          void I2CSendAck(unsigned char ackbit)
  97          {
  98   1          scl = 0;
  99   1          sda = ackbit; 
 100   1        I2C_Delay(DELAY_TIME);
 101   1          scl = 1;
 102   1        I2C_Delay(DELAY_TIME);
 103   1          scl = 0; 
 104   1        sda = 1;
 105   1        I2C_Delay(DELAY_TIME);
 106   1      }
 107          
 108          void write_2k(uchar address, Data)
 109          {
 110   1          I2CStart();
 111   1      
 112   1          I2CSendByte(0xA0);
 113   1          I2CWaitAck();
 114   1      
 115   1          I2CSendByte(address);
 116   1          I2CWaitAck();
<<<<<<< HEAD
C51 COMPILER V9.60.7.0   IIC                                                               03/30/2025 19:17:25 PAGE 3   
=======
C51 COMPILER V9.60.7.0   IIC                                                               03/30/2025 20:12:11 PAGE 3   
>>>>>>> 7cbaa3d9479fa449605936c8212c7dd4af9f3537

 117   1      
 118   1          I2CSendByte(Data);
 119   1          I2CWaitAck();
 120   1      
 121   1          I2CStop();
 122   1      }
 123          
 124          uchar read_2k(uchar address)
 125          {
 126   1          uchar Data;
 127   1          I2CStart();
 128   1      
 129   1          I2CSendByte(0xA0);
 130   1          I2CWaitAck();
 131   1      
 132   1          I2CSendAck(address);
 133   1          I2CWaitAck();
 134   1      
 135   1          I2CStart();
 136   1      
 137   1          I2CSendByte(0xA1);
 138   1          I2CWaitAck();
 139   1      
 140   1          Data = I2CReceiveByte();
 141   1          I2CSendAck(1);
 142   1      
 143   1          I2CStop();
 144   1      
 145   1          return Data;
 146   1      }
 147          
 148          uchar ADC(uchar channel)
 149          {
 150   1          uchar value;
 151   1          I2CStart();
 152   1      
 153   1          I2CSendByte(0x90);
 154   1          I2CWaitAck();
 155   1      
 156   1          I2CSendByte(channel);
 157   1          I2CWaitAck();
 158   1      
 159   1          I2CStart();
 160   1      
 161   1          I2CSendByte(0x91);
 162   1          I2CWaitAck();
 163   1      
 164   1          value = I2CReceiveByte();
 165   1          I2CWaitAck();
 166   1      
 167   1          I2CStop();
 168   1        
 169   1          return value;
 170   1      }
 171          
 172          void DAC(uchar value)
 173          {
 174   1          I2CStart();
 175   1      
 176   1          I2CSendByte(0x90);
 177   1          I2CWaitAck();
 178   1      
<<<<<<< HEAD
C51 COMPILER V9.60.7.0   IIC                                                               03/30/2025 19:17:25 PAGE 4   
=======
C51 COMPILER V9.60.7.0   IIC                                                               03/30/2025 20:12:11 PAGE 4   
>>>>>>> 7cbaa3d9479fa449605936c8212c7dd4af9f3537

 179   1          I2CSendByte(0x40);
 180   1          I2CWaitAck();
 181   1      
 182   1          I2CSendByte(value);
 183   1          I2CWaitAck();
 184   1      
 185   1          I2CStop();
 186   1      }


MODULE INFORMATION:   STATIC OVERLAYABLE
   CODE SIZE        =    302    ----
   CONSTANT SIZE    =   ----    ----
   XDATA SIZE       =   ----    ----
   PDATA SIZE       =   ----    ----
   DATA SIZE        =   ----    ----
   IDATA SIZE       =   ----    ----
   BIT SIZE         =   ----    ----
END OF MODULE INFORMATION.


C51 COMPILATION COMPLETE.  0 WARNING(S),  0 ERROR(S)
