<<<<<<< HEAD
C51 COMPILER V9.60.7.0   SEG                                                               03/30/2025 19:17:26 PAGE 1   
=======
<<<<<<< HEAD
C51 COMPILER V9.60.7.0   SEG                                                               03/30/2025 20:12:11 PAGE 1   
=======
C51 COMPILER V9.60.7.0   SEG                                                               03/27/2025 19:17:54 PAGE 1   
>>>>>>> f2f39c989d4b622f0e150523400b6d290abe90ab
>>>>>>> 7cbaa3d9479fa449605936c8212c7dd4af9f3537


C51 COMPILER V9.60.7.0, COMPILATION OF MODULE SEG
OBJECT MODULE PLACED IN .\Objects\seg.obj
COMPILER INVOKED BY: C:\Keil_v5\C51\BIN\C51.EXE code\seg.c OPTIMIZE(8,SPEED) BROWSE DEBUG OBJECTEXTEND PRINT(.\Listings\
                    -seg.lst) TABS(2) OBJECT(.\Objects\seg.obj)

line level    source

   1          #include "seg.h"
   2          
   3          uchar seg[8] = {0, 0, 0, 0 ,0, 0, 0, 0};
   4          const uchar code letter[] = {                       //标准字库
   5              //   0    1    2    3    4    5    6    7    8    9    A    B    C    D    E    F
   6                  0x3F,0x06,0x5B,0x4F,0x66,0x6D,0x7D,0x07,0x7F,0x6F,0x77,0x7C,0x39,0x5E,0x79,0x71,
   7              //black  -     H    J    K    L    N    o   P    U     t    G    Q    r   M    y
   8                  0x00,0x40,0x76,0x1E,0x70,0x38,0x37,0x5C,0x73,0x3E,0x78,0x3d,0x67,0x50,0x37,0x6e,
   9                  0xBF,0x86,0xDB,0xCF,0xE6,0xED,0xFD,0x87,0xFF,0xEF,0x46};    //0. 1. 2. 3. 4. 5. 6. 7. 8. 9. -1
  10              
  11          void seg_display()
  12          {
  13   1          static uchar i;
  14   1          
  15   1          P0 = 0xFF;
  16   1          latch(7);
  17   1          latch(0);
  18   1      
  19   1          P0 = 0x01 << i;
  20   1          latch(6);
  21   1          latch(0);
  22   1      
  23   1          P0 = ~letter[seg[i]];
  24   1          latch(7);
  25   1          latch(0);
  26   1      
  27   1          i = (i + 1) % 8;
  28   1      }    
  29          
  30          void set_seg(uchar s0, s1, s2, s3, s4, s5, s6, s7)
  31          {
  32   1          seg[0] = s0;
  33   1          seg[1] = s1;
  34   1          seg[2] = s2;
  35   1          seg[3] = s3;
  36   1          seg[4] = s4;
  37   1          seg[5] = s5;
  38   1          seg[6] = s6;
  39   1          seg[7] = s7;
  40   1      }


MODULE INFORMATION:   STATIC OVERLAYABLE
   CODE SIZE        =     91    ----
   CONSTANT SIZE    =     43    ----
   XDATA SIZE       =   ----    ----
   PDATA SIZE       =   ----    ----
   DATA SIZE        =      9      15
   IDATA SIZE       =   ----    ----
   BIT SIZE         =   ----    ----
END OF MODULE INFORMATION.


C51 COMPILATION COMPLETE.  0 WARNING(S),  0 ERROR(S)
