C51 COMPILER V9.60.7.0   BOOT                                                              03/09/2025 16:34:55 PAGE 1   


C51 COMPILER V9.60.7.0, COMPILATION OF MODULE BOOT
OBJECT MODULE PLACED IN .\Objects\boot.obj
COMPILER INVOKED BY: C:\Keil_v5\C51\BIN\C51.EXE boot.c OPTIMIZE(8,SPEED) BROWSE DEBUG OBJECTEXTEND PRINT(.\Listings\boot
                    -.lst) TABS(2) OBJECT(.\Objects\boot.obj)

line level    source

   1          #include "boot.h"
   2          
   3          void boot_init()
   4          {
   5   1          P0M0 = 0x00; P0M1 = 0x00; 
   6   1          P1M0 = 0x00; P1M1 = 0x00; 
   7   1          P2M0 = 0x00; P2M1 = 0x00; 
   8   1          P3M0 = 0x00; P3M1 = 0x00; 
   9   1          P4M0 = 0x00; P4M1 = 0x00; 
  10   1          P5M0 = 0x00; P5M1 = 0x00; 
  11   1          P6M0 = 0x00; P6M1 = 0x00; 
  12   1          P7M0 = 0x00; P7M1 = 0x00; 
  13   1      
  14   1          P0 = 0x00;
  15   1          latch(4);
  16   1          latch(0);
  17   1      
  18   1          P0 = 0xFF;
  19   1          latch(7);
  20   1          latch(0);
  21   1      
  22   1          latch(6);
  23   1          latch(0);
  24   1          
  25   1          P0 = 0xAF;
  26   1          latch(5);
  27   1          latch(0);
  28   1        Timer1_Init();
  29   1          EA = 1;
  30   1      }
  31          
  32          void latch(uchar i)
  33          {
  34   1          switch (i)
  35   1          {
  36   2              case 4: P2 = (P2 & 0x1F) | 0x80; break;
  37   2              case 5: P2 = (P2 & 0x1F) | 0xA0; break;
  38   2              case 6: P2 = (P2 & 0x1F) | 0xC0; break;
  39   2              case 7: P2 = (P2 & 0x1F) | 0xE0; break;
  40   2              case 0: P2 = (P2 & 0x1F); break;
  41   2          }
  42   1      }
  43          
  44          
  45          
  46          void Timer1_Init()    //1??@12.000MHz
  47          {
  48   1        AUXR &= 0xBF;     //?????12T??
  49   1        TMOD &= 0x0F;     //???????
  50   1        TL1 = 0x18;       //???????
  51   1        TH1 = 0xFC;       //???????
  52   1        TF1 = 0;        //??TF1??
  53   1        TR1 = 1;        //???1????
  54   1        ET1 = 1;        //?????1??
C51 COMPILER V9.60.7.0   BOOT                                                              03/09/2025 16:34:55 PAGE 2   

  55   1      }


MODULE INFORMATION:   STATIC OVERLAYABLE
   CODE SIZE        =    163    ----
   CONSTANT SIZE    =   ----    ----
   XDATA SIZE       =   ----    ----
   PDATA SIZE       =   ----    ----
   DATA SIZE        =   ----    ----
   IDATA SIZE       =   ----    ----
   BIT SIZE         =   ----    ----
END OF MODULE INFORMATION.


C51 COMPILATION COMPLETE.  0 WARNING(S),  0 ERROR(S)
