C51 COMPILER V9.60.7.0   KEY                                                               03/09/2025 16:34:55 PAGE 1   


C51 COMPILER V9.60.7.0, COMPILATION OF MODULE KEY
OBJECT MODULE PLACED IN .\Objects\key.obj
COMPILER INVOKED BY: C:\Keil_v5\C51\BIN\C51.EXE key.c OPTIMIZE(8,SPEED) BROWSE DEBUG OBJECTEXTEND PRINT(.\Listings\key.l
                    -st) TABS(2) OBJECT(.\Objects\key.obj)

line level    source

   1           #include "key.h"
   2          
   3           uchar key_scan()
   4           {
   5   1          static uchar state, value, i;
   6   1          uchar temp = 99, press = 0xFF;
   7   1      
   8   1          P3 = 0x0F;
   9   1          P42 = 0; P44 = 0;
  10   1          P36 = P42; P37 = P44;
  11   1      
  12   1          press = P3 & 0x0F;
  13   1      
  14   1          switch (state)
  15   1          {
  16   2              case 0:
  17   2              {
  18   3                  if (press != 0x0F)
  19   3                  {
  20   4                      state = 1;
  21   4                  }
  22   3              }
  23   2              break;
  24   2      
  25   2              case 1:
  26   2              {
  27   3                  if (press == 0x0F)
  28   3                  {
  29   4                      state = 0;
  30   4                  }
  31   3                  else
  32   3                  {
  33   4                      P3 = press | 0xF0;
  34   4                      P42 = 1; P44 = 1;
  35   4                      P36 = P42; P37 = P44;
  36   4      
  37   4                      press = P3;
  38   4                      state = 2;
  39   4      
  40   4                      switch (press)
  41   4                      {
  42   5                          case 0x77: {value = 4; break; }
  43   5                          case 0x7B: {value = 5; break; }
  44   5                          case 0x7D: {value = 6; break; }
  45   5                          case 0x7E: {value = 7; break; }
  46   5      
  47   5                          case 0xB7: {value = 8; break; }
  48   5                          case 0xBB: {value = 9; break; }
  49   5                          default: {state = 0;}
  50   5                      }
  51   4                  }
  52   3              }
  53   2              break;
  54   2      
C51 COMPILER V9.60.7.0   KEY                                                               03/09/2025 16:34:55 PAGE 2   

  55   2              case 2:
  56   2              {
  57   3                  if (press != 0x0F)
  58   3                  {
  59   4                      i = (i + 1) % 255;
  60   4                      if (i >= 100)
  61   4                      {
  62   5                          i = 0;
  63   5                          state = 3;
  64   5                      }                
  65   4                  }
  66   3                  else
  67   3                  {
  68   4                      i = 0;
  69   4                      temp = value;
  70   4                      value = 0;
  71   4                      state = 0;
  72   4                  }
  73   3              }
  74   2              break;
  75   2      
  76   2              case 3:
  77   2              {
  78   3                  if (press != 0x0F)
  79   3                  {
  80   4                      temp = value + 20;
  81   4                      value = 0;
  82   4                      state = 0;
  83   4                  }
  84   3              }
  85   2              break;
  86   2          }
  87   1          return temp;
  88   1       }


MODULE INFORMATION:   STATIC OVERLAYABLE
   CODE SIZE        =    220    ----
   CONSTANT SIZE    =   ----    ----
   XDATA SIZE       =   ----    ----
   PDATA SIZE       =   ----    ----
   DATA SIZE        =      3       2
   IDATA SIZE       =   ----    ----
   BIT SIZE         =   ----    ----
END OF MODULE INFORMATION.


C51 COMPILATION COMPLETE.  0 WARNING(S),  0 ERROR(S)
