C51 COMPILER V9.60.7.0   BOOT                                                              04/01/2025 17:41:46 PAGE 1   


C51 COMPILER V9.60.7.0, COMPILATION OF MODULE BOOT
OBJECT MODULE PLACED IN .\Objects\boot.obj
COMPILER INVOKED BY: C:\Keil_v5\C51\BIN\C51.EXE code\boot.c OPTIMIZE(8,SPEED) BROWSE DEBUG OBJECTEXTEND PRINT(.\Listings
                    -\boot.lst) TABS(2) OBJECT(.\Objects\boot.obj)

line level    source

   1          #include "boot.h"
   2          
   3          void boot_init()
   4          {
   5   1          P0M1 = 0;   P0M0 = 0;   //设置为准双向口
   6   1          P1M1 = 0;   P1M0 = 0;   //设置为准双向口
   7   1          P2M1 = 0;   P2M0 = 0;   //设置为准双向口
   8   1          P3M1 = 0;   P3M0 = 0;   //设置为准双向口
   9   1          P4M1 = 0;   P4M0 = 0;   //设置为准双向口
  10   1          P5M1 = 0;   P5M0 = 0;   //设置为准双向口
  11   1          P6M1 = 0;   P6M0 = 0;   //设置为准双向口
  12   1          P7M1 = 0;   P7M0 = 0;   //设置为准双向口
  13   1      
  14   1          P0 = 0xFF;
  15   1          latch(4);
  16   1          latch(0);
  17   1      
  18   1          P0 = 0xAF;
  19   1          latch(5);
  20   1          latch(0);
  21   1      
  22   1          P0 = 0x00;
  23   1          latch(6);
  24   1          latch(0);
  25   1      
  26   1          P0 = 0xFF;
  27   1          latch(7);
  28   1          latch(0);
  29   1      
  30   1          Timer2_Init();
  31   1          EA = 1;
  32   1      }
  33          
  34          void latch(uchar i)
  35          {
  36   1          switch (i)
  37   1          {
  38   2              case 0: { P2 = P2 & 0x1F; break; }
  39   2              case 4: { P2 = (P2 & 0x1F) | 0x80; break; }
  40   2              case 5: { P2 = (P2 & 0x1F) | 0xA0; break; }
  41   2              case 6: { P2 = (P2 & 0x1F) | 0xC0; break; }
  42   2              case 7: { P2 = (P2 & 0x1F) | 0xE0; break; }
  43   2          }
  44   1      }
  45          
  46          void Timer2_Init(void)    //1毫秒@12.000MHz
  47          {
  48   1        AUXR &= 0xFB;     //定时器时钟12T模式
  49   1        T2L = 0x18;       //设置定时初始值
  50   1        T2H = 0xFC;       //设置定时初始值
  51   1        AUXR |= 0x10;     //定时器2开始计时
  52   1        IE2 |= 0x04;      //使能定时器2中断
  53   1      }
  54          
C51 COMPILER V9.60.7.0   BOOT                                                              04/01/2025 17:41:46 PAGE 2   

  55          // 
  56          void Delay14us(void)  //@12.000MHz
  57          {
  58   1        unsigned char data i;
  59   1      
  60   1        _nop_();
  61   1        _nop_();
  62   1        i = 39;
  63   1        while (--i);
  64   1      }
  65          
  66          void delete_0(uchar *a, uchar j, uchar negative)
  67          {
  68   1        uchar i;
  69   1          if (j == 0)
  70   1          {
  71   2              return;
  72   2          }
  73   1          j--;
  74   1          for (i = 0;i < j;i++)
  75   1          {
  76   2              if (a[i] == 0) 
  77   2                  { a[i] = 16; }
  78   2              else
  79   2              {
  80   3                  if (negative  == 1 && i != 0) { a[i-1] = 17; }
  81   3                  break;
  82   3              }
  83   2          }
  84   1      }


MODULE INFORMATION:   STATIC OVERLAYABLE
   CODE SIZE        =    250    ----
   CONSTANT SIZE    =   ----    ----
   XDATA SIZE       =   ----    ----
   PDATA SIZE       =   ----    ----
   DATA SIZE        =   ----       5
   IDATA SIZE       =   ----    ----
   BIT SIZE         =   ----    ----
END OF MODULE INFORMATION.


C51 COMPILATION COMPLETE.  0 WARNING(S),  0 ERROR(S)
