C51 COMPILER V9.60.7.0   DS1302                                                            04/09/2025 19:27:08 PAGE 1   


C51 COMPILER V9.60.7.0, COMPILATION OF MODULE DS1302
OBJECT MODULE PLACED IN .\Objects\ds1302.obj
COMPILER INVOKED BY: D:\Program Files\keil5\C51\BIN\C51.EXE code\ds1302.c OPTIMIZE(8,SPEED) BROWSE DEBUG OBJECTEXTEND PR
                    -INT(.\Listings\ds1302.lst) TABS(2) OBJECT(.\Objects\ds1302.obj)

line level    source

   1          #include "ds1302.h"
   2          
   3          sbit SDA = P2^3;
   4          sbit SCK = P1^7;
   5          sbit RST = P1^3;
   6          
   7          // 秒 分 时 天 月 星期 年
   8          code uchar write_address[7] = {0x80, 0x82, 0x84, 0x86, 0x88, 0x8A, 0x8C};
   9          code uchar read_address[7] = {0x81, 0x83, 0x85, 0x87, 0x89, 0x8B, 0x8D};
  10          
  11          
  12          idata uchar time_now[3] = {0, 0, 0};
  13          code uchar time_init[7] = {0x50, 0x59, 0x23, 0x09, 0x04, 0x03, 0x25}; // BCD
  14          
  15          
  16          void Write_Ds1302(unsigned  char temp) 
  17          {
  18   1        unsigned char i;
  19   1        for (i=0;i<8;i++)       
  20   1        { 
  21   2          SCK = 0;
  22   2          SDA = temp&0x01;
  23   2          temp>>=1; 
  24   2          SCK=1;
  25   2        }
  26   1      }   
  27          
  28          //
  29          void Write_Ds1302_Byte( unsigned char address,unsigned char dat )     
  30          {
  31   1        RST=0;  _nop_();
  32   1        SCK=0;  _nop_();
  33   1        RST=1;  _nop_();  
  34   1        Write_Ds1302(address);  
  35   1        Write_Ds1302(dat);    
  36   1        RST=0; 
  37   1      }
  38          
  39          //
  40          unsigned char Read_Ds1302_Byte ( unsigned char address )
  41          {
  42   1        unsigned char i,temp=0x00;
  43   1        RST=0;  _nop_();
  44   1        SCK=0;  _nop_();
  45   1        RST=1;  _nop_();
  46   1        Write_Ds1302(address);
  47   1        for (i=0;i<8;i++)   
  48   1        {   
  49   2          SCK=0;
  50   2          temp>>=1; 
  51   2          if(SDA)
  52   2          temp|=0x80; 
  53   2          SCK=1;
  54   2        } 
C51 COMPILER V9.60.7.0   DS1302                                                            04/09/2025 19:27:08 PAGE 2   

  55   1        RST=0;  _nop_();
  56   1        SCK=0;  _nop_();
  57   1        SCK=1;  _nop_();
  58   1        SDA=0;  _nop_();
  59   1        SDA=1;  _nop_();
  60   1        return (temp);      
  61   1      }
  62          
  63          uchar hex_to_bcd(uchar hex)
  64          {
  65   1        return (hex / 10 * 16) + (hex % 10);
  66   1      }
  67          
  68          uchar bcd_to_hex(uchar bcd)
  69          {
  70   1        return (bcd / 16 * 10) + (bcd % 16);
  71   1      }
  72          
  73          void datetime_write() // -> bcd
  74          {
  75   1        // time -> bcd
  76   1        uchar i;
  77   1        Write_Ds1302_Byte(0x8E, 0x00);
  78   1        
  79   1        for (i = 0;i < 7;i++)
  80   1        {
  81   2          Write_Ds1302_Byte(write_address[i], time_init[i]);
  82   2        }
  83   1        
  84   1        Write_Ds1302_Byte(0x8E, 0x80);
  85   1      }
  86          
  87          void datetime_read()
  88          {
  89   1        uchar i;
  90   1        for (i = 0;i < 3;i++)
  91   1        {
  92   2          time_now[i] = Read_Ds1302_Byte(read_address[i]);
  93   2        }
  94   1      
  95   1        for (i = 0;i < 3;i++)
  96   1        {
  97   2          time_now[i] = bcd_to_hex(time_now[i]);
  98   2        }
  99   1      }


MODULE INFORMATION:   STATIC OVERLAYABLE
   CODE SIZE        =    203    ----
   CONSTANT SIZE    =     21    ----
   XDATA SIZE       =   ----    ----
   PDATA SIZE       =   ----    ----
   DATA SIZE        =   ----    ----
   IDATA SIZE       =      3    ----
   BIT SIZE         =   ----    ----
END OF MODULE INFORMATION.


C51 COMPILATION COMPLETE.  0 WARNING(S),  0 ERROR(S)
