C51 COMPILER V9.59.0.0   SYS                                                               04/03/2024 20:39:33 PAGE 1   


C51 COMPILER V9.59.0.0, COMPILATION OF MODULE SYS
OBJECT MODULE PLACED IN .\Objects\sys.obj
COMPILER INVOKED BY: C:\Keil_v5\C51\BIN\C51.EXE sys.c OPTIMIZE(8,SPEED) BROWSE DEBUG OBJECTEXTEND PRINT(.\Listings\sys.l
                    -st) TABS(2) OBJECT(.\Objects\sys.obj)

line level    source

   1          #include "sys.h"
   2          
   3          #include "intrins.h"
   4          void Delay1ms()
   5          {
   6   1        unsigned char i, j;
   7   1      
   8   1        i = 2;
   9   1        j = 239;
  10   1        do
  11   1        {
  12   2          while (--j);
  13   2        } while (--i);
  14   1      
  15   1      }
  16          void delay_ms(int x )
  17          {
  18   1         int y,z;
  19   1        for(y=x;y<0;y--)
  20   1        for(z=120;z<0;z--);
  21   1      }
  22          
  23          void Delay1000ms()    //@12.000MHz
  24          {
  25   1        unsigned char i, j, k;
  26   1      
  27   1        _nop_();
  28   1        i = 8;
  29   1        j = 154;
  30   1        k = 122;
  31   1        do
  32   1        {
  33   2          do
  34   2          {
  35   3            while (--k);
  36   3          } while (--j);
  37   2        } while (--i);
  38   1      }
  39          
  40            
  41          void sys_init()
  42          {
  43   1          P0M0 = 0x00; P0M1 = 0x00; 
  44   1          P1M0 = 0x00; P1M1 = 0x00; 
  45   1          P2M0 = 0x00; P2M1 = 0x00; 
  46   1          P3M0 = 0x00; P3M1 = 0x00; 
  47   1          P4M0 = 0x00; P4M1 = 0x00; 
  48   1          P5M0 = 0x00; P5M1 = 0x00; 
  49   1          P6M0 = 0x00; P6M1 = 0x00; 
  50   1          P7M0 = 0x00; P7M1 = 0x00; 
  51   1        
  52   1        P0=0xff;Y4;Y0;  
  53   1        P0=0x00;Y5;Y0;  
  54   1        P0=0xff;Y6;Y0;  
C51 COMPILER V9.59.0.0   SYS                                                               04/03/2024 20:39:33 PAGE 2   

  55   1        P0=0xff;Y7;Y0;
  56   1      }
  57            
  58          void Timer0Init(void)   //1毫秒@12.000MHz
  59          {
  60   1        AUXR &= 0x7F;     //定时器时钟12T模式
  61   1        TMOD &= 0xF0;     //设置定时器模式
  62   1        TL0 = 0x18;       //设置定时初始值
  63   1        TH0 = 0xFC;       //设置定时初始值
  64   1        TF0 = 0;        //清除TF0标志
  65   1        TR0 = 1;        //定时器0开始计时
  66   1        ET0=1;
  67   1        EA=1;
  68   1      }


MODULE INFORMATION:   STATIC OVERLAYABLE
   CODE SIZE        =    169    ----
   CONSTANT SIZE    =   ----    ----
   XDATA SIZE       =   ----    ----
   PDATA SIZE       =   ----    ----
   DATA SIZE        =   ----    ----
   IDATA SIZE       =   ----    ----
   BIT SIZE         =   ----    ----
END OF MODULE INFORMATION.


C51 COMPILATION COMPLETE.  0 WARNING(S),  0 ERROR(S)
