C51 COMPILER V9.00   BOOT                                                                  03/15/2025 13:44:25 PAGE 1   


C51 COMPILER V9.00, COMPILATION OF MODULE BOOT
OBJECT MODULE PLACED IN boot.OBJ
COMPILER INVOKED BY: C:\Keil\C51\BIN\C51.EXE boot.c BROWSE DEBUG OBJECTEXTEND

line level    source

   1          #include "boot.h"
   2          
   3          void boot_init()
   4          {
   5   1              P0M1 = 0;   P0M0 = 0;   //设置为准双向口
   6   1          P1M1 = 0;   P1M0 = 0;   //设置为准双向口
   7   1          P2M1 = 0;   P2M0 = 0;   //设置为准双向口
   8   1          P3M1 = 0;   P3M0 = 0;   //设置为准双向口
   9   1          P4M1 = 0;   P4M0 = 0;   //设置为准双向口
  10   1          P5M1 = 0;   P5M0 = 0;   //设置为准双向口
  11   1          P6M1 = 0;   P6M0 = 0;   //设置为准双向口
  12   1          P7M1 = 0;   P7M0 = 0;   //设置为准双向口
  13   1      
  14   1              P0 = 0xFF;
  15   1              Y4;
  16   1              Y0;
  17   1      
  18   1              P0 = 0x00;
  19   1              Y6;
  20   1              Y0;
  21   1      
  22   1              P0 = 0xFF;
  23   1              Y7;
  24   1              Y0;
  25   1      
  26   1              P0 = 0xAF;
  27   1              Y5;
  28   1              Y0;
  29   1      
  30   1              timer_1();
  31   1              EA = 1;
  32   1      }
  33          
  34          // 1ms
  35          void timer_1()
  36          {
  37   1              AUXR &= 0xBF;           //定时器时钟12T模式
  38   1              TMOD &= 0x0F;           //设置定时器模式
  39   1              TL1 = 0x18;             //设置定时初值
  40   1              TH1 = 0xFC;             //设置定时初值
  41   1              TF1 = 0;                //清除TF1标志
  42   1              TR1 = 1;                //定时器1开始计时
  43   1              ET1 = 1;        
  44   1      }
  45          
  46          
  47          
  48          
  49          void Delay14us()
  50          {
  51   1         unsigned char i;
  52   1      
  53   1              _nop_();
  54   1              _nop_();
  55   1              i = 39;
C51 COMPILER V9.00   BOOT                                                                  03/15/2025 13:44:25 PAGE 2   

  56   1              while (--i);
  57   1      }
  58          
  59          
  60          
  61          
  62          


MODULE INFORMATION:   STATIC OVERLAYABLE
   CODE SIZE        =    121    ----
   CONSTANT SIZE    =   ----    ----
   XDATA SIZE       =   ----    ----
   PDATA SIZE       =   ----    ----
   DATA SIZE        =   ----    ----
   IDATA SIZE       =   ----    ----
   BIT SIZE         =   ----    ----
END OF MODULE INFORMATION.


C51 COMPILATION COMPLETE.  0 WARNING(S),  0 ERROR(S)
