C51 COMPILER V9.00   LED                                                                   03/15/2025 13:44:26 PAGE 1   


C51 COMPILER V9.00, COMPILATION OF MODULE LED
OBJECT MODULE PLACED IN led.OBJ
COMPILER INVOKED BY: C:\Keil\C51\BIN\C51.EXE led.c BROWSE DEBUG OBJECTEXTEND

line level    source

   1          #include "Led.h"
   2          
   3          uchar led_value[8] = {0, 0, 0, 0, 0, 0, 0, 0};
   4          void led(uchar i, bit state)
   5          {
   6   1              static uchar temp, last = 0xFF;
   7   1      
   8   1              if (state)
   9   1              {
  10   2                      temp = temp | (0x01 << i);
  11   2              }
  12   1              else
  13   1              {
  14   2                      temp = temp & ~(0x01 << i);
  15   2              }
  16   1      
  17   1              if (temp != last)
  18   1              {
  19   2                      P0 = ~temp;
  20   2                      Y4;
  21   2                      Y0;
  22   2                      last = temp;
  23   2              }
  24   1      }
  25          
  26          void led_display()
  27          {
  28   1              static uchar i;
  29   1              led(i, led_value[i]);
  30   1              i= (i + 1) % 8;
  31   1      }
  32          
  33          
  34          void led_state(uchar j)
  35          {
  36   1              uchar i;
  37   1              for (i = 0;i < 4;i++)
  38   1              {
  39   2                      led_value[i] = 0;
  40   2                      if (i == j)
  41   2                      {
  42   3                              led_value[j] = 1;       
  43   3                      }
  44   2              }       
  45   1      }
  46          
  47          
  48          void led_shan()
  49          {
  50   1              static uchar j;
  51   1      
  52   1              led_value[7] = j;
  53   1              j = ~j;
  54   1      
  55   1      }
C51 COMPILER V9.00   LED                                                                   03/15/2025 13:44:26 PAGE 2   



MODULE INFORMATION:   STATIC OVERLAYABLE
   CODE SIZE        =    111    ----
   CONSTANT SIZE    =   ----    ----
   XDATA SIZE       =   ----    ----
   PDATA SIZE       =   ----    ----
   DATA SIZE        =     12    ----
   IDATA SIZE       =   ----    ----
   BIT SIZE         =   ----       1
END OF MODULE INFORMATION.


C51 COMPILATION COMPLETE.  0 WARNING(S),  0 ERROR(S)
