C51 COMPILER V9.00   MAIN                                                                  03/15/2025 13:44:25 PAGE 1   


C51 COMPILER V9.00, COMPILATION OF MODULE MAIN
OBJECT MODULE PLACED IN main.OBJ
COMPILER INVOKED BY: C:\Keil\C51\BIN\C51.EXE main.c BROWSE DEBUG OBJECTEXTEND

line level    source

   1          #include "main.h"
   2          
   3          #define KEY_TIME 15
   4          #define SONIC_TIME 1000
   5          #define ADC_TIME 500
   6          #define LED_TIME 20
   7          #define SHAN_TIME 100
   8          
   9          
  10          extern uchar seg[8];
  11          extern uchar led_value[8];
  12          bit key_flag, sonic_flag, adc_flag, adc_state, shan_flag;
  13          
  14          uchar press;
  15          // 模式
  16          uchar state, mode = 1;
  17          uchar distance[2];
  18          uchar adc;
  19          
  20          uchar one_tag;
  21          
  22          uchar low = 0;
  23          uchar high = 50;
  24          
  25          uchar times;
  26          
  27          void main()
  28          {
  29   1              boot_init();
  30   1              led_state(state);
  31   1              while (1)
  32   1              {
  33   2                      if (key_flag)
  34   2                      {
  35   3                              key_flag = 0;
  36   3                              key_proc();
  37   3                              state_machine();
  38   3                      }
  39   2      
  40   2                      if (sonic_flag && state == 0)
  41   2                      {
  42   3                              sonic_proc();
  43   3                              sonic_flag = 0;
  44   3                      }
  45   2      
  46   2                      // 
  47   2                      if (adc_flag && mode == 2 && state == 1)
  48   2                      {
  49   3                              adc_flag = 0;
  50   3                              adc_proc();
  51   3                      }
  52   2                      
  53   2                      
  54   2      
  55   2                      state_machine();
C51 COMPILER V9.00   MAIN                                                                  03/15/2025 13:44:25 PAGE 2   

  56   2              }
  57   1      }
  58          
  59          void timer1() interrupt 3
  60          {
  61   1              static uint i;
  62   1              i = (i + 1) % 30000;
  63   1              
  64   1              seg_display();
  65   1      
  66   1              if ( i % KEY_TIME == 0)
  67   1              {
  68   2                      key_flag = 1;
  69   2              }
  70   1      
  71   1              if (i % SONIC_TIME == 0)
  72   1              {
  73   2                      sonic_flag = 1;
  74   2              }
  75   1      
  76   1              if (i % ADC_TIME == 0)
  77   1              {
  78   2                      adc_flag = 1;
  79   2              }
  80   1              
  81   1              if (i % LED_TIME == 0)
  82   1              {
  83   2                      led_display();
  84   2              }
  85   1      
  86   1              if (i % SHAN_TIME == 0 && shan_flag == 1)
  87   1              {
  88   2                      led_shan();
  89   2              }
  90   1      }
  91          
  92          void key_proc()
  93          {
  94   1              
  95   1              press = key_scan();
  96   1              switch (press)
  97   1              {
  98   2                      case 4:
  99   2                      {
 100   3                              state = (state + 1) % 3;
 101   3                              led_state(state);
 102   3                      }
 103   2                      break;
 104   2      
 105   2                      case 5:
 106   2                      {
 107   3                              if (mode == 1)
 108   3                              {
 109   4                                      mode = 2;
 110   4                              }
 111   3                              else
 112   3                              {
 113   4                                      mode = 1;
 114   4                              }
 115   3                      }
 116   2                      break;
 117   2      
C51 COMPILER V9.00   MAIN                                                                  03/15/2025 13:44:25 PAGE 3   

 118   2                      // low
 119   2                      case 8:
 120   2                      {
 121   3                              if (mode == 1)
 122   3                              {
 123   4                                      low = (low + 10) % 50;
 124   4                                      adc_state = 3;
 125   4                              }       
 126   3                              else
 127   3                              {
 128   4                                      adc_state = 0;  
 129   4                              }
 130   3                      }
 131   2                      break;
 132   2      
 133   2                      case 9:
 134   2                      {
 135   3                              if (mode == 1)
 136   3                              {
 137   4                                      high = (high + 10);
 138   4                                      if (high == 100)
 139   4                                              high = 50;
 140   4                                      adc_state = 3;
 141   4                              }       
 142   3                              else
 143   3                              {
 144   4                                      adc_state = 1;  
 145   4                              }
 146   3                      }
 147   2                      break;
 148   2              }
 149   1      }
 150          
 151          void sonic_proc()
 152          {
 153   1              uint dis;
 154   1              // 99.23 -> 9923
 155   1              dis = sonic_measure() * 100;
 156   1              // 个位数
 157   1              distance[1] = dis / 100 % 10;
 158   1              // 十位数
 159   1          distance[0] = dis / 1000 % 10;
 160   1              if (distance[0] == 0)
 161   1                      distance[0] = 16;
 162   1      
 163   1              check_distance();
 164   1      }
 165          
 166          void check_distance()
 167          {
 168   1              uchar dis = distance[1] + distance[0] * 10;
 169   1              //uchar dis = 20;
 170   1              if (low <= dis && dis <= high)
 171   1              {
 172   2                      led_value[7] = 1;
 173   2                      shan_flag = 0;
 174   2              }
 175   1              else
 176   1              {
 177   2                      if (times < 10) 
 178   2                              times++;
 179   2                      else
C51 COMPILER V9.00   MAIN                                                                  03/15/2025 13:44:25 PAGE 4   

 180   2                      {
 181   3                              times = 17;
 182   3                      }
 183   2                      shan_flag = 1;
 184   2              }
 185   1      }
 186          
 187          void adc_proc()
 188          {
 189   1              uchar v;
 190   1              uchar j;
 191   1              adc = ADC(0x03);
 192   1              v = adc;
 193   1              
 194   1              if (adc_state)
 195   1              {
 196   2                      if (0 <= v && v < 51)
 197   2                       {
 198   3                              j = 50; 
 199   3                       }
 200   2                       else if (51 <= v && v < 102)
 201   2                       {
 202   3                              j = 60;
 203   3                       }
 204   2                       else if (102 <= v && v < 153)
 205   2                       {
 206   3                              j = 70;
 207   3                       }
 208   2                       else if (153 <= v && v < 204)
 209   2                       {
 210   3                              j = 80;
 211   3                       }
 212   2                       else if (204 <= v && v <= 255)
 213   2                       {
 214   3                              j = 90;
 215   3                       }
 216   2                high = j;
 217   2              }
 218   1              else
 219   1              {
 220   2                       if (0 <= v && v < 51)
 221   2                       {
 222   3                              j = 0;  
 223   3                       }
 224   2                       else if (51 <= v && v < 102)
 225   2                       {
 226   3                              j = 10;
 227   3                       }
 228   2                       else if (102 <= v && v < 153)
 229   2                       {
 230   3                              j = 20;
 231   3                       }
 232   2                       else if (153 <= v && v < 204)
 233   2                       {
 234   3                              j = 30;
 235   3                       }
 236   2                       else if (204 <= v && v <= 255)
 237   2                       {
 238   3                              j = 40;
 239   3                       }
 240   2                      low = j;                        
 241   2              }
C51 COMPILER V9.00   MAIN                                                                  03/15/2025 13:44:25 PAGE 5   

 242   1               
 243   1               
 244   1              
 245   1      }
 246          
 247          
 248          
 249          void state_machine()
 250          {
 251   1              switch (state)
 252   1              {
 253   2                      case 0:
 254   2                      {
 255   3                              set_seg(43, 16, 16, 16, 16, 16, distance[0], distance[1]); 
 256   3                      } 
 257   2                      break;
 258   2      
 259   2                      case 1:
 260   2                      {
 261   3                         set_seg(24, mode, 16, low / 10, low % 10, 17, high / 10, high % 10);
 262   3                      }
 263   2                      break;
 264   2      
 265   2                      case 2:
 266   2                      {
 267   3                              set_seg(14, 16, 16, 16, 16, 16, 16, times);
 268   3                      }
 269   2                      break;
 270   2              }
 271   1      }


MODULE INFORMATION:   STATIC OVERLAYABLE
   CODE SIZE        =    778    ----
   CONSTANT SIZE    =   ----    ----
   XDATA SIZE       =   ----    ----
   PDATA SIZE       =   ----    ----
   DATA SIZE        =     12       1
   IDATA SIZE       =   ----    ----
   BIT SIZE         =      5    ----
END OF MODULE INFORMATION.


C51 COMPILATION COMPLETE.  0 WARNING(S),  0 ERROR(S)
