C51 COMPILER V9.00   SEG                                                                   03/15/2025 13:44:26 PAGE 1   


C51 COMPILER V9.00, COMPILATION OF MODULE SEG
OBJECT MODULE PLACED IN seg.OBJ
COMPILER INVOKED BY: C:\Keil\C51\BIN\C51.EXE seg.c BROWSE DEBUG OBJECTEXTEND

line level    source

   1          #include "seg.h"
   2          
   3          uchar seg[8] = {0, 0, 0, 0, 0, 0, 0, 0};
   4          uchar code letter[] =  {                       //±ê×¼×Ö¿â
   5          //   0    1    2    3    4    5    6    7    8    9    A    B    C    D    E    F
   6              0x3F,0x06,0x5B,0x4F,0x66,0x6D,0x7D,0x07,0x7F,0x6F,0x77,0x7C,0x39,0x5E,0x79,0x71,
   7          //black  -     H    J    K    L    N    o   P    U     t    G    Q    r   M    y
   8              0x00,0x40,0x76,0x1E,0x70,0x38,0x37,0x5C,0x73,0x3E,0x78,0x3d,0x67,0x50,0x37,0x6e,
   9              0xBF,0x86,0xDB,0xCF,0xE6,0xED,0xFD,0x87,0xFF,0xEF,0x46, 0x77};    //0. 1. 2. 3. 4. 5. 6. 7. 8. 9. -1
  10          // 1110 1110
  11          // 0111 0111
  12          
  13          void seg_display()
  14          {
  15   1              static uchar i;
  16   1              P0 = 0xFF;
  17   1              Y7;
  18   1              Y0;
  19   1      
  20   1              P0 = 0x01 << i;
  21   1              Y6;
  22   1              Y0;
  23   1      
  24   1              P0 = ~letter[seg[i]];
  25   1              Y7;
  26   1              Y0;
  27   1      
  28   1              i = (i + 1) % 8;
  29   1      }
  30          
  31          void set_seg(uchar s0, s1, s2, s3, s4, s5, s6, s7)
  32          {
  33   1              seg[0] = s0;
  34   1              seg[1] = s1;
  35   1              seg[2] = s2;
  36   1              seg[3] = s3;
  37   1      
  38   1              seg[4] = s4;
  39   1              seg[5] = s5;
  40   1              seg[6] = s6;
  41   1              seg[7] = s7;
  42   1      }


MODULE INFORMATION:   STATIC OVERLAYABLE
   CODE SIZE        =     94    ----
   CONSTANT SIZE    =     44    ----
   XDATA SIZE       =   ----    ----
   PDATA SIZE       =   ----    ----
   DATA SIZE        =      9      15
   IDATA SIZE       =   ----    ----
   BIT SIZE         =   ----    ----
END OF MODULE INFORMATION.


C51 COMPILATION COMPLETE.  0 WARNING(S),  0 ERROR(S)
