C51 COMPILER V9.00   SONIC                                                                 03/15/2025 13:44:25 PAGE 1   


C51 COMPILER V9.00, COMPILATION OF MODULE SONIC
OBJECT MODULE PLACED IN sonic.OBJ
COMPILER INVOKED BY: C:\Keil\C51\BIN\C51.EXE sonic.c BROWSE DEBUG OBJECTEXTEND

line level    source

   1          #include "sonic.h"
   2          
   3          sbit tx = P1 ^ 0;
   4          sbit rx = P1 ^ 1;
   5          
   6          void send_sonic()
   7          {
   8   1              uchar i;
   9   1              for (i = 0;i < 8;i++)
  10   1              {
  11   2                      tx = 1;
  12   2                      Delay14us();
  13   2                      tx = 0;
  14   2                      Delay14us();
  15   2              }
  16   1      }
  17          
  18          uint sonic_measure()
  19          {
  20   1              uint distance;
  21   1              
  22   1              TR0 = 0;
  23   1              TL0 = 0;TH0 = 0;
  24   1              TF0 = 0;
  25   1      
  26   1              send_sonic();
  27   1              
  28   1              // rx为1时执行
  29   1              while (rx == 0);
  30   1              TR0 = 1;
  31   1      
  32   1              // rx为0 且未溢出
  33   1              while (rx == 1 && TF0 == 0);
  34   1              TR0 = 0;
  35   1      
  36   1              if (TF0)
  37   1              {
  38   2                      distance = 99;
  39   2                      TF0     = 0;
  40   2              }
  41   1              else
  42   1              {
  43   2                      distance = (uint)( (TH0 << 8) | TL0) * 0.017;
  44   2              }
  45   1              return distance;
  46   1      
  47   1      }


MODULE INFORMATION:   STATIC OVERLAYABLE
   CODE SIZE        =     94    ----
   CONSTANT SIZE    =   ----    ----
   XDATA SIZE       =   ----    ----
   PDATA SIZE       =   ----    ----
   DATA SIZE        =   ----       3
C51 COMPILER V9.00   SONIC                                                                 03/15/2025 13:44:25 PAGE 2   

   IDATA SIZE       =   ----    ----
   BIT SIZE         =   ----    ----
END OF MODULE INFORMATION.


C51 COMPILATION COMPLETE.  0 WARNING(S),  0 ERROR(S)
