C51 COMPILER V9.60.7.0   MAIN                                                              03/06/2026 11:14:19 PAGE 1   


C51 COMPILER V9.60.7.0, COMPILATION OF MODULE MAIN
OBJECT MODULE PLACED IN .\Objects\main.obj
COMPILER INVOKED BY: C:\Keil_v5\C51\BIN\C51.EXE main\main.c OPTIMIZE(8,SPEED) BROWSE INCDIR(.\include) DEBUG OBJECTEXTEN
                    -D PRINT(.\Listings\main.lst) TABS(2) OBJECT(.\Objects\main.obj)

line level    source

   1          #include "main.h"
   2          
   3          sonic_t sonic;
   4          key_t key;
   5          led_t leds;
   6          seg_state_t seg_state;
   7          
   8          /* 任务函数*/
   9          
  10          void key_task() {
  11   1          key.press = key_scan();
  12   1      
  13   1          // 切换显示画面
  14   1          if (key.press == 4) {
  15   2              while_plus(&seg_state.mode, 0, 2);
  16   2      
  17   2              // 切换测距方式
  18   2          } else if (key.press == 5) {
  19   2              while_plus(&sonic.mode, 0, 2);
  20   2          } else if (key.press == 99) {
  21   2              set_led(5, 1);
  22   2          }
  23   1      }
  24          
  25          void sonic_task() {
  26   1          if (sonic.mode == 0) {
  27   2              sonic.distance = sonic_measure_mode1();
  28   2          } else if (sonic.mode == 1) {
  29   2              sonic.distance = sonic_measure_mode2();
  30   2          } else if (sonic.mode == 2) {
  31   2              sonic.distance = sonic_measure_mode3();
  32   2          }
  33   1      }
  34          
  35          void display_state() {
  36   1          switch (seg_state.mode) {
  37   2          case dis_init:
  38   2              {
  39   3                  set_seg(0, 12); // C
  40   3                  set_seg(1, 18);
  41   3                  set_seg(2, 18);
  42   3                  set_seg(3, 18);
  43   3      
  44   3                  set_seg(4, 18);
  45   3                  set_seg(5, 18);
  46   3                  set_seg(6, 18);
  47   3                  set_seg(7, 19);
  48   3              }
  49   2              break;
  50   2      
  51   2          case dis_sonic:
  52   2              {
  53   3                  set_seg(0, sonic.distance / 100 % 10); // C
  54   3                  set_seg(1, sonic.distance / 10 % 10);
C51 COMPILER V9.60.7.0   MAIN                                                              03/06/2026 11:14:19 PAGE 2   

  55   3                  set_seg(2, sonic.distance % 10);
  56   3                  set_seg(3, 16);
  57   3      
  58   3                  set_seg(4, 16);
  59   3                  set_seg(5, 16);
  60   3                  set_seg(6, 16);
  61   3                  set_seg(7, sonic.mode);
  62   3              }
  63   2              break;
  64   2      
  65   2          case dis_key:
  66   2              {
  67   3                  set_seg(0, key.press / 10 % 10);
  68   3                  set_seg(1, key.press % 10);
  69   3                  set_seg(2, 16);
  70   3                  set_seg(3, 16);
  71   3      
  72   3                  set_seg(4, 16);
  73   3                  set_seg(5, 16);
  74   3                  set_seg(6, 16);
  75   3                  set_seg(7, 16);
  76   3              }
  77   2          }
  78   1      }
  79          
  80          /* 主函数*/
  81          
  82          void main_init() {
  83   1          // sonic.mode = 1;
  84   1          //  set_seg(7, 1);
  85   1          // seg_state.mode = 0;
  86   1          // display_state();
  87   1          //  Delay1000ms();
  88   1          // seg_state.mode = 1;
  89   1      }
  90          
  91          void main() {
  92   1          boot_init();
  93   1          main_init();
  94   1          set_led(7, 1);
  95   1          while (1) {
  96   2              if (sonic.time >= SONIC_TIME) {
  97   3                  sonic.time = 0;
  98   3                  sonic_task();
  99   3                  set_led(7, 0);
 100   3              }
 101   2      
 102   2              if (key.time >= KEY_TIME) {
 103   3                  key.time = 0;
 104   3                  set_led(6, 1);
 105   3                  key_task();
 106   3                  set_led(6, 0);
 107   3                  set_led(7, 1);
 108   3              }
 109   2      
 110   2              if (seg_state.time >= SEG_STATE_TIME) {
 111   3                  seg_state.time = 0;
 112   3                  display_state();
 113   3              }
 114   2      
 115   2              if (leds.time >= LED_TIME) {
 116   3                  leds.time = 0;
C51 COMPILER V9.60.7.0   MAIN                                                              03/06/2026 11:14:19 PAGE 3   

 117   3                  led_display();
 118   3              }
 119   2          }
 120   1      }
 121          
 122          void Timer2_Isr(void) interrupt 12 {
 123   1          seg_display();
 124   1      
 125   1          if (sonic.time < SONIC_TIME) { sonic.time++; }
 126   1      
 127   1          if (key.time < KEY_TIME) { key.time++; }
 128   1      
 129   1          if (seg_state.time < SEG_STATE_TIME) { seg_state.time++; }
 130   1      
 131   1          if (leds.time < LED_TIME) { leds.time++; }
 132   1      }
 133          


MODULE INFORMATION:   STATIC OVERLAYABLE
   CODE SIZE        =    513    ----
   CONSTANT SIZE    =   ----    ----
   XDATA SIZE       =   ----    ----
   PDATA SIZE       =   ----    ----
   DATA SIZE        =      9    ----
   IDATA SIZE       =   ----    ----
   BIT SIZE         =   ----    ----
END OF MODULE INFORMATION.


C51 COMPILATION COMPLETE.  0 WARNING(S),  0 ERROR(S)
