C51 COMPILER V9.60.7.0   SEG                                                               03/06/2026 11:14:19 PAGE 1   


C51 COMPILER V9.60.7.0, COMPILATION OF MODULE SEG
OBJECT MODULE PLACED IN .\Objects\seg.obj
COMPILER INVOKED BY: C:\Keil_v5\C51\BIN\C51.EXE main\seg.c OPTIMIZE(8,SPEED) BROWSE INCDIR(.\include) DEBUG OBJECTEXTEND
                    - PRINT(.\Listings\seg.lst) TABS(2) OBJECT(.\Objects\seg.obj)

line level    source

   1          #include "seg.h"
   2          
   3          uint8_t seg_register[8] = {0, 0, 0, 0, 0, 0, 0, 0};
   4          uint8_t seg_last_reg[8] = (16, 16, 16, 16, 16, 16, 16, 16);
   5          
   6          /* const uint8_t code letter[] = { // 标准字库
   7              //   0    1    2    3    4    5    6    7    8    9    A    B    C    D    E    F
   8              0x3F, 0x06, 0x5B, 0x4F, 0x66, 0x6D, 0x7D, 0x07, 0x7F, 0x6F, 0x77, 0x7C, 0x39, 0x5E, 0x79, 0x71,
   9              // black  -     H    J    K    L    N    o   P    U     t    G    Q    r   M    y
  10              0x00, 0x40, 0x76, 0x1E, 0x70, 0x38, 0x37, 0x5C, 0x73, 0x3E, 0x78, 0x3d, 0x67, 0x50, 0x37, 0x6e,
  11              0xBF, 0x86, 0xDB, 0xCF, 0xE6, 0xED, 0xFD, 0x87, 0xFF, 0xEF,
  12              0x46}; // 0. 1. 2. 3. 4. 5. 6. 7. 8. 9. -1 */
  13          
  14          const uint8_t code letter[] = { // 标准字库
  15              //   0    1    2    3    4    5    6    7    8    9    A    B    C    D    E    F
  16              0x3F, 0x06, 0x5B, 0x4F, 0x66, 0x6D, 0x7D, 0x07, 0x7F, 0x6F, 0x77, 0x7C, 0x39, 0x5E, 0x79, 0x71,
  17              // black  -      18
  18              0x00, 0x40, 0x09, 0x0F};
  19          
  20          void seg_display() {
  21   1          static uint8_t i;
  22   1      
  23   1          P0 = 0xFF;
  24   1          latch(7);
  25   1          latch(0);
  26   1      
  27   1          P0 = 0x01 << i;
  28   1          latch(6);
  29   1          latch(0);
  30   1      
  31   1          P0 = ~letter[seg_register[i]];
  32   1          latch(7);
  33   1          latch(0);
  34   1      
  35   1          i = (i + 1) % 8;
  36   1      }
  37          
  38          void set_seg(uint8_t i, uint8_t Data) {
  39   1          seg_register[i] = Data;
  40   1      }


MODULE INFORMATION:   STATIC OVERLAYABLE
   CODE SIZE        =     76    ----
   CONSTANT SIZE    =     20    ----
   XDATA SIZE       =   ----    ----
   PDATA SIZE       =   ----    ----
   DATA SIZE        =     17    ----
   IDATA SIZE       =   ----    ----
   BIT SIZE         =   ----    ----
END OF MODULE INFORMATION.


C51 COMPILATION COMPLETE.  0 WARNING(S),  0 ERROR(S)
