C51 COMPILER V9.60.7.0   SONIC                                                             03/06/2026 11:14:19 PAGE 1   


C51 COMPILER V9.60.7.0, COMPILATION OF MODULE SONIC
OBJECT MODULE PLACED IN .\Objects\sonic.obj
COMPILER INVOKED BY: C:\Keil_v5\C51\BIN\C51.EXE main\sonic.c OPTIMIZE(8,SPEED) BROWSE INCDIR(.\include) DEBUG OBJECTEXTE
                    -ND PRINT(.\Listings\sonic.lst) TABS(2) OBJECT(.\Objects\sonic.obj)

line level    source

   1          #include "sonic.h"
   2          
   3          sbit tx = P1 ^ 0;
   4          sbit rx = P1 ^ 1;
   5          
   6          extern void sonic_send() {
   7   1          uint8_t i;
   8   1          for (i = 0; i < 6; i++) {
   9   2              tx = 1;
  10   2              Delay14us();
  11   2              tx = 0;
  12   2              Delay14us();
  13   2          }
  14   1      }
  15          
  16          uint8_t sonic_measure_mode1() {
  17   1          uint8_t distance;
  18   1      
  19   1          TR1 = 0;
  20   1          TL1 = 0;
  21   1          TH1 = 0;
  22   1          TF1 = 0;
  23   1      
  24   1          sonic_send();
  25   1          while (rx == 0);
  26   1      
  27   1          TR1 = 1;
  28   1      
  29   1          while (rx == 1 && TF1 == 0);
  30   1          TR1 = 0;
  31   1      
  32   1          if (TF1 == 1) {
  33   2              distance = 255;
  34   2          } else {
  35   2              distance = (uint8_t) ((TH1 << 8) | TL1) * 0.017;
  36   2          }
  37   1      
  38   1          return distance;
  39   1      }
  40          
  41          uint8_t sonic_measure_mode2() {
  42   1          uint8_t distance;
  43   1      
  44   1          TR1 = 0;
  45   1          TL1 = 0;
  46   1          TH1 = 0;
  47   1          TF1 = 0;
  48   1      
  49   1          tx = 1;
  50   1          Delay14us();
  51   1          tx = 0;
  52   1          Delay14us();
  53   1      
  54   1          while (rx == 0);
C51 COMPILER V9.60.7.0   SONIC                                                             03/06/2026 11:14:19 PAGE 2   

  55   1      
  56   1          TR1 = 1;
  57   1      
  58   1          while (rx == 1 && TF1 == 0);
  59   1          TR1 = 0;
  60   1      
  61   1          if (TF1 == 1) {
  62   2              distance = 255;
  63   2          } else {
  64   2              distance = (uint8_t) ((TH1 << 8) | TL1) * 0.017;
  65   2          }
  66   1      
  67   1          return distance;
  68   1      }
  69          
  70          uint8_t sonic_measure_mode3() {
  71   1          uint16_t time_Dis = 0;
  72   1          uint8_t i = 0;
  73   1          CMOD = 0x01;
  74   1          CCON = 0x00;
  75   1          CH = 0x00;
  76   1          CL = 0x00;
  77   1      
  78   1          tx = 1;
  79   1          Delay14us();
  80   1          tx = 0;
  81   1          Delay14us();
  82   1      
  83   1          CR = 1;
  84   1          while ((rx == 1) && (CH < 0x40));
  85   1          CR = 0;
  86   1          if (CH >= 0x40) {
  87   2              CF = 0;
  88   2              return 0;
  89   2          } else {
  90   2              time_Dis = (CH << 8) | CL;
  91   2              return (time_Dis * 0.0172);
  92   2          }
  93   1      }


MODULE INFORMATION:   STATIC OVERLAYABLE
   CODE SIZE        =    237    ----
   CONSTANT SIZE    =   ----    ----
   XDATA SIZE       =   ----    ----
   PDATA SIZE       =   ----    ----
   DATA SIZE        =   ----       6
   IDATA SIZE       =   ----    ----
   BIT SIZE         =   ----    ----
END OF MODULE INFORMATION.


C51 COMPILATION COMPLETE.  0 WARNING(S),  0 ERROR(S)
