C51 COMPILER V9.54   MAIN                                                                  12/24/2022 22:38:45 PAGE 1   


C51 COMPILER V9.54, COMPILATION OF MODULE MAIN
OBJECT MODULE PLACED IN .\Objects\main.obj
COMPILER INVOKED BY: D:\Keil5\C51\BIN\C51.EXE main.c OPTIMIZE(8,SPEED) BROWSE DEBUG OBJECTEXTEND PRINT(.\Listings\main.l
                    -st) OBJECT(.\Objects\main.obj)

line level    source

   1          #include <STC15F2K60S2.H>
   2          typedef unsigned char u8;
   3          typedef unsigned int u16;
   4          
   5          #define Y4 P2 = (P2&0x1f)|0x80
   6          
   7          //P2 & 0x1f -> P2 & 0001 1111 -> 高三位清零
   8          //(P2 & 0x1f) | 0xa0 -> 1010 0000 -> P27=1,P26=0 ,P25=1
   9          #define Y5 P2 = (P2&0x1f)|0xa0
  10          
  11          //P2 & 0x1f -> P2 & 0001 1111 -> 高三位清零
  12          //(P2 & 0x1f) | 0xc0 -> 1100 0000 -> P27=P26=1 ,P25=0
  13          #define Y6 P2 = (P2&0x1f)|0xc0
  14          
  15          //P2 & 0x1f -> P2 & 0001 1111 -> 高三位清零
  16          //(P2 & 0x1f) | 0xe0 -> 1110 0000 -> P27=P26=1 ,P25=1
  17          #define Y7 P2 = (P2&0x1f)|0xe0
  18          
  19          //Y0是关闭锁存器此时写入P0口的数据无法驱动外设
  20          #define Y0 P2 = (P2&0x1f)
  21          
  22          /*************  本地常量声明    **************/
  23          
  24          //0x06->1这个字符，不过这个表是共阴极的，~0000 0110=1111 1001
  25          u8 code duan[]={                       //标准字库
  26          //   0    1    2    3    4    5    6    7    8    9    A    B    C    D    E    F
  27              0x3F,0x06,0x5B,0x4F,0x66,0x6D,0x7D,0x07,0x7F,0x6F,0x77,0x7C,0x39,0x5E,0x79,0x71,
  28          //black  -     H    J    K    L    N    o   P    U     t    G    Q    r   M    y
  29              0x00,0x40,0x76,0x1E,0x70,0x38,0x37,0x5C,0x73,0x3E,0x78,0x3d,0x67,0x50,0x37,0x6e,
  30              0xBF,0x86,0xDB,0xCF,0xE6,0xED,0xFD,0x87,0xFF,0xEF,0x46};    //0. 1. 2. 3. 4. 5. 6. 7. 8. 9. -1
  31          
  32          u8 code wei[]={0x01,0x02,0x04,0x08,0x10,0x20,0x40,0x80};      //位码
  33          u8 seg[8]={16,16,16,16,16,16,16,16};
  34          
  35          void Delay(u16 xms)             //@12.000MHz
  36          {
  37   1              unsigned char i, j;
  38   1              while(xms--){
  39   2                      i = 12;
  40   2                      j = 169;
  41   2                      do
  42   2                      {
  43   3                              while (--j);
  44   3                      } while (--i);  
  45   2              }
  46   1              
  47   1      }
  48          //数码管刷新显示
  49          void Seg_Show(){
  50   1              static u8 num=0;//8位数码管，动态显示，每一周期进来该函数一次
  51   1              
  52   1              P0=0xff;Y7;Y0;
  53   1              P0=wei[num];Y6;Y0;//完成位选
  54   1              P0=~duan[seg[num]];Y7;Y0;//完成段选
C51 COMPILER V9.54   MAIN                                                                  12/24/2022 22:38:45 PAGE 2   

  55   1      
  56   1              num++;
  57   1              num%=8;
  58   1      }
  59          
  60          //设置每一个数码管显示的内容
  61          void Seg_Set(u8 t1,t2,t3,t4,t5,t6,t7,t8){
  62   1              seg[0] = t1;
  63   1              seg[1] = t2;
  64   1              seg[2] = t3;
  65   1              seg[3] = t4;
  66   1              seg[4] = t5;
  67   1              seg[5] = t6;
  68   1              seg[6] = t7;
  69   1              seg[7] = t8;
  70   1      }
  71          
  72          
  73          void main(){
  74   1              u16 cnt;
  75   1              u8 sec=5;
  76   1              u8 state=1;
  77   1              P0=0xff;Y4;Y0;
  78   1              P0=0xaf;Y5;Y0;//P06,P04,初始化时这两个设备全部关闭，1010 1111 = 0xaf
  79   1              P0=0xff;Y6;Y0;//位选1111 1111,com口全选，P0=0x00
  80   1              P0=0xff;Y7;Y0;//段选1111 1111,所有数码管关
  81   1              
  82   1              
  83   1              P0=0xbf;Y5;Y0;
  84   1              P0=0xfe;Y4;Y0;
  85   1              while(1){
  86   2                      if(cnt>=1000){
  87   3                              cnt=0;
  88   3                              sec--;
  89   3                              if(sec==0){
  90   4                                      P0=0xef;Y5;Y0;
  91   4                                      P0=0xff;Y6;Y0;
  92   4                                      P0=0xff;Y7;Y0;
  93   4                                      P0=0x7f;Y4;Y0;
  94   4                                      Delay(2000);
  95   4                                      P0=0xbf;Y5;Y0;
  96   4                                      P0=0xfe;Y4;Y0;
  97   4                                      sec=5;
  98   4                              }
  99   3                      }
 100   2                      Seg_Set(16,16,16,16,16,16,sec/10,sec%10);
 101   2                      Seg_Show();
 102   2                      Delay(1);//1ms延时
 103   2                      cnt++;
 104   2                      
 105   2              }
 106   1      }


MODULE INFORMATION:   STATIC OVERLAYABLE
   CODE SIZE        =    382    ----
   CONSTANT SIZE    =     51    ----
   XDATA SIZE       =   ----    ----
   PDATA SIZE       =   ----    ----
   DATA SIZE        =      9      18
   IDATA SIZE       =   ----    ----
   BIT SIZE         =   ----    ----
C51 COMPILER V9.54   MAIN                                                                  12/24/2022 22:38:45 PAGE 3   

END OF MODULE INFORMATION.


C51 COMPILATION COMPLETE.  0 WARNING(S),  0 ERROR(S)
