C51 COMPILER V9.60.7.0   MAIN                                                              03/09/2025 16:34:55 PAGE 1   


C51 COMPILER V9.60.7.0, COMPILATION OF MODULE MAIN
OBJECT MODULE PLACED IN .\Objects\main.obj
COMPILER INVOKED BY: C:\Keil_v5\C51\BIN\C51.EXE main.c OPTIMIZE(8,SPEED) BROWSE DEBUG OBJECTEXTEND PRINT(.\Listings\main
                    -.lst) TABS(2) OBJECT(.\Objects\main.obj)

line level    source

   1          #include "main.h"
   2          
   3          #define KEY_TIME 15
   4          #define TEMP_TIME 1000
   5          
   6          extern uchar led_value[8];
   7          bit key_flag;
   8          
   9          // 0 -> high, 1 -> low
  10          bit show_state, temperature_flag;
  11          
  12          uchar state;
  13          uchar temp_value[3] = {0, 0, 0};
  14          
  15          char adjust;
  16          char adjust_value[3] = {0, 0, 0};
  17          
  18          char argument = 26;
  19          char argument_value[3] = {0, 0, 0};
  20          
  21          /* 
  22          press -> adjust -> adjust_value -> seg
  23          */
  24          void main()
  25          {
  26   1          boot_init();
  27   1          read_temperature();
  28   1          argument_proc();
  29   1          adjust_proc();
  30   1          s4_state(state);
  31   1          
  32   1          led_value[4] = show_state;
  33   1          led_value[5] = ~show_state;
  34   1      
  35   1          while (1)
  36   1          {
  37   2              if (key_flag)
  38   2              {
  39   3                  key_flag = 0;
  40   3                  key_proc();
  41   3              }
  42   2      
  43   2              if (temperature_flag)
  44   2              {
  45   3                  temperature_flag = 0;
  46   3                  temperature_proc();
  47   3              }
  48   2      
  49   2              state_machine();
  50   2          }
  51   1      }
  52          
  53          void timer_1() interrupt 3
  54          {
C51 COMPILER V9.60.7.0   MAIN                                                              03/09/2025 16:34:55 PAGE 2   

  55   1          static uint i;
  56   1          i = (i + 1) % 30000;
  57   1      
  58   1          seg_display();
  59   1          led_display();
  60   1      
  61   1          if (i % KEY_TIME == 0)
  62   1          {
  63   2              key_flag = 1;
  64   2          }
  65   1      
  66   1          if (i % TEMP_TIME == 0)
  67   1          {
  68   2              temperature_flag = 1;
  69   2          }
  70   1      }
  71          
  72          void key_proc()
  73          {   
  74   1          uchar press;
  75   1          press = key_scan();
  76   1      
  77   1          switch (press)
  78   1          {
  79   2              case 4:
  80   2              {
  81   3                  state = (state + 1) % 3;
  82   3                  s4_state(state);
  83   3              }
  84   2              break;
  85   2      
  86   2              case 5:
  87   2              {
  88   3                  show_state = ~show_state;
  89   3      
  90   3                  led_value[4] = show_state;
  91   3                  led_value[5] = ~show_state;
  92   3              }
  93   2              break;
  94   2      
  95   2              case 8:
  96   2              {   
  97   3                  if (state == 1)
  98   3                  {
  99   4                      adjust = (adjust + 1) % 100;
 100   4                      adjust_proc();
 101   4                  }
 102   3                  else if (state == 2)
 103   3                  {
 104   4                      argument = (argument + 1) % 100;
 105   4                      argument_proc();
 106   4                  }
 107   3              }
 108   2              break;
 109   2      
 110   2              case 9:
 111   2              {
 112   3                  if (state == 1)
 113   3                  {
 114   4                      adjust--;
 115   4                      if (adjust == -99)
 116   4                          adjust = 0;
C51 COMPILER V9.60.7.0   MAIN                                                              03/09/2025 16:34:55 PAGE 3   

 117   4                      adjust_proc();
 118   4                  }
 119   3                  else if (state == 2)
 120   3                  {
 121   4                      argument--;
 122   4                      if (argument == -99)
 123   4                          argument = 0;
 124   4                      argument_proc();
 125   4                  }
 126   3              }
 127   2              break;
 128   2          }
 129   1      }
 130          
 131          void state_machine()
 132          {
 133   1          // 数码管显示
 134   1          
 135   1          switch (state)
 136   1          {
 137   2              case 0:
 138   2              {
 139   3                  //C x x x x T T T
 140   3                  set_seg(12, 16, 16, 16, 16, temp_value[0], temp_value[1] + 32, temp_value[2]);
 141   3              }
 142   2              break;
 143   2      
 144   2              case 1:
 145   2              {
 146   3                  // 需要显示负数
 147   3                  set_seg(14, 16, 16, 16, 16, adjust_value[0], adjust_value[1], adjust_value[2]);
 148   3              }
 149   2              break;
 150   2      
 151   2              case 2:
 152   2              {
 153   3                  set_seg(21, 16, 16, 16, 16, argument_value[0], argument_value[1], argument_value[2]);
 154   3              }
 155   2              break;
 156   2          }
 157   1      }
 158          
 159          void temperature_proc()
 160          {
 161   1          // 获取温度并转换为全局变量的数组
 162   1          //uchar i;
 163   1          int temperature;
 164   1          uchar temp_check;
 165   1          temperature = (int) ( (read_temperature() + adjust)* 100) ;
 166   1          // 25 44 + adjust
 167   1          
 168   1        temp_check = (uchar)(temperature / 100);
 169   1          if (show_state)
 170   1          {
 171   2              if (temp_check > argument)
 172   2              {
 173   3                  led_value[7] = 1; 
 174   3              }
 175   2              else
 176   2              {
 177   3                  led_value[7] = 0;
 178   3              }
C51 COMPILER V9.60.7.0   MAIN                                                              03/09/2025 16:34:55 PAGE 4   

 179   2          }
 180   1          else
 181   1          {
 182   2              if (temp_check < argument)
 183   2              {
 184   3                  led_value[7] = 1; 
 185   3              }
 186   2              else
 187   2              {
 188   3                  led_value[7] = 0;
 189   3              }
 190   2          }
 191   1          
 192   1          
 193   1          temp_value[0] = (uchar) (temperature / 1000 % 10);
 194   1          temp_value[1] = (uchar) (temperature / 100 % 10);
 195   1          temp_value[2] = (uchar) (temperature / 10 % 10) ;
 196   1      
 197   1          delete_0(temp_value, 3);
 198   1      }
 199          
 200          void adjust_proc()
 201          {
 202   1          hex_to_seg(adjust_value, adjust);
 203   1      }
 204          
 205          void argument_proc()
 206          {
 207   1          hex_to_seg(argument_value, argument);
 208   1      }
 209          
 210          // 0 符号  1 十位数  2 个位数
 211          void hex_to_seg(char *output, char input)
 212          {
 213   1          if (input < 0)
 214   1          {
 215   2              input = -input;
 216   2              output[1] = input / 10 % 10;
 217   2              output[2] = input % 10;
 218   2      
 219   2              // 删0加负号
 220   2              if (output[1] == 0)
 221   2              {
 222   3                  output[1] = 17;
 223   3                  output[0] = 16;
 224   3              }
 225   2              else
 226   2                  output[0] = 17;
 227   2              
 228   2          }
 229   1          else
 230   1          {
 231   2              output[0] = 16;
 232   2              output[1] = input / 10 % 10;
 233   2              output[2] = input % 10;
 234   2      
 235   2              if (output[1] == 0)
 236   2                  output[1] = 16;
 237   2          }
 238   1      }
 239          
 240          void delete_0(uchar* arrays, uchar j)
C51 COMPILER V9.60.7.0   MAIN                                                              03/09/2025 16:34:55 PAGE 5   

 241          {
 242   1        uchar i;
 243   1          for (i = 0;i < (j - 1); i++)
 244   1          {
 245   2              if (arrays[i] == 0)
 246   2              {
 247   3                  arrays[i] = 16;
 248   3              }
 249   2              else
 250   2                  break;
 251   2          }
 252   1      }


MODULE INFORMATION:   STATIC OVERLAYABLE
   CODE SIZE        =    875    ----
   CONSTANT SIZE    =   ----    ----
   XDATA SIZE       =   ----    ----
   PDATA SIZE       =   ----    ----
   DATA SIZE        =     14       3
   IDATA SIZE       =   ----    ----
   BIT SIZE         =      3    ----
END OF MODULE INFORMATION.


C51 COMPILATION COMPLETE.  0 WARNING(S),  0 ERROR(S)
