C51 COMPILER V9.54   ______________                                                        01/20/2025 17:08:39 PAGE 1   


C51 COMPILER V9.54, COMPILATION OF MODULE ______________
OBJECT MODULE PLACED IN .\Objects\蜂鸣器和继电器.obj
COMPILER INVOKED BY: E:\SoftWareProgrom\keli\C51\BIN\C51.EXE 蜂鸣器和继电器.c OPTIMIZE(8,SPEED) BROWSE DEBUG OBJECTEXTEN
                    -D PRINT(.\Listings\蜂鸣器和继电器.lst) TABS(2) OBJECT(.\Objects\蜂鸣器和继电器.obj)

line level    source

   1          #include <STC15F2K60S2.H>
   2          #include "intrins.h"
   3          
   4          //P2 _ _ _ X X X X X
   5          
   6          void control(char x,y)
   7          {
   8   1        P2 &= 0x1f;   //P2 = P2 & 0x1f;
   9   1        switch(x)
  10   1        {
  11   2          case 4:P2=(P2 & 0x1f)|0x80;break;   //Y4C为高电平
  12   2          case 5:P2=(P2 & 0x1f)|0xa0;break;
  13   2          case 6:P2=(P2 & 0x1f)|0xc0;break;
  14   2          case 7:P2=(P2 & 0x1f)|0xe0;break;
  15   2        }
  16   1        P0=y;
  17   1      }
  18          
  19          void Delay500ms(void) //@11.0592MHz
  20          {
  21   1        unsigned char data i, j, k;
  22   1      
  23   1        _nop_();
  24   1        _nop_();
  25   1        i = 22;
  26   1        j = 3;
  27   1        k = 227;
  28   1        do
  29   1        {
  30   2          do
  31   2          {
  32   3            while (--k);
  33   3          } while (--j);
  34   2        } while (--i);
  35   1      }
  36          
  37          
  38          void main()
  39          {
  40   1        char i=0;
  41   1        
  42   1        control(5,0x00);  //关闭无关器件
  43   1        while(1)
  44   1        {
  45   2          for(i=0;i<=8;i++)
  46   2          {
  47   3            control(4,0xff<<i);
  48   3            Delay500ms();
  49   3          }
  50   2      //    control(5,0xaf);
  51   2      //    Delay500ms();
  52   2          
  53   2          control(5,0xff);
  54   2          Delay500ms();
C51 COMPILER V9.54   ______________                                                        01/20/2025 17:08:39 PAGE 2   

  55   2        }
  56   1      }


MODULE INFORMATION:   STATIC OVERLAYABLE
   CODE SIZE        =    130    ----
   CONSTANT SIZE    =   ----    ----
   XDATA SIZE       =   ----    ----
   PDATA SIZE       =   ----    ----
   DATA SIZE        =   ----    ----
   IDATA SIZE       =   ----    ----
   BIT SIZE         =   ----    ----
END OF MODULE INFORMATION.


C51 COMPILATION COMPLETE.  0 WARNING(S),  0 ERROR(S)
