C51 COMPILER V9.54   ONEWIRE                                                               01/25/2023 22:27:05 PAGE 1   


C51 COMPILER V9.54, COMPILATION OF MODULE ONEWIRE
OBJECT MODULE PLACED IN .\Objects\onewire.obj
COMPILER INVOKED BY: D:\Keil5\C51\BIN\C51.EXE onewire.c OPTIMIZE(8,SPEED) BROWSE DEBUG OBJECTEXTEND PRINT(.\Listings\one
                    -wire.lst) OBJECT(.\Objects\onewire.obj)

line level    source

   1          #include "onewire.h"
   2          
   3          //单总线内部延时函数
   4          void Delay_OneWire(unsigned int t)  
   5          {
   6   1              //一定记得改延时
   7   1              u8 i;
   8   1              while(t--){
   9   2                      for(i=0;i<12;i++);
  10   2              }
  11   1      }
  12          
  13          //单总线写操作
  14          void Write_DS18B20(unsigned char dat)
  15          {
  16   1              unsigned char i;
  17   1              for(i=0;i<8;i++)
  18   1              {
  19   2                      DQ = 0;
  20   2                      DQ = dat&0x01;
  21   2                      Delay_OneWire(5);
  22   2                      DQ = 1;
  23   2                      dat >>= 1;
  24   2              }
  25   1              Delay_OneWire(5);
  26   1      }
  27          
  28          //单总线读操作
  29          unsigned char Read_DS18B20(void)
  30          {
  31   1              unsigned char i;
  32   1              unsigned char dat;
  33   1        
  34   1              for(i=0;i<8;i++)
  35   1              {
  36   2                      DQ = 0;
  37   2                      dat >>= 1;
  38   2                      DQ = 1;
  39   2                      if(DQ)
  40   2                      {
  41   3                              dat |= 0x80;
  42   3                      }           
  43   2                      Delay_OneWire(5);
  44   2              }
  45   1              return dat;
  46   1      }
  47          
  48          //DS18B20初始化
  49          bit init_ds18b20(void)
  50          {
  51   1              bit initflag = 0;
  52   1              
  53   1              DQ = 1;
  54   1              Delay_OneWire(12);
C51 COMPILER V9.54   ONEWIRE                                                               01/25/2023 22:27:05 PAGE 2   

  55   1              DQ = 0;
  56   1              Delay_OneWire(80);
  57   1              DQ = 1;
  58   1              Delay_OneWire(10); 
  59   1          initflag = DQ;     
  60   1              Delay_OneWire(5);
  61   1        
  62   1              return initflag;
  63   1      }
  64          
  65          
  66          float rd_temperature(void){
  67   1              u8 low,high;
  68   1              int T;
  69   1              init_ds18b20();
  70   1              Write_DS18B20(0xcc);
  71   1              Write_DS18B20(0x44);
  72   1              Delay_OneWire(200);
  73   1              
  74   1              init_ds18b20();
  75   1              Write_DS18B20(0xcc);
  76   1              Write_DS18B20(0xbe);
  77   1              low = Read_DS18B20();
  78   1              high = Read_DS18B20();
  79   1              T = high<<8 | low;
  80   1              return T/16.0;
  81   1      }


MODULE INFORMATION:   STATIC OVERLAYABLE
   CODE SIZE        =    184    ----
   CONSTANT SIZE    =   ----    ----
   XDATA SIZE       =   ----    ----
   PDATA SIZE       =   ----    ----
   DATA SIZE        =   ----    ----
   IDATA SIZE       =   ----    ----
   BIT SIZE         =   ----       1
END OF MODULE INFORMATION.


C51 COMPILATION COMPLETE.  0 WARNING(S),  0 ERROR(S)
