C51 COMPILER V9.60.7.0   MAIN                                                              06/07/2025 20:53:27 PAGE 1   


C51 COMPILER V9.60.7.0, COMPILATION OF MODULE MAIN
OBJECT MODULE PLACED IN .\Objects\main.obj
COMPILER INVOKED BY: C:\Keil_v5\C51\BIN\C51.EXE main.c OPTIMIZE(8,SPEED) BROWSE DEBUG OBJECTEXTEND PRINT(.\Listings\main
                    -.lst) TABS(2) OBJECT(.\Objects\main.obj)

line level    source

   1          #include "main.h"
   2          u8 LED_BUFF=0xff;//LED缓存区，一开始全灭
   3          u16 cnt;//定时器0计数
   4          u8 num;//接按键值
   5          bit key_flag,led_flag,uart_send;
   6          void main(){
   7   1        Sys_Init();
   8   1        Timer0Init();
   9   1        UartInit();
  10   1        while(1){
  11   2          if(key_flag){
  12   3            key_flag=0;
  13   3            num=Key_Scan();
  14   3          }
  15   2          if(uart_send){
  16   3            uart_send=0;
  17   3            Uart_SendString("hello world\r\n");
  18   3          }
  19   2          if(led_flag){
  20   3            led_flag=0;
  21   3            ET0=0;//关闭中断，防止数码管刷新影响点灯
  22   3            P0=LED_BUFF;
  23   3            Y4;Y0;
  24   3            ET0=1;//打开中断
  25   3          }
  26   2          
  27   2      
  28   2        }
  29   1      }
  30          
  31          void Timer0_Int() interrupt 1{
  32   1        Seg_Show();
  33   1        cnt++;
  34   1        if(cnt%20==0)key_flag=1;
  35   1        if(cnt%50==0)led_flag=1;
  36   1        if(cnt%200==0)uart_send=1;
  37   1        cnt%=1000;
  38   1      }
  39          
  40          void UART_INT() interrupt 4{
  41   1        if(RI){
  42   2          RI=0;
  43   2          LED_BUFF = SBUF;//获取串口数据点灯
  44   2        }
  45   1      }


MODULE INFORMATION:   STATIC OVERLAYABLE
   CODE SIZE        =    199    ----
   CONSTANT SIZE    =     14    ----
   XDATA SIZE       =   ----    ----
   PDATA SIZE       =   ----    ----
   DATA SIZE        =      4    ----
   IDATA SIZE       =   ----    ----
C51 COMPILER V9.60.7.0   MAIN                                                              06/07/2025 20:53:27 PAGE 2   

   BIT SIZE         =      3    ----
END OF MODULE INFORMATION.


C51 COMPILATION COMPLETE.  0 WARNING(S),  0 ERROR(S)
