C51 COMPILER V9.60.7.0   SYS                                                               06/07/2025 20:53:27 PAGE 1   


C51 COMPILER V9.60.7.0, COMPILATION OF MODULE SYS
OBJECT MODULE PLACED IN .\Objects\sys.obj
COMPILER INVOKED BY: C:\Keil_v5\C51\BIN\C51.EXE sys.c OPTIMIZE(8,SPEED) BROWSE DEBUG OBJECTEXTEND PRINT(.\Listings\sys.l
                    -st) TABS(2) OBJECT(.\Objects\sys.obj)

line level    source

   1          #include "sys.h"
   2          void Sys_Init(){
   3   1        P0=0xff;Y4;Y0;
   4   1        P0=0xaf;Y5;Y0;
   5   1        P0=0xff;Y6;Y0;
   6   1        P0=0xff;Y7;Y0;
   7   1      }
   8          void Delay(u16 xms)   //@12.000MHz
   9          {
  10   1        unsigned char i, j;
  11   1        while(xms--){
  12   2          i = 12;
  13   2          j = 169;
  14   2          do
  15   2          {
  16   3            while (--j);
  17   3          } while (--i);  
  18   2        }
  19   1        
  20   1      }
  21          
  22          void Timer0Init(void)   //1毫秒@12.000MHz
  23          {
  24   1        AUXR &= 0x7F;   //定时器时钟12T模式
  25   1        TMOD &= 0xF0;   //设置定时器模式
  26   1        TL0 = 0x18;   //设置定时初值
  27   1        TH0 = 0xFC;   //设置定时初值
  28   1        TF0 = 0;    //清除TF0标志
  29   1        TR0 = 1;    //定时器0开始计时
  30   1        ET0 = 1;
  31   1        EA = 1;
  32   1      }
  33          
  34          void UartInit(void)   //4800bps@12.000MHz
  35          {
  36   1        SCON = 0x50;    //8位数据,可变波特率
  37   1        AUXR |= 0x01;   //串口1选择定时器2为波特率发生器
  38   1        AUXR |= 0x04;   //定时器2时钟为Fosc,即1T
  39   1        T2L = 0x8F;   //设定定时初值
  40   1        T2H = 0xFD;   //设定定时初值
  41   1        AUXR |= 0x10;   //启动定时器2
  42   1        ES = 1;     //打开串口中断
  43   1      }
  44          
  45          void Uart_SendString(u8 *str){
  46   1        while(*str!='\0'){
  47   2          SBUF = *str;
  48   2          while(TI==0);
  49   2          TI=0;
  50   2          str++;
  51   2        }
  52   1      }


C51 COMPILER V9.60.7.0   SYS                                                               06/07/2025 20:53:27 PAGE 2   

MODULE INFORMATION:   STATIC OVERLAYABLE
   CODE SIZE        =    142    ----
   CONSTANT SIZE    =   ----    ----
   XDATA SIZE       =   ----    ----
   PDATA SIZE       =   ----    ----
   DATA SIZE        =   ----    ----
   IDATA SIZE       =   ----    ----
   BIT SIZE         =   ----    ----
END OF MODULE INFORMATION.


C51 COMPILATION COMPLETE.  0 WARNING(S),  0 ERROR(S)
