C51 COMPILER V9.60.7.0   TUBE                                                              06/07/2025 20:53:27 PAGE 1   


C51 COMPILER V9.60.7.0, COMPILATION OF MODULE TUBE
OBJECT MODULE PLACED IN .\Objects\tube.obj
COMPILER INVOKED BY: C:\Keil_v5\C51\BIN\C51.EXE tube.c OPTIMIZE(8,SPEED) BROWSE DEBUG OBJECTEXTEND PRINT(.\Listings\tube
                    -.lst) TABS(2) OBJECT(.\Objects\tube.obj)

line level    source

   1          #include "tube.h"
   2          
   3          /*************  本地常量声明    **************/
   4          u8 code duan[]={                       //标准字库
   5          //   0    1    2    3    4    5    6    7    8    9    A    B    C    D    E    F
   6              0x3F,0x06,0x5B,0x4F,0x66,0x6D,0x7D,0x07,0x7F,0x6F,0x77,0x7C,0x39,0x5E,0x79,0x71,
   7          //black  -     H    J    K    L    N    o   P    U     t    G    Q    r   M    y
   8              0x00,0x40,0x76,0x1E,0x70,0x38,0x37,0x5C,0x73,0x3E,0x78,0x3d,0x67,0x50,0x37,0x6e,
   9              0xBF,0x86,0xDB,0xCF,0xE6,0xED,0xFD,0x87,0xFF,0xEF,0x46};    //0. 1. 2. 3. 4. 5. 6. 7. 8. 9. -1
  10          
  11          u8 code wei[]={0x01,0x02,0x04,0x08,0x10,0x20,0x40,0x80};      //位码
  12          u8 seg[8] = {16,16,16,16,16,16,16,16};
  13          
  14          
  15          void Seg_Show(){
  16   1        static u8 num;
  17   1        
  18   1        P0=0xff;Y7;Y0;
  19   1        P0=wei[num];Y6;Y0;
  20   1        P0=~duan[seg[num]];Y7;Y0;
  21   1        
  22   1        num++;
  23   1        num%=8;
  24   1      }
  25          
  26          void Seg_Set(u8 t1,t2,t3,t4,t5,t6,t7,t8){
  27   1        seg[0]=t1;
  28   1        seg[1]=t2;
  29   1        seg[2]=t3;
  30   1        seg[3]=t4;
  31   1        seg[4]=t5;
  32   1        seg[5]=t6;
  33   1        seg[6]=t7;
  34   1        seg[7]=t8;
  35   1        
  36   1      }
  37          
  38          
  39          


MODULE INFORMATION:   STATIC OVERLAYABLE
   CODE SIZE        =     85    ----
   CONSTANT SIZE    =     51    ----
   XDATA SIZE       =   ----    ----
   PDATA SIZE       =   ----    ----
   DATA SIZE        =      9      15
   IDATA SIZE       =   ----    ----
   BIT SIZE         =   ----    ----
END OF MODULE INFORMATION.


C51 COMPILATION COMPLETE.  0 WARNING(S),  0 ERROR(S)
