C51 COMPILER V9.60.7.0   DISPLAY                                                           02/03/2026 16:52:35 PAGE 1   


C51 COMPILER V9.60.7.0, COMPILATION OF MODULE DISPLAY
OBJECT MODULE PLACED IN .\Objects\display.obj
COMPILER INVOKED BY: C:\Keil_v5\C51\BIN\C51.EXE code\display.c OPTIMIZE(8,SPEED) BROWSE DEBUG OBJECTEXTEND PRINT(.\Listi
                    -ngs\display.lst) TABS(2) OBJECT(.\Objects\display.obj)

line level    source

   1          #include "display.h"
   2          
   3          
   4          uchar seg_list[8] = {0, 0, 0, 0, 0, 0, 0, 0};
*** ERROR C129 IN LINE 4 OF code\display.c: missing ';' before 'seg_list'
   5          uchar led_list[8] = {0, 0, 0, 0, 0, 0, 0, 0};
   6          
   7          uchar randz;
   8          
   9          code uchar letter[] = {                       //标准字库
  10          //   0    1    2    3    4    5    6    7    8    9    A    B    C    D    E    F
  11              0x3F,0x06,0x5B,0x4F,0x66,0x6D,0x7D,0x07,0x7F,0x6F,0x77,0x7C,0x39,0x5E,0x79,0x71,
  12          //black  -     H    J    K    L    N    o   P    U     t    G    Q    r   M    y
  13              0x00,0x40,0x76,0x1E,0x70,0x38,0x37,0x5C,0x73,0x3E,0x78,0x3d,0x67,0x50,0x37,0x6e,
  14              0xBF,0x86,0xDB,0xCF,0xE6,0xED,0xFD,0x87,0xFF,0xEF,0x46};    //0. 1. 2. 3. 4. 5. 6. 7. 8. 9. -1
  15          
  16          
  17          void seg_display()
  18          {
  19              static uchar i;
  20              
  21              P0 = 0x00;
  22              latch(7);
  23          
  24              P0 = 0x01 << i;
  25              latch(6);
  26          
  27              P0 = ~letter[seg_list[i]];
  28              latch(7);
  29          
  30              i = i + 1;
  31              if (i == 8) { i = 0;}
  32          }
  33          
  34          
  35          void led_display()
  36          {
  37              static uchar i;
  38              static uchar temp;
  39              static uchar last;
  40          
  41              if (led_list[i])
  42              {
  43                  temp = temp | (0x01 << i);
  44              }
  45              else
  46              {
  47                  temp =temp & ~(0x01 << i);
  48              }
  49          
  50              if (last != temp)
  51              {
  52                  P0 = ~temp;
  53                  latch(4);
C51 COMPILER V9.60.7.0   DISPLAY                                                           02/03/2026 16:52:35 PAGE 2   

  54          
  55                  last = temp;
  56              }
  57              i = i + 1;
  58              if (i == 8) { i = 0;}
  59          }
  60          
  61          void relay(uchar state)
  62          {
  63              if (state)
  64              {
  65                  randz = randz | (0x10);
  66              }
  67              else
  68              {
  69                  randz = randz & ~(0x10);
  70              }
  71          
  72              P0 = randz;
  73              latch(5);
  74          }

C51 COMPILATION COMPLETE.  0 WARNING(S),  1 ERROR(S)
