C51 COMPILER V9.60.7.0   BOOT                                                              04/09/2025 17:30:56 PAGE 1   


C51 COMPILER V9.60.7.0, COMPILATION OF MODULE BOOT
OBJECT MODULE PLACED IN .\Objects\boot.obj
COMPILER INVOKED BY: D:\Program Files\keil5\C51\BIN\C51.EXE code\boot.c OPTIMIZE(8,SPEED) BROWSE DEBUG OBJECTEXTEND PRIN
                    -T(.\Listings\boot.lst) TABS(2) OBJECT(.\Objects\boot.obj)

line level    source

   1          #include "boot.h"
   2          
   3          void boot_init()
   4          {
   5   1          P0M0 = 0x00; P0M1 = 0x00; 
   6   1          P1M0 = 0x00; P1M1 = 0x00; 
   7   1          P2M0 = 0x00; P2M1 = 0x00; 
   8   1          P3M0 = 0x00; P3M1 = 0x00; 
   9   1          P4M0 = 0x00; P4M1 = 0x00; 
  10   1          P5M0 = 0x00; P5M1 = 0x00; 
  11   1          P6M0 = 0x00; P6M1 = 0x00; 
  12   1          P7M0 = 0x00; P7M1 = 0x00; 
  13   1      
  14   1          timer_1();
  15   1          EA = 1;
  16   1      }
  17          
  18          void timer_1()
  19          {
  20   1          AUXR &= 0xBF;     //定时器时钟12T模式
  21   1        TMOD &= 0x0F;     //设置定时器模式
  22   1        TL1 = 0x18;       //设置定时初始值
  23   1        TH1 = 0xFC;       //设置定时初始值
  24   1        TF1 = 0;        //清除TF1标志
  25   1        TR1 = 1;        //定时器1开始计时
  26   1        ET1 = 1;        //使能定时器1中断
  27   1      }
  28          
  29          void batch(uchar i)
  30          {
  31   1          switch (i)
  32   1          {
  33   2              case 0: { P2 = P2 & 0x1F; break; }
  34   2              case 4: { P2 = (P2 & 0x1F) | 0x80; break; }
  35   2              case 5: { P2 = (P2 & 0x1F) | 0xA0; break; }
  36   2              case 6: { P2 = (P2 & 0x1F) | 0xC0; break; }
  37   2              case 7: { P2 = (P2 & 0x1F) | 0xE0; break; }
  38   2          }
  39   1      }
  40          
  41          
  42          


MODULE INFORMATION:   STATIC OVERLAYABLE
   CODE SIZE        =    116    ----
   CONSTANT SIZE    =   ----    ----
   XDATA SIZE       =   ----    ----
   PDATA SIZE       =   ----    ----
   DATA SIZE        =   ----    ----
   IDATA SIZE       =   ----    ----
   BIT SIZE         =   ----    ----
END OF MODULE INFORMATION.


C51 COMPILATION COMPLETE.  0 WARNING(S),  0 ERROR(S)
