C51 COMPILER V9.60.7.0   DS1302                                                            04/08/2025 19:39:35 PAGE 1   


C51 COMPILER V9.60.7.0, COMPILATION OF MODULE DS1302
OBJECT MODULE PLACED IN .\Objects\ds1302.obj
COMPILER INVOKED BY: C:\Keil_v5\C51\BIN\C51.EXE code\ds1302.c OPTIMIZE(8,SPEED) BROWSE DEBUG OBJECTEXTEND PRINT(.\Listin
                    -gs\ds1302.lst) TABS(2) OBJECT(.\Objects\ds1302.obj)

line level    source

   1          #include "ds1302.h"
   2          
   3          sbit SDA = P2^3;
   4          sbit SCK = P1^7;
   5          sbit RST = P1^3;
   6          
   7          // 秒 分 时 天 月 星期 年
   8          const uchar code write_address[7] = {0x80, 0x82, 0x84, 0x86, 0x88, 0x8A, 0x8C};
   9          const uchar code read_address[7] = {0x81, 0x83, 0x85, 0x87, 0x89, 0x8B, 0x8D};
  10                          
  11          
  12          //
  13          void Write_Ds1302(unsigned  char temp) 
  14          {
  15   1        unsigned char i;
  16   1        for (i=0;i<8;i++)       
  17   1        { 
  18   2          SCK = 0;
  19   2          SDA = temp&0x01;
  20   2          temp>>=1; 
  21   2          SCK=1;
  22   2        }
  23   1      }   
  24          
  25          //
  26          void Write_Ds1302_Byte( unsigned char address,unsigned char dat )     
  27          {
  28   1        RST=0;  _nop_();
  29   1        SCK=0;  _nop_();
  30   1        RST=1;  _nop_();  
  31   1        Write_Ds1302(address);  
  32   1        Write_Ds1302(dat);    
  33   1        RST=0; 
  34   1      }
  35          
  36          //
  37          unsigned char Read_Ds1302_Byte ( unsigned char address )
  38          {
  39   1        unsigned char i,temp=0x00;
  40   1        RST=0;  _nop_();
  41   1        SCK=0;  _nop_();
  42   1        RST=1;  _nop_();
  43   1        Write_Ds1302(address);
  44   1        for (i=0;i<8;i++)   
  45   1        {   
  46   2          SCK=0;
  47   2          temp>>=1; 
  48   2          if(SDA)
  49   2          temp|=0x80; 
  50   2          SCK=1;
  51   2        } 
  52   1        RST=0;  _nop_();
  53   1        SCK=0;  _nop_();
  54   1        SCK=1;  _nop_();
C51 COMPILER V9.60.7.0   DS1302                                                            04/08/2025 19:39:35 PAGE 2   

  55   1        SDA=0;  _nop_();
  56   1        SDA=1;  _nop_();
  57   1        return (temp);      
  58   1      }
  59          
  60          uchar hex_to_bcd(uchar HEX)
  61          {
  62   1        uchar BCD;
  63   1        BCD = (HEX / 10) << 4 | (HEX % 10);
  64   1        return BCD;
  65   1      }
  66          
  67          uchar bcd_to_hex(uchar BCD)
  68          {
  69   1        uchar HEX;
  70   1        HEX = (BCD << 4)* 10 | (BCD & 0x0F);
  71   1        return HEX;
  72   1      }
  73          
  74          void datetime_write(uchar *time)
  75          {
  76   1        // time -> bcd
  77   1        uchar i;
  78   1        Write_Ds1302_Byte(0x8E, 0x00);
  79   1        
  80   1        for (i = 0;i < 3;i++)
  81   1        {
  82   2          Write_Ds1302_Byte(write_address[i], time[i]);
  83   2        }
  84   1        
  85   1        Write_Ds1302_Byte(0x8E, 0x80);
  86   1      }
  87          
  88          void datetime_read(uchar *time)
  89          {
  90   1        uchar i;
  91   1        for (i = 0;i < 3;i++)
  92   1        {
  93   2          time[i] = Read_Ds1302_Byte(read_address[i]);
  94   2        }
  95   1      
  96   1        for (i = 0;i < 3;i++)
  97   1        {
  98   2          time[i] = bcd_to_hex(time[i]);
  99   2        }
 100   1      }


MODULE INFORMATION:   STATIC OVERLAYABLE
   CODE SIZE        =    251    ----
   CONSTANT SIZE    =     14    ----
   XDATA SIZE       =   ----    ----
   PDATA SIZE       =   ----    ----
   DATA SIZE        =   ----       6
   IDATA SIZE       =   ----    ----
   BIT SIZE         =   ----    ----
END OF MODULE INFORMATION.


C51 COMPILATION COMPLETE.  0 WARNING(S),  0 ERROR(S)
