C51 COMPILER V9.54   MAIN                                                                  12/29/2022 20:00:28 PAGE 1   


C51 COMPILER V9.54, COMPILATION OF MODULE MAIN
OBJECT MODULE PLACED IN .\Objects\main.obj
COMPILER INVOKED BY: D:\Keil5\C51\BIN\C51.EXE main.c OPTIMIZE(8,SPEED) BROWSE DEBUG OBJECTEXTEND PRINT(.\Listings\main.l
                    -st) OBJECT(.\Objects\main.obj)

line level    source

   1          #include "main.h"
   2          
   3          u16 cnt;//定时器0计数
   4          u8 num;//接按键值
   5          u8 at_read;//AT24C02的读取数据值
   6          bit key_flag,led_flag,read_flag;
   7          void main(){
   8   1              at_read = AT24C02_Read(0x00);
   9   1              Sys_Init();
  10   1              Timer0Init();
  11   1              
  12   1              while(1){
  13   2                      if(key_flag){
  14   3                              key_flag=0;
  15   3                              num=Key_Scan();
  16   3                      }
  17   2                      if(read_flag){
  18   3                              read_flag=0;
  19   3                              at_read=AT24C02_Read(0x00);//读取0地址的数据
  20   3                      }
  21   2                      if(num){
  22   3                              AT24C02_Write(0x00,num);//将按键值写入AT24C02
  23   3                              num=0;
  24   3                      }
  25   2                      
  26   2              }
  27   1      }
  28          
  29          void Timer0_Int() interrupt 1{
  30   1              Seg_Show();
  31   1              cnt++;
  32   1              if(cnt%10==0)Seg_Set(at_read,16,16,16,16,16,16,16);
  33   1              if(cnt%20==0)key_flag=1;
  34   1              if(cnt%50==0)led_flag=1;
  35   1              if(cnt%100==0)read_flag=1;//100ms读一次AT24C02
  36   1              cnt%=1000;
  37   1      }


MODULE INFORMATION:   STATIC OVERLAYABLE
   CODE SIZE        =    233    ----
   CONSTANT SIZE    =   ----    ----
   XDATA SIZE       =   ----    ----
   PDATA SIZE       =   ----    ----
   DATA SIZE        =      4    ----
   IDATA SIZE       =   ----    ----
   BIT SIZE         =      3    ----
END OF MODULE INFORMATION.


C51 COMPILATION COMPLETE.  0 WARNING(S),  0 ERROR(S)
