C51 COMPILER V9.60.7.0   KEY                                                               03/23/2025 18:37:40 PAGE 1   


C51 COMPILER V9.60.7.0, COMPILATION OF MODULE KEY
OBJECT MODULE PLACED IN key.OBJ
COMPILER INVOKED BY: C:\Keil_v5\C51\BIN\C51.EXE key.c OPTIMIZE(8,SPEED) BROWSE DEBUG OBJECTEXTEND TABS(2)

line level    source

   1          #include "Key.h"
   2          
   3          uchar scankey()
   4          {
   5   1        static uchar state, value, i;
   6   1        uchar press = 0xFF, temp = 99;
   7   1      
   8   1        P3 = 0x0F;
   9   1        P42 = 0; P44 = 0;
  10   1        P36 = P42; P37 = P44;
  11   1      
  12   1        press = P3 & 0x0F;
  13   1      
  14   1        switch (state)
  15   1        {
  16   2          case 0:
  17   2          {
  18   3            if (press != 0x0F)
  19   3            {
  20   4              state = 1;
  21   4            }
  22   3          }
  23   2          break;
  24   2      
  25   2          case 1:
  26   2          {
  27   3            if (press == 0x0F)
  28   3            {
  29   4              state = 0;
  30   4            }
  31   3            else
  32   3            {             
  33   4              P3 = press | 0xF0;
  34   4              P42 = 1; P44 = 1;
  35   4              P36 = P42; P37 = P44;
  36   4            
  37   4              press = P3;
  38   4              state = 2;
  39   4      
  40   4              switch (press)
  41   4              {
  42   5                case 0x77: {value = 4; break;}
  43   5                case 0x7b: {value = 5; break;}
  44   5                case 0xb7: {value = 8; break;}
  45   5                case 0xbb: {value = 9; break;}
  46   5                default: state = 0;
  47   5              }
  48   4            }
  49   3          }
  50   2          break;
  51   2      
  52   2          case 2:
  53   2          {
  54   3            if (press != 0x0F)
  55   3            {
C51 COMPILER V9.60.7.0   KEY                                                               03/23/2025 18:37:40 PAGE 2   

  56   4              i++;
  57   4              if (i > 100)
  58   4              {
  59   5                state = 3;
  60   5                i = 0;
  61   5              }
  62   4            }
  63   3            else
  64   3            {
  65   4              i = 0;
  66   4              temp = value;
  67   4              value = 0;
  68   4              state = 0;
  69   4            }
  70   3          }
  71   2          break;
  72   2      
  73   2          case 3:
  74   2          {
  75   3            if (press == 0x0F)
  76   3            {
  77   4              temp = value + 20;
  78   4              value = 0;
  79   4              state = 0;
  80   4            }
  81   3          }
  82   2          break;
  83   2        }
  84   1        return temp;
  85   1      }


MODULE INFORMATION:   STATIC OVERLAYABLE
   CODE SIZE        =    186    ----
   CONSTANT SIZE    =   ----    ----
   XDATA SIZE       =   ----    ----
   PDATA SIZE       =   ----    ----
   DATA SIZE        =      3       2
   IDATA SIZE       =   ----    ----
   BIT SIZE         =   ----    ----
END OF MODULE INFORMATION.


C51 COMPILATION COMPLETE.  0 WARNING(S),  0 ERROR(S)
