C51 COMPILER V9.00   DS1302                                                                03/02/2025 13:58:24 PAGE 1   


C51 COMPILER V9.00, COMPILATION OF MODULE DS1302
OBJECT MODULE PLACED IN ds1302.OBJ
COMPILER INVOKED BY: C:\Keil\C51\BIN\C51.EXE ds1302.c BROWSE DEBUG OBJECTEXTEND

line level    source

   1          #include "ds1302.h"
   2          
   3          sbit SCK = P1 ^ 7;
   4          sbit SDA = P2 ^ 3;
   5          sbit RST = P1 ^ 3;
   6          // 秒 分 时 天 月 星期 年
   7          uchar read_address[7] = {0x81, 0x83, 0x85, 0x87, 0x89, 0x8B, 0x8D};
   8          uchar Write_address[7] = {0x80, 0x82, 0x84, 0x86, 0x88, 0x8A, 0x8C};
   9          
  10          uchar init_time_array[7] = {0x12, 0x12, 0x12, 0x12, 0x03, 0x04, 0x25};
  11          uchar now_time[7] = {0, 0, 0, 0, 0, 0, 0};
  12          //
  13          void Write_Ds1302(unsigned  char temp) 
  14          {
  15   1              unsigned char i;
  16   1              for (i=0;i<8;i++)       
  17   1              { 
  18   2                      SCK = 0;
  19   2                      SDA = temp&0x01;
  20   2                      temp>>=1; 
  21   2                      SCK=1;
  22   2              }
  23   1      }   
  24          
  25          //
  26          void Write_Ds1302_Byte( unsigned char address,unsigned char dat )     
  27          {
  28   1              RST=0;  _nop_();
  29   1              SCK=0;  _nop_();
  30   1              RST=1;  _nop_();  
  31   1              Write_Ds1302(address);  
  32   1              Write_Ds1302(dat);              
  33   1              RST=0; 
  34   1      }
  35          
  36          //
  37          unsigned char Read_Ds1302_Byte ( unsigned char address )
  38          {
  39   1              unsigned char i,temp=0x00;
  40   1              RST=0;  _nop_();
  41   1              SCK=0;  _nop_();
  42   1              RST=1;  _nop_();
  43   1              Write_Ds1302(address);
  44   1              for (i=0;i<8;i++)       
  45   1              {               
  46   2                      SCK=0;
  47   2                      temp>>=1;       
  48   2                      if(SDA)
  49   2                      temp|=0x80;     
  50   2                      SCK=1;
  51   2              } 
  52   1              RST=0;  _nop_();
  53   1              SCK=0;  _nop_();
  54   1              SCK=1;  _nop_();
  55   1              SDA=0;  _nop_();
C51 COMPILER V9.00   DS1302                                                                03/02/2025 13:58:24 PAGE 2   

  56   1              SDA=1;  _nop_();
  57   1              return (temp);                  
  58   1      }
  59          
  60          uchar hex_to_bcd(uchar HEX)
  61          {
  62   1              uchar BCD;
  63   1              BCD = ((HEX / 10) << 4) + (HEX % 10);
  64   1              return BCD;
  65   1      }
  66          
  67          uchar bcd_to_hex(uchar BCD)
  68          {
  69   1              uchar HEX;
  70   1              HEX = ( (BCD >> 4) * 10) + (BCD & 0x0F);
  71   1              return HEX;
  72   1      }
  73          
  74          void init_time()
  75          {
  76   1              uchar i;
  77   1              Write_Ds1302_Byte(0x8E, 0x00);
  78   1      
  79   1              for (i = 0;i < 7;i++)
  80   1              {
  81   2                      Write_Ds1302_Byte(Write_address[i], init_time_array[i]);
  82   2              }
  83   1      
  84   1              Write_Ds1302_Byte(0x8E, 0x80);
  85   1      
  86   1      }
  87          
  88          
  89          void write_time(uchar *time)
  90          {
  91   1              uchar i;
  92   1              time[i] = hex_to_bcd(time[i]);
  93   1      
  94   1              Write_Ds1302_Byte(0x8E, 0x00);
  95   1      
  96   1              for (i = 0;i < 7;i++)
  97   1              {
  98   2                      Write_Ds1302_Byte(Write_address[i], time[i]);
  99   2              }
 100   1      
 101   1              Write_Ds1302_Byte(0x8E, 0x80);
 102   1      }
 103          
 104          void read_time()
 105          {
 106   1              uchar i;
 107   1              for (i = 0;i < 7;i++)
 108   1              {
 109   2                      now_time[i] = Read_Ds1302_Byte(read_address[i]);
 110   2              }
 111   1      
 112   1              for (i = 0;i < 7;i++)
 113   1              {
 114   2                      now_time[i] = bcd_to_hex(now_time[i]); 
 115   2              }
 116   1      }

C51 COMPILER V9.00   DS1302                                                                03/02/2025 13:58:24 PAGE 3   


MODULE INFORMATION:   STATIC OVERLAYABLE
   CODE SIZE        =    280    ----
   CONSTANT SIZE    =   ----    ----
   XDATA SIZE       =   ----    ----
   PDATA SIZE       =   ----    ----
   DATA SIZE        =     28       3
   IDATA SIZE       =   ----    ----
   BIT SIZE         =   ----    ----
END OF MODULE INFORMATION.


C51 COMPILATION COMPLETE.  0 WARNING(S),  0 ERROR(S)
