C51 COMPILER V9.00   IIC                                                                   03/02/2025 13:58:24 PAGE 1   


C51 COMPILER V9.00, COMPILATION OF MODULE IIC
OBJECT MODULE PLACED IN iic.OBJ
COMPILER INVOKED BY: C:\Keil\C51\BIN\C51.EXE iic.c BROWSE DEBUG OBJECTEXTEND

line level    source

   1          #include "iic.h"
   2          
   3          sbit scl = P2 ^ 0;
   4          sbit sda = P2 ^ 1;
   5          
   6          #define DELAY_TIME      10
   7          
   8          //
   9          static void I2C_Delay(unsigned char n)
  10          {
  11   1          do
  12   1          {
  13   2              _nop_();_nop_();_nop_();_nop_();_nop_();
  14   2              _nop_();_nop_();_nop_();_nop_();_nop_();
  15   2              _nop_();_nop_();_nop_();_nop_();_nop_();                
  16   2          }
  17   1          while(n--);         
  18   1      }
  19          
  20          //
  21          void I2CStart(void)
  22          {
  23   1          sda = 1;
  24   1          scl = 1;
  25   1              I2C_Delay(DELAY_TIME);
  26   1          sda = 0;
  27   1              I2C_Delay(DELAY_TIME);
  28   1          scl = 0;    
  29   1      }
  30          
  31          //
  32          void I2CStop(void)
  33          {
  34   1          sda = 0;
  35   1          scl = 1;
  36   1              I2C_Delay(DELAY_TIME);
  37   1          sda = 1;
  38   1              I2C_Delay(DELAY_TIME);
  39   1      }
  40          
  41          //
  42          void I2CSendByte(unsigned char byt)
  43          {
  44   1          unsigned char i;
  45   1              
  46   1          for(i=0; i<8; i++){
  47   2              scl = 0;
  48   2                      I2C_Delay(DELAY_TIME);
  49   2              if(byt & 0x80){
  50   3                  sda = 1;
  51   3              }
  52   2              else{
  53   3                  sda = 0;
  54   3              }
  55   2                      I2C_Delay(DELAY_TIME);
C51 COMPILER V9.00   IIC                                                                   03/02/2025 13:58:24 PAGE 2   

  56   2              scl = 1;
  57   2              byt <<= 1;
  58   2                      I2C_Delay(DELAY_TIME);
  59   2          }
  60   1              
  61   1          scl = 0;  
  62   1      }
  63          
  64          //
  65          unsigned char I2CReceiveByte(void)
  66          {
  67   1              unsigned char da;
  68   1              unsigned char i;
  69   1              for(i=0;i<8;i++){   
  70   2                      scl = 1;
  71   2                      I2C_Delay(DELAY_TIME);
  72   2                      da <<= 1;
  73   2                      if(sda) 
  74   2                              da |= 0x01;
  75   2                      scl = 0;
  76   2                      I2C_Delay(DELAY_TIME);
  77   2              }
  78   1              return da;    
  79   1      }
  80          
  81          //
  82          unsigned char I2CWaitAck(void)
  83          {
  84   1              unsigned char ackbit;
  85   1              
  86   1          scl = 1;
  87   1              I2C_Delay(DELAY_TIME);
  88   1          ackbit = sda; 
  89   1          scl = 0;
  90   1              I2C_Delay(DELAY_TIME);
  91   1              
  92   1              return ackbit;
  93   1      }
  94          
  95          //
  96          void I2CSendAck(unsigned char ackbit)
  97          {
  98   1          scl = 0;
  99   1          sda = ackbit; 
 100   1              I2C_Delay(DELAY_TIME);
 101   1          scl = 1;
 102   1              I2C_Delay(DELAY_TIME);
 103   1          scl = 0; 
 104   1              sda = 1;
 105   1              I2C_Delay(DELAY_TIME);
 106   1      }
 107          
 108          
 109          
 110          uchar ADC(uchar channel)
 111          {
 112   1          uchar v;
 113   1          I2CStart();
 114   1      
 115   1          I2CSendByte(0x90);
 116   1          I2CWaitAck();
 117   1      
C51 COMPILER V9.00   IIC                                                                   03/02/2025 13:58:24 PAGE 3   

 118   1          I2CSendByte(channel);
 119   1          I2CWaitAck();
 120   1      
 121   1          I2CStart();
 122   1      
 123   1          I2CSendByte(0x91);
 124   1          I2CWaitAck();
 125   1      
 126   1          v = I2CReceiveByte();
 127   1          I2CSendAck(1);
 128   1      
 129   1          I2CStop();
 130   1      
 131   1          return v;
 132   1      }
 133          
 134          uchar read_2k(uchar address)
 135          {
 136   1          uchar Data;
 137   1          I2CStart();
 138   1      
 139   1          I2CSendByte(0xA0);
 140   1          I2CWaitAck();
 141   1      
 142   1          I2CSendByte(address);
 143   1          I2CWaitAck();
 144   1      
 145   1          I2CStart();
 146   1      
 147   1          I2CSendByte(0xA1);
 148   1          I2CWaitAck();
 149   1      
 150   1          Data = I2CReceiveByte();
 151   1          I2CSendAck(1);
 152   1      
 153   1          I2CStop();
 154   1          Delay15ms();
 155   1          return Data;
 156   1      }
 157          
 158          void write_2k(uchar address,uchar Data)
 159          {
 160   1          I2CStart();
 161   1      
 162   1          I2CSendByte(0xA0);
 163   1          I2CWaitAck();
 164   1      
 165   1          I2CSendByte(address);
 166   1          I2CWaitAck();
 167   1      
 168   1          I2CSendByte(Data);
 169   1          I2CWaitAck();
 170   1      
 171   1          I2CStop();
 172   1          Delay15ms();
 173   1      
 174   1      }


MODULE INFORMATION:   STATIC OVERLAYABLE
   CODE SIZE        =    276    ----
   CONSTANT SIZE    =   ----    ----
C51 COMPILER V9.00   IIC                                                                   03/02/2025 13:58:24 PAGE 4   

   XDATA SIZE       =   ----    ----
   PDATA SIZE       =   ----    ----
   DATA SIZE        =   ----       1
   IDATA SIZE       =   ----    ----
   BIT SIZE         =   ----    ----
END OF MODULE INFORMATION.


C51 COMPILATION COMPLETE.  0 WARNING(S),  0 ERROR(S)
