C51 COMPILER V9.60.7.0   BOOT                                                              03/25/2025 19:44:39 PAGE 1   


C51 COMPILER V9.60.7.0, COMPILATION OF MODULE BOOT
OBJECT MODULE PLACED IN .\Objects\boot.obj
COMPILER INVOKED BY: C:\Keil_v5\C51\BIN\C51.EXE boot.c OPTIMIZE(8,SPEED) BROWSE DEBUG OBJECTEXTEND PRINT(.\Listings\boot
                    -.lst) TABS(2) OBJECT(.\Objects\boot.obj)

line level    source

   1          #include "boot.h"
   2          
   3          void boot_init(void)
   4          {
   5   1          P0M0 = 0x00;
   6   1      
   7   1          P0 = 0xFF;
   8   1          batch(4);
   9   1          batch(0);
  10   1      
  11   1          P0 = 0xAF;
  12   1          batch(5);
  13   1          batch(0);
  14   1      
  15   1          P0 = 0x00;
  16   1          batch(6);
  17   1          batch(0);
  18   1      
  19   1          P0 = 0xFF;
  20   1          batch(7);
  21   1          batch(0);
  22   1      
  23   1          timer_0();
  24   1          timer_1();
  25   1          timer_2();
  26   1          EA = 1;
  27   1      }
  28          
  29          //ne555
  30          void timer_0(void)
  31          {
  32   1          // 计数器 8位自动重装载 
  33   1      
  34   1          // xxxx 0110
  35   1      
  36   1      
  37   1          // 定时器0 -> 计数器 
  38   1          //AUXR |= 0x80;
  39   1          //TMOD = (TMOD & 0xF0) | 0x06;
  40   1          TL0 = 0x00; 
  41   1          TH0 = 0x00;
  42   1      
  43   1          TF0 = 0;
  44   1          TR0 = 1;
  45   1          ET0 = 1;
  46   1      }
  47          
  48          // sonic
  49          void timer_1(void)
  50          {
  51   1          AUXR |= 0x40;     //定时器时钟1T模式
  52   1        TMOD &= 0x0F;     //设置定时器模式
  53   1        TL1 = 0x50;       //设置定时初始值
  54   1        TH1 = 0xFB;       //设置定时初始值
C51 COMPILER V9.60.7.0   BOOT                                                              03/25/2025 19:44:39 PAGE 2   

  55   1        TF1 = 0;        //清除TF1标志
  56   1        TR1 = 0;        //定时器1开始计时
  57   1        ET1 = 1;        //使能定时器1中断
  58   1      
  59   1      }
  60          
  61          void timer_2(void)
  62          {
  63   1          AUXR &= 0xFB;     //定时器时钟12T模式
  64   1        T2L = 0x18;       //设置定时初始值
  65   1        T2H = 0xFC;       //设置定时初始值
  66   1        AUXR |= 0x10;     //定时器2开始计时
  67   1        IE2 |= 0x04;      //使能定时器2中断
  68   1      
  69   1      }
  70          
  71          void batch(uchar i)
  72          {
  73   1          switch (i)
  74   1          {
  75   2              case 4: {P2 = (P2 & 0x1F) | 0x80; break;}
  76   2              case 5: {P2 = (P2 & 0x1F) | 0xA0; break;}
  77   2              case 6: {P2 = (P2 & 0x1F) | 0xC0; break;}
  78   2              case 7: {P2 = (P2 & 0x1F) | 0xE0; break;}
  79   2              case 0: {P2 = (P2 & 0x1F); break;}
  80   2          }
  81   1      }
  82          
  83          void Delay14us(void)  //@12.000MHz
  84          {
  85   1        unsigned char data i;
  86   1      
  87   1        _nop_();
  88   1        _nop_();
  89   1        i = 39;
  90   1        while (--i);
  91   1      }
  92          


MODULE INFORMATION:   STATIC OVERLAYABLE
   CODE SIZE        =    178    ----
   CONSTANT SIZE    =   ----    ----
   XDATA SIZE       =   ----    ----
   PDATA SIZE       =   ----    ----
   DATA SIZE        =   ----    ----
   IDATA SIZE       =   ----    ----
   BIT SIZE         =   ----    ----
END OF MODULE INFORMATION.


C51 COMPILATION COMPLETE.  0 WARNING(S),  0 ERROR(S)
