C51 COMPILER V9.60.7.0   SONIC                                                             03/26/2025 15:00:12 PAGE 1   


C51 COMPILER V9.60.7.0, COMPILATION OF MODULE SONIC
OBJECT MODULE PLACED IN .\Objects\sonic.obj
COMPILER INVOKED BY: C:\Keil_v5\C51\BIN\C51.EXE sonic.c OPTIMIZE(8,SPEED) BROWSE DEBUG OBJECTEXTEND PRINT(.\Listings\son
                    -ic.lst) TABS(2) OBJECT(.\Objects\sonic.obj)

line level    source

   1          #include "sonic.h"
   2          
   3          sbit tx = P1 ^ 0;
   4          sbit rx = P1 ^ 1;
   5          
   6          void sonic_send()
   7          {
   8   1          uchar i;
   9   1          for (i = 0;i < 2;i++)
  10   1          {
  11   2              tx = 1;
  12   2              Delay14us();
  13   2              tx = 0;
  14   2              Delay14us();
  15   2          }
  16   1      }
  17          
  18          
  19          uchar sonic_measure()
  20          {
  21   1          uchar distance;
  22   1      
  23   1          TR1 = 0;
  24   1          TH1 = 0; TL1 = 0;
  25   1          TF1 = 0;
  26   1         
  27   1          sonic_send();
  28   1          while (rx == 0);
  29   1          TR1 = 1;
  30   1      
  31   1          while (rx == 1 && TF1 == 0);
  32   1          TR1 = 0;
  33   1      
  34   1          if (TF1 == 1)
  35   1          {
  36   2              distance = 255;
  37   2              TF1 = 0;
  38   2          }
  39   1          else
  40   1          {
  41   2              distance =  (uchar)((TH1 << 8) | TL1) * 0.017;
  42   2          }
  43   1          return distance;
  44   1      }


MODULE INFORMATION:   STATIC OVERLAYABLE
   CODE SIZE        =     87    ----
   CONSTANT SIZE    =   ----    ----
   XDATA SIZE       =   ----    ----
   PDATA SIZE       =   ----    ----
   DATA SIZE        =   ----       2
   IDATA SIZE       =   ----    ----
   BIT SIZE         =   ----    ----
C51 COMPILER V9.60.7.0   SONIC                                                             03/26/2025 15:00:12 PAGE 2   

END OF MODULE INFORMATION.


C51 COMPILATION COMPLETE.  0 WARNING(S),  0 ERROR(S)
