C51 COMPILER V9.59.0.0   CSB                                                               04/03/2024 20:39:34 PAGE 1   


C51 COMPILER V9.59.0.0, COMPILATION OF MODULE CSB
OBJECT MODULE PLACED IN .\Objects\csb.obj
COMPILER INVOKED BY: C:\Keil_v5\C51\BIN\C51.EXE csb.c OPTIMIZE(8,SPEED) BROWSE DEBUG OBJECTEXTEND PRINT(.\Listings\csb.l
                    -st) TABS(2) OBJECT(.\Objects\csb.obj)

line level    source

   1          #include "csb.h"
   2          #include "intrins.h"
   3          
   4          sbit Trig=P1^0;
   5          sbit Echo=P1^1;
   6          
   7          void Delay10us()  //@12.000MHz
   8          {
   9   1        unsigned char data i;
  10   1      
  11   1        _nop_();
  12   1        _nop_();
  13   1        i = 27;
  14   1        while (--i);
  15   1      }
  16          
  17          void csb_Init()   //100??@12.000MHz
  18          {
  19   1        AUXR &= 0xBF;     //?????12T??
  20   1        TMOD &= 0x0F;     //???????
  21   1        TMOD |=0x10;
  22   1        TL1 = 0;        //???????
  23   1        TH1 = 0;        //???????
  24   1        TF1 = 0;        //??TF1??
  25   1      }
  26          
  27          void csb_Start()
  28          {
  29   1        uchar i;
  30   1        for(i=0;i<10;i++)
  31   1        {
  32   2         Trig=1;
  33   2         Delay10us();
  34   2          Trig=0;
  35   2         Delay10us();
  36   2        }
  37   1      }
  38          
  39          uint csb_CJ()
  40          {
  41   1       int dis,t=0;
  42   1        csb_Start();
  43   1        while(!Echo);
  44   1        TR1=1;
  45   1        while(Echo && !TF1);
  46   1        TR1=0;
  47   1        
  48   1        if(TF1==1)
  49   1        {
  50   2         dis=999;
  51   2        }
  52   1        else
  53   1        {
  54   2         t=TH1<<8|TL1;
C51 COMPILER V9.59.0.0   CSB                                                               04/03/2024 20:39:34 PAGE 2   

  55   2          dis=(int)(t*0.017);
  56   2        }
  57   1        TH1=0; TL1=0;
  58   1        TF1=0; t=0;
  59   1        return dis;
  60   1      }


MODULE INFORMATION:   STATIC OVERLAYABLE
   CODE SIZE        =    130    ----
   CONSTANT SIZE    =   ----    ----
   XDATA SIZE       =   ----    ----
   PDATA SIZE       =   ----    ----
   DATA SIZE        =   ----       2
   IDATA SIZE       =   ----    ----
   BIT SIZE         =   ----    ----
END OF MODULE INFORMATION.


C51 COMPILATION COMPLETE.  0 WARNING(S),  0 ERROR(S)
