C51 COMPILER V9.60.7.0   BOOT                                                              03/19/2025 19:21:01 PAGE 1   


C51 COMPILER V9.60.7.0, COMPILATION OF MODULE BOOT
OBJECT MODULE PLACED IN .\Objects\boot.obj
COMPILER INVOKED BY: C:\Keil_v5\C51\BIN\C51.EXE boot.c OPTIMIZE(8,SPEED) BROWSE DEBUG OBJECTEXTEND PRINT(.\Listings\boot
                    -.lst) TABS(2) OBJECT(.\Objects\boot.obj)

line level    source

   1          #include "boot.h"
   2          
   3          
   4          
   5          void boot_init()
   6          {
   7   1          P0M1 = 0;   P0M0 = 0;   //设置为准双向口
   8   1          P1M1 = 0;   P1M0 = 0;   //设置为准双向口
   9   1          P2M1 = 0;   P2M0 = 0;   //设置为准双向口
  10   1          P3M1 = 0;   P3M0 = 0;   //设置为准双向口
  11   1          P4M1 = 0;   P4M0 = 0;   //设置为准双向口
  12   1          P5M1 = 0;   P5M0 = 0;   //设置为准双向口
  13   1          P6M1 = 0;   P6M0 = 0;   //设置为准双向口
  14   1          P7M1 = 0;   P7M0 = 0;   //设置为准双向口
  15   1      
  16   1          P0 = 0xFF;
  17   1          batch(4);
  18   1          batch(7);
  19   1          batch(0);
  20   1      
  21   1          P0 = 0xAF;
  22   1          batch(5);
  23   1      
  24   1          P0 = 0x00;
  25   1          batch(6);
  26   1      
  27   1          timer_0();
  28   1          timer_1();
  29   1      
  30   1          EA = 1;
  31   1      }
  32          
  33          void timer_0()
  34          {
  35   1          AUXR &= 0x7F;     //定时器时钟12T模式
  36   1        TMOD &= 0xF0;     //设置定时器模式
  37   1        TL0 = 0x18;       //设置定时初始值
  38   1        TH0 = 0xFC;       //设置定时初始值
  39   1        TF0 = 0;        //清除TF0标志
  40   1        TR0 = 1;        //定时器0开始计时
  41   1        ET0 = 1;        //使能定时器0中断
  42   1      }
  43          
  44          
  45          
  46          void timer_1()  // 1ms
  47          {
  48   1          AUXR |= 0x40;     //定时器时钟1T模式
  49   1        TMOD &= 0x0F;     //设置定时器模式
  50   1        TL1 = 0x20;       //设置定时初始值
  51   1        TH1 = 0xD1;       //设置定时初始值
  52   1        TF1 = 0;        //清除TF1标志
  53   1        TR1 = 1;        //定时器1开始计时
  54   1        ET1 = 1;        //使能定时器1中断
C51 COMPILER V9.60.7.0   BOOT                                                              03/19/2025 19:21:01 PAGE 2   

  55   1      }
  56          
  57          void batch(char i)
  58          {
  59   1          switch (i)
  60   1          {
  61   2              case 0:{P2 = P2 & 0x1F; break; }
  62   2              case 4: {P2 = (P2 & 0x1F) | 0x80; break; }
  63   2              case 5: {P2 = (P2 & 0x1F) | 0xA0; break; }
  64   2              case 6: {P2 = (P2 & 0x1F) | 0xC0; break; }
  65   2              case 7: {P2 = (P2 & 0x1F) | 0xE0; break; }
  66   2          }
  67   1      }
  68          
  69          void Delay14us(void)  //@12.000MHz
  70          {
  71   1        unsigned char data i;
  72   1      
  73   1        _nop_();
  74   1        _nop_();
  75   1        i = 39;
  76   1        while (--i);
  77   1      }
  78          


MODULE INFORMATION:   STATIC OVERLAYABLE
   CODE SIZE        =    179    ----
   CONSTANT SIZE    =   ----    ----
   XDATA SIZE       =   ----    ----
   PDATA SIZE       =   ----    ----
   DATA SIZE        =   ----    ----
   IDATA SIZE       =   ----    ----
   BIT SIZE         =   ----    ----
END OF MODULE INFORMATION.


C51 COMPILATION COMPLETE.  0 WARNING(S),  0 ERROR(S)
