C51 COMPILER V9.60.7.0   KEY                                                               03/19/2025 19:21:01 PAGE 1   


C51 COMPILER V9.60.7.0, COMPILATION OF MODULE KEY
OBJECT MODULE PLACED IN .\Objects\key.obj
COMPILER INVOKED BY: C:\Keil_v5\C51\BIN\C51.EXE key.c OPTIMIZE(8,SPEED) BROWSE DEBUG OBJECTEXTEND PRINT(.\Listings\key.l
                    -st) TABS(2) OBJECT(.\Objects\key.obj)

line level    source

   1          #include "key.h"
   2          
   3          uchar key_scan()
   4          {
   5   1          static uchar i, state, value;
   6   1          uchar temp = 99, press = 0xFF;
   7   1      
   8   1          P3 = 0x0F;
   9   1          P42 = 0; P44 = 0;
  10   1          P36 = P42; P36 = P44;
  11   1      
  12   1          press = P3 & 0x0F;
  13   1      
  14   1          switch (state)
  15   1          {
  16   2              case 0:
  17   2              {
  18   3                  if (press != 0x0F)
  19   3                  {
  20   4                      state = 1;
  21   4                  }
  22   3                  break;
  23   3              }
  24   2      
  25   2              case 1:
  26   2              {
  27   3                  if (press == 0x0F)
  28   3                  {
  29   4                      state = 0;
  30   4                  }
  31   3                  else
  32   3                  {
  33   4                      P3 = press | 0xF0;
  34   4                      P42 = 1; P44 = 1;
  35   4                      P36 = P42; P36 = P44;
  36   4      
  37   4                      press = P3;
  38   4      
  39   4                      state = 2;
  40   4      
  41   4                      switch (press)
  42   4                      {
  43   5                          case 0x77: {value = 4; break;}
  44   5                          case 0x7B: {value = 5; break;}
  45   5                          case 0x7D: {value = 6; break;}
  46   5                          case 0x7E: {value = 7; break;}
  47   5      
  48   5                          case 0xB7: {value = 8; break;}
  49   5                          case 0xBB: {value = 9; break;}
  50   5                          case 0xBD: {value = 10; break;}
  51   5                          case 0xBE: {value = 11; break;}
  52   5      
  53   5                          case 0xD7: {value = 12; break;}
  54   5                          case 0xDB: {value = 13; break;}
C51 COMPILER V9.60.7.0   KEY                                                               03/19/2025 19:21:01 PAGE 2   

  55   5                          case 0xDD: {value = 14; break;}
  56   5                          case 0xDE: {value = 15; break;}
  57   5      
  58   5                          case 0xE7: {value = 16; break;}
  59   5                          case 0xEB: {value = 17; break;}
  60   5                          case 0xED: {value = 18; break;}
  61   5                          case 0xEE: {value = 19; break;}
  62   5                          default: {state = 0;}
  63   5                      }
  64   4                  }
  65   3              }
  66   2              break;
  67   2      
  68   2              case 2:
  69   2              {
  70   3                  if (press == 0x0F)
  71   3                  {
  72   4                      i++;
  73   4                      if (i >= 150)
  74   4                      {
  75   5                          i = 0;
  76   5                          state = 3;
  77   5                      }
  78   4                  }
  79   3                  else
  80   3                  {
  81   4                      i = 0;
  82   4                      temp = value;
  83   4                      value = 0;
  84   4                      state = 0;
  85   4                  }
  86   3              }
  87   2              break;
  88   2      
  89   2              case 3:
  90   2              {
  91   3                  if (press == 0x0F)
  92   3                  {
  93   4                      temp = value + 20;
  94   4                      value = 0;
  95   4                      state = 0;
  96   4                  }
  97   3              }
  98   2              break;
  99   2          }
 100   1          return temp;
 101   1      }


MODULE INFORMATION:   STATIC OVERLAYABLE
   CODE SIZE        =    289    ----
   CONSTANT SIZE    =   ----    ----
   XDATA SIZE       =   ----    ----
   PDATA SIZE       =   ----    ----
   DATA SIZE        =      3       2
   IDATA SIZE       =   ----    ----
   BIT SIZE         =   ----    ----
END OF MODULE INFORMATION.


C51 COMPILATION COMPLETE.  0 WARNING(S),  0 ERROR(S)
