C51 COMPILER V9.60.7.0   SONIC                                                             03/19/2025 19:21:02 PAGE 1   


C51 COMPILER V9.60.7.0, COMPILATION OF MODULE SONIC
OBJECT MODULE PLACED IN .\Objects\sonic.obj
COMPILER INVOKED BY: C:\Keil_v5\C51\BIN\C51.EXE sonic.c OPTIMIZE(8,SPEED) BROWSE DEBUG OBJECTEXTEND PRINT(.\Listings\son
                    -ic.lst) TABS(2) OBJECT(.\Objects\sonic.obj)

line level    source

   1          #include "sonic.h"
   2          
   3          sbit rx = P3 ^ 0;
   4          sbit tx = P3 ^ 1;
   5          
   6          void sonic_send()
   7          {
   8   1          uchar i;
   9   1          for (i = 0;i < 14;i++)
  10   1          {
  11   2              tx = 1;
  12   2              Delay14us();
  13   2              tx = 0;
  14   2              Delay14us();
  15   2          }
  16   1      }
  17          
  18          uint sonic_measure()
  19          {
  20   1          uint distance;
  21   1      
  22   1          TR0 = 0; TF0 = 0;
  23   1          TF0 = 0; TH0 = 0;
  24   1          
  25   1          sonic_send();
  26   1      
  27   1          while (rx == 0);
  28   1          TR0 = 1;
  29   1      
  30   1          while (rx == 1 && TF0 == 0);
  31   1          TR0 = 0;
  32   1      
  33   1          if (TF0 == 1)
  34   1          {
  35   2              TF0 = 0;
  36   2              distance = 999;
  37   2          }
  38   1          else
  39   1          {
  40   2              distance = (TH0 << 8 | TL0)* 0.017;
  41   2          }
  42   1      
  43   1          return distance;
  44   1      }


MODULE INFORMATION:   STATIC OVERLAYABLE
   CODE SIZE        =     94    ----
   CONSTANT SIZE    =   ----    ----
   XDATA SIZE       =   ----    ----
   PDATA SIZE       =   ----    ----
   DATA SIZE        =   ----       3
   IDATA SIZE       =   ----    ----
   BIT SIZE         =   ----    ----
C51 COMPILER V9.60.7.0   SONIC                                                             03/19/2025 19:21:02 PAGE 2   

END OF MODULE INFORMATION.


C51 COMPILATION COMPLETE.  0 WARNING(S),  0 ERROR(S)
