C51 COMPILER V9.60.7.0   BOOT                                                              04/07/2025 15:38:42 PAGE 1   


C51 COMPILER V9.60.7.0, COMPILATION OF MODULE BOOT
OBJECT MODULE PLACED IN .\Objects\boot.obj
COMPILER INVOKED BY: D:\Program Files\keil5\C51\BIN\C51.EXE code\boot.c OPTIMIZE(8,SPEED) BROWSE DEBUG OBJECTEXTEND PRIN
                    -T(.\Listings\boot.lst) TABS(2) OBJECT(.\Objects\boot.obj)

line level    source

   1          #include "boot.h"
   2          
   3          void boot_init()
   4          {
   5   1          P0M0 = 0x00; P0M1 = 0x00; 
   6   1          P1M0 = 0x00; P1M1 = 0x00; 
   7   1          P2M0 = 0x00; P2M1 = 0x00; 
   8   1          P3M0 = 0x00; P3M1 = 0x00; 
   9   1          P4M0 = 0x00; P4M1 = 0x00; 
  10   1          P5M0 = 0x00; P5M1 = 0x00; 
  11   1          P6M0 = 0x00; P6M1 = 0x00; 
  12   1          P7M0 = 0x00; P7M1 = 0x00; 
  13   1      
  14   1          P0 = 0xFF; batch(4); batch(0);
  15   1      
  16   1          P0 = 0xAF; batch(5); batch(0);
  17   1      
  18   1          P0 = 0x00; batch(6); batch(0);
  19   1      
  20   1          P0 = 0xFF; batch(7); batch(0);
  21   1      
  22   1          timer_1();
  23   1      }
  24          
  25          void batch(uchar i)
  26          {
  27   1          switch (i)
  28   1          {
  29   2              case 0: { P2 = P2 & 0x1F; break; }
  30   2              case 4: { P2 = (P2 & 0x1F) | 0x80; break; }
  31   2              case 5: { P2 = (P2 & 0x1F) | 0xA0; break; }
  32   2              case 6: { P2 = (P2 & 0x1F) | 0xC0; break; }
  33   2              case 7: { P2 = (P2 & 0x1F) | 0xE0; break; }
  34   2          }
  35   1      }
  36          
  37          
  38          void timer_1()
  39          {
  40   1          AUXR &= 0xBF;     //定时器时钟12T模式
  41   1        TMOD &= 0x0F;     //设置定时器模式
  42   1        TL1 = 0x18;       //设置定时初始值
  43   1        TH1 = 0xFC;       //设置定时初始值
  44   1        TF1 = 0;        //清除TF1标志
  45   1        TR1 = 1;        //定时器1开始计时
  46   1        ET1 = 1;        //使能定时器1中断
  47   1      }
  48          
  49          
  50          


MODULE INFORMATION:   STATIC OVERLAYABLE
   CODE SIZE        =    165    ----
C51 COMPILER V9.60.7.0   BOOT                                                              04/07/2025 15:38:42 PAGE 2   

   CONSTANT SIZE    =   ----    ----
   XDATA SIZE       =   ----    ----
   PDATA SIZE       =   ----    ----
   DATA SIZE        =   ----    ----
   IDATA SIZE       =   ----    ----
   BIT SIZE         =   ----    ----
END OF MODULE INFORMATION.


C51 COMPILATION COMPLETE.  0 WARNING(S),  0 ERROR(S)
