C51 COMPILER V9.60.7.0   DISPLAY                                                           04/07/2025 18:48:58 PAGE 1   


C51 COMPILER V9.60.7.0, COMPILATION OF MODULE DISPLAY
OBJECT MODULE PLACED IN .\Objects\display.obj
COMPILER INVOKED BY: D:\Program Files\keil5\C51\BIN\C51.EXE code\display.c OPTIMIZE(8,SPEED) BROWSE DEBUG OBJECTEXTEND P
                    -RINT(.\Listings\display.lst) TABS(2) OBJECT(.\Objects\display.obj)

line level    source

   1          #include "display.h"
   2          
   3          uchar led[8] = {0, 0, 0, 0, 0, 0, 0, 0};
   4          uchar seg[8] = {0, 0, 0, 0, 0, 0, 0, 9};
   5          
   6          const uchar code letter[] = {                       //标准字库
   7              //   0    1    2    3    4    5    6    7    8    9    A    B    C    D    E    F
   8                  0x3F,0x06,0x5B,0x4F,0x66,0x6D,0x7D,0x07,0x7F,0x6F,0x77,0x7C,0x39,0x5E,0x79,0x71,
   9              //black  -     H    J    K    L    N    o   P    U     t    G    Q    r   M    y
  10                  0x00,0x40,0x76,0x1E,0x70,0x38,0x37,0x5C,0x73,0x3E,0x78,0x3d,0x67,0x50,0x37,0x6e,
  11                  0xBF,0x86,0xDB,0xCF,0xE6,0xED,0xFD,0x87,0xFF,0xEF,0x46, 0x77};    //0. 1. 2. 3. 4. 5. 6. 7. 8. 9. 
             --1
  12          
  13          
  14          
  15          void led_display()
  16          {
  17   1          static uchar i, temp, last = 0xFF;
  18   1          
  19   1          if (led[i])
  20   1          {
  21   2              temp = temp | (0x01 << i);
  22   2          }
  23   1          else
  24   1          {
  25   2              temp = temp & ~(0x01 << i);
  26   2          }
  27   1      
  28   1          if (temp != last)
  29   1          {
  30   2              P0 = ~temp;
  31   2              batch(4);
  32   2              batch(0);
  33   2      
  34   2              last = temp;
  35   2          }
  36   1      
  37   1          i = (i + 1) % 8;
  38   1      }
  39          
  40          void seg_display()
  41          {
  42   1          static uchar i;
  43   1      
  44   1          P0 = 0xFF;
  45   1          batch(7);
  46   1          batch(0);
  47   1      
  48   1          P0 = 0x01 << i;
  49   1          batch(6);
  50   1          batch(0);
  51   1      
  52   1          P0 = ~letter[seg[i]];
  53   1          batch(7);
C51 COMPILER V9.60.7.0   DISPLAY                                                           04/07/2025 18:48:58 PAGE 2   

  54   1          batch(0);
  55   1      
  56   1          i = (i + 1) % 8;
  57   1      }


MODULE INFORMATION:   STATIC OVERLAYABLE
   CODE SIZE        =    142    ----
   CONSTANT SIZE    =     44    ----
   XDATA SIZE       =   ----    ----
   PDATA SIZE       =   ----    ----
   DATA SIZE        =     20    ----
   IDATA SIZE       =   ----    ----
   BIT SIZE         =   ----    ----
END OF MODULE INFORMATION.


C51 COMPILATION COMPLETE.  0 WARNING(S),  0 ERROR(S)
