C51 COMPILER V9.60.7.0   DS1302                                                            04/07/2025 16:32:39 PAGE 1   


C51 COMPILER V9.60.7.0, COMPILATION OF MODULE DS1302
OBJECT MODULE PLACED IN .\Objects\ds1302.obj
COMPILER INVOKED BY: D:\Program Files\keil5\C51\BIN\C51.EXE code\ds1302.c OPTIMIZE(8,SPEED) BROWSE DEBUG OBJECTEXTEND PR
                    -INT(.\Listings\ds1302.lst) TABS(2) OBJECT(.\Objects\ds1302.obj)

line level    source

   1          #include "ds1302.h"
   2          
   3          sbit SCK = P1^7;
   4          sbit SDA = P2^3;
   5          sbit RST = P1^3;
   6          
   7          const uchar write_address[7] = {0x80, 0x82, 0x84, 0x86, 0x88, 0x8A, 0x8C};
   8          const uchar read_address[7] = {0x81, 0x83, 0x85, 0x87, 0x89, 0x8B, 0x8D };
   9          
  10          
  11          //
  12          void Write_Ds1302(unsigned  char temp) 
  13          {
  14   1        unsigned char i;
  15   1        for (i=0;i<8;i++)       
  16   1        { 
  17   2          SCK = 0;
  18   2          SDA = temp&0x01;
  19   2          temp>>=1; 
  20   2          SCK=1;
  21   2        }
  22   1      }   
  23          
  24          //
  25          void Write_Ds1302_Byte( unsigned char address,unsigned char dat )     
  26          {
  27   1        RST=0;  _nop_();
  28   1        SCK=0;  _nop_();
  29   1        RST=1;  _nop_();  
  30   1        Write_Ds1302(address);  
  31   1        Write_Ds1302(dat);    
  32   1        RST=0; 
  33   1      }
  34          
  35          //
  36          unsigned char Read_Ds1302_Byte ( unsigned char address )
  37          {
  38   1        unsigned char i,temp=0x00;
  39   1        RST=0;  _nop_();
  40   1        SCK=0;  _nop_();
  41   1        RST=1;  _nop_();
  42   1        Write_Ds1302(address);
  43   1        for (i=0;i<8;i++)   
  44   1        {   
  45   2          SCK=0;
  46   2          temp>>=1; 
  47   2          if(SDA)
  48   2          temp|=0x80; 
  49   2          SCK=1;
  50   2        } 
  51   1        RST=0;  _nop_();
  52   1        SCK=0;  _nop_();
  53   1        SCK=1;  _nop_();
  54   1        SDA=0;  _nop_();
C51 COMPILER V9.60.7.0   DS1302                                                            04/07/2025 16:32:39 PAGE 2   

  55   1        SDA=1;  _nop_();
  56   1        return (temp);      
  57   1      }
  58          
  59          /* uchar hex_to_bcd(uchar HEX)
  60          {
  61            return ( (HEX / 10) << 4) | (HEX % 10);      
  62          } */
  63          
  64          uchar bcd_to_hex(uchar BCD)
  65          {
  66   1        return ( (BCD >> 4)* 10) | (BCD & 0x0F);
  67   1      }
  68          
  69          void write_datetime(uchar *time)
  70          {
  71   1        uchar i;
  72   1      
  73   1        Write_Ds1302_Byte(0x80,0x00);
  74   1      
  75   1        for (i = 0;i < 3;i++)
  76   1        {
  77   2          Write_Ds1302_Byte(write_address[i], time[i]);
  78   2        }
  79   1      
  80   1        Write_Ds1302_Byte(0x80, 0x80);
  81   1      }
  82          
  83          void read_datatime(uchar *time)
  84          {
  85   1        uchar i;
  86   1        for (i = 0;i < 3;i++)
  87   1        {
  88   2          time[i] = Read_Ds1302_Byte(read_address[i]);
  89   2          time[i] = bcd_to_hex(time[i]);
  90   2        }
  91   1      }
  92          


MODULE INFORMATION:   STATIC OVERLAYABLE
   CODE SIZE        =    220    ----
   CONSTANT SIZE    =   ----    ----
   XDATA SIZE       =   ----    ----
   PDATA SIZE       =   ----    ----
   DATA SIZE        =     14       6
   IDATA SIZE       =   ----    ----
   BIT SIZE         =   ----    ----
END OF MODULE INFORMATION.


C51 COMPILATION COMPLETE.  0 WARNING(S),  0 ERROR(S)
