C51 COMPILER V9.60.7.0   MAIN                                                              04/07/2025 18:00:48 PAGE 1   


C51 COMPILER V9.60.7.0, COMPILATION OF MODULE MAIN
OBJECT MODULE PLACED IN .\Objects\main.obj
COMPILER INVOKED BY: D:\Program Files\keil5\C51\BIN\C51.EXE main.c OPTIMIZE(8,SPEED) BROWSE DEBUG OBJECTEXTEND PRINT(.\L
                    -istings\main.lst) TABS(2) OBJECT(.\Objects\main.obj)

line level    source

   1          #include "main.h"
   2          
   3          extern uchar led[8];
   4          extern uchar seg[8];
   5          
   6          enum {
   7              STATE_TIME = 1000
   8          };
   9          
  10          struct {
  11              uint time;
  12          } state;
  13          
  14          
  15          void main()
  16          {
  17   1          boot_init();
  18   1          
  19   1          while (1)
  20   1          {
  21   2              if (state.time == STATE_TIME)
  22   2              {
  23   3                  state.time = 0;
  24   3                  state_proc();
  25   3              }
  26   2          }
  27   1      
  28   1      }
  29          
  30          void Timer0_Isr(void) interrupt 1
  31          {
  32   1          seg_display();
  33   1          led_display();
  34   1          
  35   1          if (state.time < STATE_TIME) { state.time++; }
  36   1      
  37   1          
  38   1      }
  39          
  40          
  41          void state_proc()
  42          {
  43   1          static uchar i;
  44   1          seg[0] = i;
  45   1          i = (i + 1) % 8;
  46   1      }


MODULE INFORMATION:   STATIC OVERLAYABLE
   CODE SIZE        =    115    ----
   CONSTANT SIZE    =   ----    ----
   XDATA SIZE       =   ----    ----
   PDATA SIZE       =   ----    ----
   DATA SIZE        =      3    ----
C51 COMPILER V9.60.7.0   MAIN                                                              04/07/2025 18:00:48 PAGE 2   

   IDATA SIZE       =   ----    ----
   BIT SIZE         =   ----    ----
END OF MODULE INFORMATION.


C51 COMPILATION COMPLETE.  0 WARNING(S),  0 ERROR(S)
