C51 COMPILER V9.60.7.0   DS1302                                                            03/22/2025 17:50:39 PAGE 1   


C51 COMPILER V9.60.7.0, COMPILATION OF MODULE DS1302
OBJECT MODULE PLACED IN ds1302.obj
COMPILER INVOKED BY: C:\Keil_v5\C51\BIN\C51.EXE code\ds1302.c OPTIMIZE(8,SPEED) BROWSE DEBUG OBJECTEXTEND PRINT(.\ds1302
                    -.lst) TABS(2) OBJECT(ds1302.obj)

line level    source

   1          #include "ds1302.h"
   2          
   3          sbit SCK = P1^7;
   4          sbit SDA = P2^3;
   5          sbit RST = P1^3;
   6          
   7          const uchar code write_address[7] = {0x80, 0x82, 0x84, 0x86, 0x88, 0x8A, 0x8C};
   8          const uchar code read_address[7] = {0x81, 0x83, 0x85, 0x87, 0x89, 0x8B, 0x8D};
   9          
  10          
  11          void Write_Ds1302(unsigned  char temp) 
  12          {
  13   1        unsigned char i;
  14   1        for (i=0;i<8;i++)       
  15   1        { 
  16   2          SCK = 0;
  17   2          SDA = temp&0x01;
  18   2          temp>>=1; 
  19   2          SCK=1;
  20   2        }
  21   1      }   
  22          
  23          //
  24          void Write_Ds1302_Byte( unsigned char address,unsigned char dat )     
  25          {
  26   1        RST=0;  _nop_();
  27   1        SCK=0;  _nop_();
  28   1        RST=1;  _nop_();  
  29   1        Write_Ds1302(address);  
  30   1        Write_Ds1302(dat);    
  31   1        RST=0; 
  32   1      }
  33          
  34          //
  35          unsigned char Read_Ds1302_Byte ( unsigned char address )
  36          {
  37   1        unsigned char i,temp=0x00;
  38   1        RST=0;  _nop_();
  39   1        SCK=0;  _nop_();
  40   1        RST=1;  _nop_();
  41   1        Write_Ds1302(address);
  42   1        for (i=0;i<8;i++)   
  43   1        {   
  44   2          SCK=0;
  45   2          temp>>=1; 
  46   2          if(SDA)
  47   2          temp|=0x80; 
  48   2          SCK=1;
  49   2        } 
  50   1        RST=0;  _nop_();
  51   1        SCK=0;  _nop_();
  52   1        SCK=1;  _nop_();
  53   1        SDA=0;  _nop_();
  54   1        SDA=1;  _nop_();
C51 COMPILER V9.60.7.0   DS1302                                                            03/22/2025 17:50:39 PAGE 2   

  55   1        return (temp);      
  56   1      }
  57          
  58          uchar bcd_to_hex(uchar BCD)
  59          {
  60   1        return ( (BCD >> 4)* 10 ) | (BCD & 0x0F);
  61   1      }
  62          
  63          uchar hex_to_bcd(uchar HEX)
  64          {
  65   1        return ((HEX / 10) << 4) | (HEX % 10);
  66   1      }
  67          
  68          void read_datetime(uchar *time)
  69          {
  70   1        uchar i;
  71   1        for (i = 0;i < 3;i++)
  72   1        {
  73   2          time[i] = Read_Ds1302_Byte(read_address[i]);
  74   2        }
  75   1      
  76   1        for (i = 0;i < 3;i++)
  77   1        {
  78   2          time[i] = bcd_to_hex(time[i]);
  79   2        }
  80   1      }
  81          
  82          void write_datetime(uchar *time)
  83          {
  84   1        uchar i;
  85   1        
  86   1        for (i = 0;i < 3;i++)
  87   1        {
  88   2          time[i] = hex_to_bcd(time[i]);
  89   2        }
  90   1      
  91   1        for (i = 0;i < 3;i++)
  92   1        {
  93   2          Write_Ds1302_Byte(write_address[i], time[i]);
  94   2        }
  95   1      }
  96          
  97          


MODULE INFORMATION:   STATIC OVERLAYABLE
   CODE SIZE        =    277    ----
   CONSTANT SIZE    =     14    ----
   XDATA SIZE       =   ----    ----
   PDATA SIZE       =   ----    ----
   DATA SIZE        =   ----       6
   IDATA SIZE       =   ----    ----
   BIT SIZE         =   ----    ----
END OF MODULE INFORMATION.


C51 COMPILATION COMPLETE.  0 WARNING(S),  0 ERROR(S)
