C51 COMPILER V9.54   IIC                                                                   02/12/2025 20:45:54 PAGE 1   


C51 COMPILER V9.54, COMPILATION OF MODULE IIC
OBJECT MODULE PLACED IN .\Objects\iic.obj
COMPILER INVOKED BY: E:\SoftWareProgrom\keli\C51\BIN\C51.EXE iic.c OPTIMIZE(8,SPEED) BROWSE DEBUG OBJECTEXTEND PRINT(.\L
                    -istings\iic.lst) TABS(2) OBJECT(.\Objects\iic.obj)

line level    source

   1          /*  #   I2Cä»£ç ç‰‡æ®µè¯´æ˜
   2            1.  æœ¬æ–‡ä»¶å¤¹ä¸­æä¾›çš„é©±åŠ¨ä»£ç ä¾›å‚èµ›é€‰æ‰‹å®Œæˆç¨‹åºè®¾è®¡å‚è€ƒã€‚
   3            2.  å‚èµ›é€‰æ‰‹å¯ä»¥è‡ªè¡Œç¼–å†™ç›¸å…³ä»£ç æˆ–ä»¥è¯¥ä»£ç ä¸ºåŸºç¡€ï¼Œæ ¹æ®æ‰€é€‰å•ç‰‡æœºç±»å‹ã€è¿
             -è¡Œé€Ÿåº¦å’Œè¯•é¢˜
   4              ä¸­å¯¹å•ç‰‡æœºæ—¶é’Ÿé¢‘ç‡çš„è¦æ±‚ï¼Œè¿›è¡Œä»£ç è°ƒè¯•å’Œä¿®æ”¹ã€‚
   5          */
   6          
   7          #define DELAY_TIME  10
   8          
   9          //
  10          #include <STC15F2K60S2.H>
  11          #include "intrins.h"
  12          sbit scl = P2^0;
  13          sbit sda = P2^1;
  14          
  15          static void I2C_Delay(unsigned char n)
  16          {
  17   1          do
  18   1          {
  19   2              _nop_();_nop_();_nop_();_nop_();_nop_();
  20   2              _nop_();_nop_();_nop_();_nop_();_nop_();
  21   2              _nop_();_nop_();_nop_();_nop_();_nop_();    
  22   2          }
  23   1          while(n--);       
  24   1      }
  25          
  26          //
  27          void I2CStart(void)
  28          {
  29   1          sda = 1;
  30   1          scl = 1;
  31   1        I2C_Delay(DELAY_TIME);
  32   1          sda = 0;
  33   1        I2C_Delay(DELAY_TIME);
  34   1          scl = 0;    
  35   1      }
  36          
  37          //
  38          void I2CStop(void)
  39          {
  40   1          sda = 0;
  41   1          scl = 1;
  42   1        I2C_Delay(DELAY_TIME);
  43   1          sda = 1;
  44   1        I2C_Delay(DELAY_TIME);
  45   1      }
  46          
  47          //
  48          void I2CSendByte(unsigned char byt)
  49          {
  50   1          unsigned char i;
  51   1        
  52   1          for(i=0; i<8; i++){
  53   2              scl = 0;
C51 COMPILER V9.54   IIC                                                                   02/12/2025 20:45:54 PAGE 2   

  54   2          I2C_Delay(DELAY_TIME);
  55   2              if(byt & 0x80){
  56   3                  sda = 1;
  57   3              }
  58   2              else{
  59   3                  sda = 0;
  60   3              }
  61   2          I2C_Delay(DELAY_TIME);
  62   2              scl = 1;
  63   2              byt <<= 1;
  64   2          I2C_Delay(DELAY_TIME);
  65   2          }
  66   1        
  67   1          scl = 0;  
  68   1      }
  69          
  70          //
  71          unsigned char I2CReceiveByte(void)
  72          {
  73   1        unsigned char da;
  74   1        unsigned char i;
  75   1        for(i=0;i<8;i++){   
  76   2          scl = 1;
  77   2          I2C_Delay(DELAY_TIME);
  78   2          da <<= 1;
  79   2          if(sda) 
  80   2            da |= 0x01;
  81   2          scl = 0;
  82   2          I2C_Delay(DELAY_TIME);
  83   2        }
  84   1        return da;    
  85   1      }
  86          
  87          //
  88          unsigned char I2CWaitAck(void)
  89          {
  90   1        unsigned char ackbit;
  91   1        
  92   1          scl = 1;
  93   1        I2C_Delay(DELAY_TIME);
  94   1          ackbit = sda; 
  95   1          scl = 0;
  96   1        I2C_Delay(DELAY_TIME);
  97   1        
  98   1        return ackbit;
  99   1      }
 100          
 101          //
 102          void I2CSendAck(unsigned char ackbit)
 103          {
 104   1          scl = 0;
 105   1          sda = ackbit; 
 106   1        I2C_Delay(DELAY_TIME);
 107   1          scl = 1;
 108   1        I2C_Delay(DELAY_TIME);
 109   1          scl = 0; 
 110   1        sda = 1;
 111   1        I2C_Delay(DELAY_TIME);
 112   1      }
 113          
 114          void DA_Write(unsigned char dat)        //DAè¾“å‡ºçš„åŠŸèƒ½
 115          {
C51 COMPILER V9.54   IIC                                                                   02/12/2025 20:45:54 PAGE 3   

 116   1        I2CStart();
 117   1        I2CSendByte(0x90);   //é€‰ä¸­èŠ¯ç‰‡åœ°å€
 118   1        I2CWaitAck();
 119   1        
 120   1        I2CSendByte(0x40);   //å®ç°DAè¾“å‡ºæ¨¡æ‹Ÿç”µå‹
 121   1        I2CWaitAck();
 122   1        
 123   1        I2CSendByte(dat);    //è¦è¾“å‡ºçš„æ¨¡æ‹Ÿç”µå‹æ•°å€¼
 124   1        I2CWaitAck();
 125   1        I2CStop();
 126   1      }
 127          
 128          unsigned char AD_Read(unsigned char adr)
 129          {
 130   1        unsigned char AIN;
 131   1        I2CStart();          //å†™æ“ä½œæ‰§è¡Œ
 132   1        I2CSendByte(0x90);   //é€‰ä¸­èŠ¯ç‰‡åœ°å€
 133   1        I2CWaitAck();
 134   1        I2CSendByte(adr);    //é€‰ä¸­èŠ¯ç‰‡åœ°å€
 135   1        I2CWaitAck();
 136   1        I2CStop();
 137   1        
 138   1        I2CStart();          //è¯»æ“ä½œæ‰§è¡Œ
 139   1        I2CSendByte(0x91);   //é€‰ä¸­èŠ¯ç‰‡åœ°å€
 140   1        I2CWaitAck();
 141   1        AIN=I2CReceiveByte();
 142   1        I2CSendAck(1);
 143   1        I2CStop();
 144   1        
 145   1        return AIN;
 146   1      }


MODULE INFORMATION:   STATIC OVERLAYABLE
   CODE SIZE        =    240    ----
   CONSTANT SIZE    =   ----    ----
   XDATA SIZE       =   ----    ----
   PDATA SIZE       =   ----    ----
   DATA SIZE        =   ----    ----
   IDATA SIZE       =   ----    ----
   BIT SIZE         =   ----    ----
END OF MODULE INFORMATION.


C51 COMPILATION COMPLETE.  0 WARNING(S),  0 ERROR(S)
