C51 COMPILER V9.60.7.0   BOOT                                                              04/12/2025 10:04:02 PAGE 1   


C51 COMPILER V9.60.7.0, COMPILATION OF MODULE BOOT
OBJECT MODULE PLACED IN .\Objects\boot.obj
COMPILER INVOKED BY: D:\Program Files\keil5\C51\BIN\C51.EXE code\boot.c OPTIMIZE(8,SPEED) BROWSE DEBUG OBJECTEXTEND PRIN
                    -T(.\Listings\boot.lst) TABS(2) OBJECT(.\Objects\boot.obj)

line level    source

   1          #include "boot.h"
   2          
   3          void boot_init()
   4          {
   5   1          P0M0 = 0x00; P0M1 = 0x00; 
   6   1          P1M0 = 0x00; P1M1 = 0x00; 
   7   1          P2M0 = 0x00; P2M1 = 0x00; 
   8   1          P3M0 = 0x00; P3M1 = 0x00; 
   9   1          P4M0 = 0x00; P4M1 = 0x00; 
  10   1          P5M0 = 0x00; P5M1 = 0x00; 
  11   1          P6M0 = 0x00; P6M1 = 0x00; 
  12   1          P7M0 = 0x00; P7M1 = 0x00; 
  13   1      
  14   1          P0 = 0xFF;
  15   1          batch(4);
  16   1      
  17   1          P0 = 0xAF;
  18   1          batch(5);
  19   1      
  20   1          P0 = 0x00;
  21   1          batch(6);
  22   1      
  23   1          P0 = 0xFF;
  24   1          batch(7);
  25   1      
  26   1          Timer1_Init();
  27   1          EA = 1;
  28   1      }
  29          
  30          
  31          
  32          void batch(uchar i)
  33          {
  34   1          switch (i)
  35   1          {
  36   2              case 4: {P2 = (P2 & 0x1F) | 0x80; break; }
  37   2              case 5: {P2 = (P2 & 0x1F) | 0xA0; break; }
  38   2              case 6: {P2 = (P2 & 0x1F) | 0xC0; break; }
  39   2              case 7: {P2 = (P2 & 0x1F) | 0xE0; break; }
  40   2          }
  41   1      
  42   1          P2 = P2 & 0x1F;
  43   1      }
  44          
  45          
  46          
  47          void Timer1_Init(void)    //1毫秒@12.000MHz
  48          {
  49   1        AUXR &= 0xBF;     //定时器时钟12T模式
  50   1        TMOD &= 0x0F;     //设置定时器模式
  51   1        TL1 = 0x18;       //设置定时初始值
  52   1        TH1 = 0xFC;       //设置定时初始值
  53   1        TF1 = 0;        //清除TF1标志
  54   1        TR1 = 1;        //定时器1开始计时
C51 COMPILER V9.60.7.0   BOOT                                                              04/12/2025 10:04:02 PAGE 2   

  55   1        ET1 = 1;        //使能定时器1中断
  56   1      }


MODULE INFORMATION:   STATIC OVERLAYABLE
   CODE SIZE        =    147    ----
   CONSTANT SIZE    =   ----    ----
   XDATA SIZE       =   ----    ----
   PDATA SIZE       =   ----    ----
   DATA SIZE        =   ----    ----
   IDATA SIZE       =   ----    ----
   BIT SIZE         =   ----    ----
END OF MODULE INFORMATION.


C51 COMPILATION COMPLETE.  0 WARNING(S),  0 ERROR(S)
