C51 COMPILER V9.60.7.0   DS1302                                                            04/12/2025 10:01:35 PAGE 1   


C51 COMPILER V9.60.7.0, COMPILATION OF MODULE DS1302
OBJECT MODULE PLACED IN .\Objects\ds1302.obj
COMPILER INVOKED BY: D:\Program Files\keil5\C51\BIN\C51.EXE code\ds1302.c OPTIMIZE(8,SPEED) BROWSE DEBUG OBJECTEXTEND PR
                    -INT(.\Listings\ds1302.lst) TABS(2) OBJECT(.\Objects\ds1302.obj)

line level    source

   1          #include "ds1302.h"
   2          
   3          sbit SCK = P1^7;
   4          sbit SDA = P2^3;
   5          sbit RST = P1^3;
   6          
   7          // 秒 分 时 天 月 星期 年
   8          code uchar read_address[7] = {0x81, 0x83, 0X85, 0X87, 0X89, 0X8B, 0x8D};
   9          code uchar write_address[7] = {0x80, 0x82, 0X84, 0X86, 0X88, 0X8A, 0x8C};
  10          
  11          uchar time_now[3] = {0, 0, 0};
  12          code uchar time_init[7] = {0x50, 0x59, 0x23, 0x09, 0x04, 0x03, 0x25};
  13          
  14          
  15          void Write_Ds1302(unsigned  char temp) 
  16          {
  17   1        unsigned char i;
  18   1        for (i=0;i<8;i++)       
  19   1        { 
  20   2          SCK = 0;
  21   2          SDA = temp & 0x01;
  22   2          temp>>=1; 
  23   2          SCK=1;
  24   2        }
  25   1      }   
  26          
  27          //
  28          void Write_Ds1302_Byte( unsigned char address,unsigned char dat )     
  29          {
  30   1        RST=0;  _nop_();
  31   1        SCK=0;  _nop_();
  32   1        RST=1;  _nop_();  
  33   1        Write_Ds1302(address);  
  34   1        Write_Ds1302(dat);    
  35   1        RST=0; 
  36   1      }
  37          
  38          //
  39          unsigned char Read_Ds1302_Byte ( unsigned char address )
  40          {
  41   1        unsigned char i,temp=0x00;
  42   1        RST=0;  _nop_();
  43   1        SCK=0;  _nop_();
  44   1        RST=1;  _nop_();
  45   1        Write_Ds1302(address);
  46   1        for (i=0;i<8;i++)   
  47   1        {   
  48   2          SCK=0;
  49   2          temp>>=1; 
  50   2          if(SDA)
  51   2          temp|=0x80; 
  52   2          SCK=1;
  53   2        } 
  54   1        RST=0;  _nop_();
C51 COMPILER V9.60.7.0   DS1302                                                            04/12/2025 10:01:35 PAGE 2   

  55   1        SCK=0;  _nop_();
  56   1        SCK=1;  _nop_();
  57   1        SDA=0;  _nop_();
  58   1        SDA=1;  _nop_();
  59   1        return (temp);      
  60   1      }
  61          
  62          
  63          uchar bcd_to_hex(uchar bcd)
  64          {
  65   1        return (bcd / 16 * 10) + (bcd % 16);
  66   1      }
  67          
  68          
  69          void date_write()
  70          {
  71   1        uchar i;
  72   1        Write_Ds1302_Byte(0X8E, 0X00);
  73   1      
  74   1        for (i = 0; i < 7;i++)
  75   1        {
  76   2          Write_Ds1302_Byte(write_address[i], time_init[i]);
  77   2        }
  78   1      
  79   1        Write_Ds1302_Byte(0X8E, 0X80);
  80   1      }
  81          
  82          
  83          void date_read()
  84          {
  85   1        uchar i;
  86   1        for (i = 0; i < 3;i++)
  87   1        {
  88   2          time_now[i] = Read_Ds1302_Byte(read_address[i]);
  89   2        }
  90   1      
  91   1        for (i = 0;i < 3;i++)
  92   1        {
  93   2          time_now[i] = bcd_to_hex(time_now[i]);
  94   2        }
  95   1      }
  96          
  97          


MODULE INFORMATION:   STATIC OVERLAYABLE
   CODE SIZE        =    184    ----
   CONSTANT SIZE    =     21    ----
   XDATA SIZE       =   ----    ----
   PDATA SIZE       =   ----    ----
   DATA SIZE        =      3    ----
   IDATA SIZE       =   ----    ----
   BIT SIZE         =   ----    ----
END OF MODULE INFORMATION.


C51 COMPILATION COMPLETE.  0 WARNING(S),  0 ERROR(S)
