C51 COMPILER V9.54   KEY                                                                   01/16/2025 16:36:20 PAGE 1   


C51 COMPILER V9.54, COMPILATION OF MODULE KEY
OBJECT MODULE PLACED IN .\Objects\Key.obj
COMPILER INVOKED BY: E:\keil\C51\BIN\C51.EXE ..\Driver\Key.c OPTIMIZE(8,SPEED) BROWSE INCDIR(..\Driver) DEBUG OBJECTEXTE
                    -ND PRINT(.\Listings\Key.lst) TABS(2) OBJECT(.\Objects\Key.obj)

line level    source

   1          #include <Key.h>
   2          
   3          //unsigned char Key_Read()
   4          //{
   5          //  unsigned char temp = 0;
   6          //  P44 = 0;P42 =1;P35 =1;P34 =1;
   7          //  if(P33 == 0) temp = 4;
   8          //  if(P32 == 0) temp = 5;
   9          //  if(P31 == 0) temp = 6;
  10          //  if(P30 == 0) temp = 7;
  11          //  P44 = 1;P42 = 0;P35 = 1;P34 = 1;
  12          //  if(P33 == 0) temp = 8;
  13          //  if(P32 == 0) temp = 9;
  14          //  if(P31 == 0) temp = 10;
  15          //  if(P30 == 0) temp = 11;
  16          //  P44 = 1;P42 = 1;P35 = 0;P34 = 1;
  17          //  if(P33 == 0) temp = 12;
  18          //  if(P32 == 0) temp = 13;
  19          //  if(P31 == 0) temp = 14;
  20          //  if(P30 == 0) temp = 15;
  21          //  P44 = 1;P42 = 1;P35 = 1;P34 = 0;
  22          //  if(P33 == 0) temp = 16;
  23          //  if(P32 == 0) temp = 17;
  24          //  if(P31 == 0) temp = 18;
  25          //  if(P30 == 0) temp = 19;
  26          //  return temp;
  27          //}
  28          unsigned char Key_Read()//°å×Ó
  29          {
  30   1        unsigned char temp = 0;
  31   1        P44 = 0;P42 =1;P35 =1;P34 =1;
  32   1        if(P33 == 0) temp = 4;
  33   1        if(P32 == 0) temp = 5;
  34   1        if(P31 == 0) temp = 6;
  35   1        if(P30 == 0) temp = 7;
  36   1        P44 = 1;P42 = 0;P35 = 1;P34 = 1;
  37   1        if(P33 == 0) temp = 8;
  38   1        if(P32 == 0) temp = 9;
  39   1        if(P31 == 0) temp = 10;
  40   1        if(P30 == 0) temp = 11;
  41   1        P44 = 1;P42 = 1;P35 = 0;P34 = 1;
  42   1        if(P33 == 0) temp = 12;
  43   1        if(P32 == 0) temp = 13;
  44   1        if(P31 == 0) temp = 14;
  45   1        if(P30 == 0) temp = 15;
  46   1        P44 = 1;P42 = 1;P35 = 1;P34 = 0;
  47   1        if(P33 == 0) temp = 16;
  48   1        if(P32 == 0) temp = 17;
  49   1        if(P31 == 0) temp = 18;
  50   1        if(P30 == 0) temp = 19;
  51   1        return temp;
  52   1      }


C51 COMPILER V9.54   KEY                                                                   01/16/2025 16:36:20 PAGE 2   

MODULE INFORMATION:   STATIC OVERLAYABLE
   CODE SIZE        =    115    ----
   CONSTANT SIZE    =   ----    ----
   XDATA SIZE       =   ----    ----
   PDATA SIZE       =   ----    ----
   DATA SIZE        =   ----    ----
   IDATA SIZE       =   ----    ----
   BIT SIZE         =   ----    ----
END OF MODULE INFORMATION.


C51 COMPILATION COMPLETE.  0 WARNING(S),  0 ERROR(S)
