C51 COMPILER V9.54   MAIN                                                                  12/23/2022 22:23:29 PAGE 1   


C51 COMPILER V9.54, COMPILATION OF MODULE MAIN
OBJECT MODULE PLACED IN .\Objects\main.obj
COMPILER INVOKED BY: D:\Keil5\C51\BIN\C51.EXE main.c OPTIMIZE(8,SPEED) BROWSE DEBUG OBJECTEXTEND PRINT(.\Listings\main.l
                    -st) OBJECT(.\Objects\main.obj)

line level    source

   1          #include <STC15F2K60S2.H>
   2          typedef unsigned char u8;
   3          typedef unsigned int u16;
   4          
   5          #define Y4 P2 = (P2&0x1f)|0x80
   6          #define Y5 P2 = (P2&0x1f)|0xa0
   7          
   8          //P2 & 0x1f -> P2 & 0001 1111 -> 高三位清零
   9          //(P2 & 0x1f) | 0xc0 -> 1100 0000 -> P27=P26=1 ,P25=0
  10          #define Y6 P2 = (P2&0x1f)|0xc0
  11          
  12          //P2 & 0x1f -> P2 & 0001 1111 -> 高三位清零
  13          //(P2 & 0x1f) | 0xe0 -> 1110 0000 -> P27=P26=1 ,P25=1
  14          #define Y7 P2 = (P2&0x1f)|0xe0
  15          
  16          //Y0是关闭锁存器此时写入P0口的数据无法驱动外设
  17          #define Y0 P2 = (P2&0x1f)
  18          
  19          /*************  本地常量声明    **************/
  20          
  21          //0x06->1这个字符，不过这个表是共阴极的，~0000 0110=1111 1001
  22          u8 code duan[]={                       //标准字库
  23          //   0    1    2    3    4    5    6    7    8    9    A    B    C    D    E    F
  24              0x3F,0x06,0x5B,0x4F,0x66,0x6D,0x7D,0x07,0x7F,0x6F,0x77,0x7C,0x39,0x5E,0x79,0x71,
  25          //black  -     H    J    K    L    N    o   P    U     t    G    Q    r   M    y
  26              0x00,0x40,0x76,0x1E,0x70,0x38,0x37,0x5C,0x73,0x3E,0x78,0x3d,0x67,0x50,0x37,0x6e,
  27              0xBF,0x86,0xDB,0xCF,0xE6,0xED,0xFD,0x87,0xFF,0xEF,0x46};    //0. 1. 2. 3. 4. 5. 6. 7. 8. 9. -1
  28          
  29          u8 code wei[]={0x01,0x02,0x04,0x08,0x10,0x20,0x40,0x80};      //位码
  30          u8 seg[8]={16,16,16,16,16,16,16,16};
  31          
  32          void Delay(u16 xms)             //@12.000MHz
  33          {
  34   1              unsigned char i, j;
  35   1              while(xms--){
  36   2                      i = 12;
  37   2                      j = 169;
  38   2                      do
  39   2                      {
  40   3                              while (--j);
  41   3                      } while (--i);  
  42   2              }
  43   1              
  44   1      }
  45          //数码管刷新显示
  46          void Seg_Show(){
  47   1              static u8 num=0;//8位数码管，动态显示，每一周期进来该函数一次
  48   1              
  49   1              P0=0xff;Y7;Y0;
  50   1              P0=wei[num];Y6;Y0;//完成位选
  51   1              P0=~duan[seg[num]];Y7;Y0;//完成段选
  52   1      
  53   1              num++;
  54   1              num%=8;
C51 COMPILER V9.54   MAIN                                                                  12/23/2022 22:23:29 PAGE 2   

  55   1      }
  56          
  57          //设置每一个数码管显示的内容
  58          void Seg_Set(u8 t1,t2,t3,t4,t5,t6,t7,t8){
  59   1              seg[0] = t1;
  60   1              seg[1] = t2;
  61   1              seg[2] = t3;
  62   1              seg[3] = t4;
  63   1              seg[4] = t5;
  64   1              seg[5] = t6;
  65   1              seg[6] = t7;
  66   1              seg[7] = t8;
  67   1      }
  68          
  69          
  70          void main(){
  71   1              u16 cnt;
  72   1              u8 state=1;
  73   1              P0=0xff;Y4;Y0;
  74   1              P0=0xaf;Y5;Y0;
  75   1              P0=0xff;Y6;Y0;//位选1111 1111,com口全选，P0=0x00
  76   1              P0=0xff;Y7;Y0;//段选1111 1111,所有数码管关
  77   1              
  78   1              while(1){
  79   2                      if(cnt>=500){
  80   3                              cnt=0;
  81   3                              state++;
  82   3                              if(state>8)state=1;
  83   3                              switch(state){
  84   4                                      case 1:
  85   4                                              Seg_Set(16,16,16,16,16,16,16,1);
  86   4                                              break;
  87   4                                      case 2:
  88   4                                              Seg_Set(16,16,16,16,16,16,1,2);
  89   4                                              break;
  90   4                                      case 3:
  91   4                                              Seg_Set(16,16,16,16,16,1,2,3);
  92   4                                              break;
  93   4                                      case 4:
  94   4                                              Seg_Set(16,16,16,16,1,2,3,4);
  95   4                                              break;
  96   4                                      
  97   4                                      case 5:
  98   4                                              Seg_Set(16,16,16,1,2,3,4,5);
  99   4                                              break;
 100   4                                      case 6:
 101   4                                              Seg_Set(16,16,1,2,3,4,5,6);
 102   4                                              break;
 103   4                                      case 7:
 104   4                                              Seg_Set(16,1,2,3,4,5,6,7);
 105   4                                              break;
 106   4                                      case 8:
 107   4                                              Seg_Set(1,2,3,4,5,6,7,8);
 108   4                                              break;
 109   4                              }
 110   3                      }
 111   2                      
 112   2                      Seg_Show();
 113   2                      Delay(1);//1ms延时
 114   2                      cnt++;
 115   2                      
 116   2              }
C51 COMPILER V9.54   MAIN                                                                  12/23/2022 22:23:29 PAGE 3   

 117   1      }


MODULE INFORMATION:   STATIC OVERLAYABLE
   CODE SIZE        =    546    ----
   CONSTANT SIZE    =     51    ----
   XDATA SIZE       =   ----    ----
   PDATA SIZE       =   ----    ----
   DATA SIZE        =      9      17
   IDATA SIZE       =   ----    ----
   BIT SIZE         =   ----    ----
END OF MODULE INFORMATION.


C51 COMPILATION COMPLETE.  0 WARNING(S),  0 ERROR(S)
