C51 COMPILER V9.54   MAIN                                                                  12/22/2022 10:44:58 PAGE 1   


C51 COMPILER V9.54, COMPILATION OF MODULE MAIN
OBJECT MODULE PLACED IN .\Objects\main.obj
COMPILER INVOKED BY: D:\Keil5\C51\BIN\C51.EXE main.c OPTIMIZE(8,SPEED) BROWSE DEBUG OBJECTEXTEND PRINT(.\Listings\main.l
                    -st) OBJECT(.\Objects\main.obj)

line level    source

   1          #include <STC15F2K60S2.H>
   2          typedef unsigned char u8;
   3          typedef unsigned int u16;
   4          
   5          #define Y4 P2 = (P2&0x1f)|0x80
   6          #define Y5 P2 = (P2&0x1f)|0xa0
   7          #define Y6 P2 = (P2&0x1f)|0xc0
   8          #define Y7 P2 = (P2&0x1f)|0xe0
   9          #define Y0 P2 = (P2&0x1f)
  10          void Delay(u16 xms)             //@12.000MHz
  11          {
  12   1              unsigned char i, j;
  13   1              while(xms--){
  14   2                      i = 12;
  15   2                      j = 169;
  16   2                      do
  17   2                      {
  18   3                              while (--j);
  19   3                      } while (--i);  
  20   2              }
  21   1              
  22   1      }
  23          
  24          
  25          void main(){
  26   1              u8 i;
  27   1              P0=0xff;Y4;Y0;
  28   1              P0=0xaf;Y5;Y0;
  29   1              P0=0xff;Y6;Y0;
  30   1              P0=0xff;Y7;Y0;
  31   1              
  32   1              while(1){
  33   2                      for(i=0;i<8;i++){
  34   3                              P0=~(0x01<<i);
  35   3                              Y4;Y0;
  36   3                              Delay(500);
  37   3                      }
  38   2                      for(i=0;i<8;i++){
  39   3                              P0=~(0x80>>i);
  40   3                              Y4;Y0;
  41   3                              Delay(500);
  42   3                      }
  43   2                      
  44   2              }
  45   1      }


MODULE INFORMATION:   STATIC OVERLAYABLE
   CODE SIZE        =    140    ----
   CONSTANT SIZE    =   ----    ----
   XDATA SIZE       =   ----    ----
   PDATA SIZE       =   ----    ----
   DATA SIZE        =   ----    ----
   IDATA SIZE       =   ----    ----
C51 COMPILER V9.54   MAIN                                                                  12/22/2022 10:44:58 PAGE 2   

   BIT SIZE         =   ----    ----
END OF MODULE INFORMATION.


C51 COMPILATION COMPLETE.  0 WARNING(S),  0 ERROR(S)
