C51 COMPILER V9.54   MAIN                                                                  12/26/2022 17:29:12 PAGE 1   


C51 COMPILER V9.54, COMPILATION OF MODULE MAIN
OBJECT MODULE PLACED IN .\Objects\main.obj
COMPILER INVOKED BY: D:\Keil5\C51\BIN\C51.EXE main.c OPTIMIZE(8,SPEED) BROWSE DEBUG OBJECTEXTEND PRINT(.\Listings\main.l
                    -st) OBJECT(.\Objects\main.obj)

line level    source

   1          #include <STC15F2K60S2.H>
   2          typedef unsigned char u8;
   3          typedef unsigned int u16;
   4          
   5          #define Y4 P2 = (P2&0x1f)|0x80
   6          
   7          //P2 & 0x1f -> P2 & 0001 1111 -> 高三位清零
   8          //(P2 & 0x1f) | 0xa0 -> 1010 0000 -> P27=1,P26=0 ,P25=1
   9          #define Y5 P2 = (P2&0x1f)|0xa0
  10          
  11          //P2 & 0x1f -> P2 & 0001 1111 -> 高三位清零
  12          //(P2 & 0x1f) | 0xc0 -> 1100 0000 -> P27=P26=1 ,P25=0
  13          #define Y6 P2 = (P2&0x1f)|0xc0
  14          
  15          //P2 & 0x1f -> P2 & 0001 1111 -> 高三位清零
  16          //(P2 & 0x1f) | 0xe0 -> 1110 0000 -> P27=P26=1 ,P25=1
  17          #define Y7 P2 = (P2&0x1f)|0xe0
  18          
  19          //Y0是关闭锁存器此时写入P0口的数据无法驱动外设
  20          #define Y0 P2 = (P2&0x1f)
  21          
  22          /*************  本地常量声明    **************/
  23          
  24          //0x06->1这个字符，不过这个表是共阴极的，~0000 0110=1111 1001
  25          u8 code duan[]={                       //标准字库
  26          //   0    1    2    3    4    5    6    7    8    9    A    B    C    D    E    F
  27              0x3F,0x06,0x5B,0x4F,0x66,0x6D,0x7D,0x07,0x7F,0x6F,0x77,0x7C,0x39,0x5E,0x79,0x71,
  28          //black  -     H    J    K    L    N    o   P    U     t    G    Q    r   M    y
  29              0x00,0x40,0x76,0x1E,0x70,0x38,0x37,0x5C,0x73,0x3E,0x78,0x3d,0x67,0x50,0x37,0x6e,
  30              0xBF,0x86,0xDB,0xCF,0xE6,0xED,0xFD,0x87,0xFF,0xEF,0x46};    //0. 1. 2. 3. 4. 5. 6. 7. 8. 9. -1
  31          
  32          u8 code wei[]={0x01,0x02,0x04,0x08,0x10,0x20,0x40,0x80};      //位码
  33          u8 seg[8]={16,16,16,16,16,16,16,16};
  34          
  35          void Delay(u16 xms)             //@12.000MHz
  36          {
  37   1              unsigned char i, j;
  38   1              while(xms--){
  39   2                      i = 12;
  40   2                      j = 169;
  41   2                      do
  42   2                      {
  43   3                              while (--j);
  44   3                      } while (--i);  
  45   2              }
  46   1              
  47   1      }
  48          //数码管刷新显示
  49          void Seg_Show(){
  50   1              static u8 num=0;//8位数码管，动态显示，每一周期进来该函数一次
  51   1              
  52   1              P0=0xff;Y7;Y0;
  53   1              P0=wei[num];Y6;Y0;//完成位选
  54   1              P0=~duan[seg[num]];Y7;Y0;//完成段选
C51 COMPILER V9.54   MAIN                                                                  12/26/2022 17:29:12 PAGE 2   

  55   1      
  56   1              num++;
  57   1              num%=8;
  58   1      }
  59          
  60          //设置每一个数码管显示的内容
  61          void Seg_Set(u8 t1,t2,t3,t4,t5,t6,t7,t8){
  62   1              seg[0] = t1;
  63   1              seg[1] = t2;
  64   1              seg[2] = t3;
  65   1              seg[3] = t4;
  66   1              seg[4] = t5;
  67   1              seg[5] = t6;
  68   1              seg[6] = t7;
  69   1              seg[7] = t8;
  70   1      }
  71          
  72          #define key_state_0 0
  73          #define key_state_1 1
  74          #define key_state_2 2
  75          u8 Key_Scan(){
  76   1              static u8 key_state=0;
  77   1              u8 keynum=0;
  78   1              u16 keypress;
  79   1              P44=0;P42=1;P35=1;P34=1;//第一列
  80   1              keypress = P3 & 0x0f;//获取按键值
  81   1              P44=1;P42=0;P35=1;P34=1;//第二列
  82   1              keypress = (keypress<<4) | (P3 & 0x0f);//获取按键值
  83   1              P44=1;P42=1;P35=0;P34=1;//第三列
  84   1              keypress = (keypress<<4) | (P3 & 0x0f);//获取按键值
  85   1              P44=1;P42=1;P35=1;P34=0;//第四列
  86   1              keypress = (keypress<<4) | (P3 & 0x0f);//获取按键值
  87   1              
  88   1              //状态机
  89   1              switch(key_state){
  90   2                      case key_state_0:
  91   2                              if(keypress!=0xffff)key_state=1;
  92   2                              break;
  93   2                      case key_state_1:
  94   2                              if(keypress!=0x0f){
  95   3                                      switch(~keypress){
  96   4                                              case 0x8000:keynum=4;break;
  97   4                                              case 0x4000:keynum=5;break;
  98   4                                              case 0x2000:keynum=6;break;
  99   4                                              case 0x1000:keynum=7;break;
 100   4                                              
 101   4                                              case 0x0800:keynum=8;break;
 102   4                                              case 0x0400:keynum=9;break;
 103   4                                              case 0x0200:keynum=10;break;
 104   4                                              case 0x0100:keynum=11;break;
 105   4                                              
 106   4                                              case 0x0080:keynum=12;break;
 107   4                                              case 0x0040:keynum=13;break;
 108   4                                              case 0x0020:keynum=14;break;
 109   4                                              case 0x0010:keynum=15;break;
 110   4                                              
 111   4                                              case 0x0008:keynum=16;break;
 112   4                                              case 0x0004:keynum=17;break;
 113   4                                              case 0x0002:keynum=18;break;
 114   4                                              case 0x0001:keynum=19;break;
 115   4                              
 116   4                                      }
C51 COMPILER V9.54   MAIN                                                                  12/26/2022 17:29:12 PAGE 3   

 117   3                                      key_state=2;
 118   3                              }
 119   2                              else
 120   2                                      key_state=0;
 121   2                              break;
 122   2                      case key_state_2:
 123   2                              if(keypress==0xffff)key_state=0;
 124   2                              break;
 125   2              }
 126   1              
 127   1              return keynum;
 128   1      }
 129          
 130          
 131          void main(){
 132   1              u16 cnt;
 133   1              u8 num;//存储按键值
 134   1              u8 sec=5;
 135   1              u8 a;
 136   1              u8 state=1;
 137   1              P0=0xff;Y4;Y0;
 138   1              P0=0xaf;Y5;Y0;//P06,P04,初始化时这两个设备全部关闭，1010 1111 = 0xaf
 139   1              P0=0xff;Y6;Y0;//位选1111 1111,com口全选，P0=0x00
 140   1              P0=0xff;Y7;Y0;//段选1111 1111,所有数码管关
 141   1              
 142   1              
 143   1      
 144   1              while(1){
 145   2                      if(cnt>=20){
 146   3                              cnt=0;
 147   3                              num = Key_Scan();
 148   3                      }
 149   2                      if(num){
 150   3                              a=num;
 151   3                              num=0;//一定要加，这个scan函数的刷新是20ms一次，所以20ms内如果返回了非0按键值，那么
 152   3                              //那么就会一直是这个值在while(1)里面运行，这样会影响后面的程序
 153   3                      }
 154   2                      Seg_Set(a/10,a%10,16,16,16,16,16,16);
 155   2                      Seg_Show();
 156   2                      Delay(1);//1ms延时
 157   2                      cnt++;
 158   2                      
 159   2              }
 160   1      }


MODULE INFORMATION:   STATIC OVERLAYABLE
   CODE SIZE        =    622    ----
   CONSTANT SIZE    =     51    ----
   XDATA SIZE       =   ----    ----
   PDATA SIZE       =   ----    ----
   DATA SIZE        =     10      23
   IDATA SIZE       =   ----    ----
   BIT SIZE         =   ----    ----
END OF MODULE INFORMATION.


C51 COMPILATION COMPLETE.  0 WARNING(S),  0 ERROR(S)
