C51 COMPILER V9.60.7.0   MACHINE                                                           06/05/2025 00:13:11 PAGE 1   


C51 COMPILER V9.60.7.0, COMPILATION OF MODULE MACHINE
OBJECT MODULE PLACED IN .\Objects\machine.obj
COMPILER INVOKED BY: C:\Keil_v5\C51\BIN\C51.EXE code\machine.c OPTIMIZE(8,SPEED) BROWSE DEBUG OBJECTEXTEND PRINT(.\Listi
                    -ngs\machine.lst) TABS(2) OBJECT(.\Objects\machine.obj)

line level    source

   1          #include "machine.h"
   2          
   3          
   4          void latch(uchar i)
   5          {
   6   1          switch (i)
   7   1          {
   8   2              case 4: { P2 = (P2 & 0x1F) | 0x80; break; }
   9   2              case 5: { P2 = (P2 & 0x1F) | 0xA0; break; }
  10   2              case 6: { P2 = (P2 & 0x1F) | 0xC0; break; }
  11   2              case 7: { P2 = (P2 & 0x1F) | 0xE0; break; }
  12   2          }
  13   1      
  14   1          P2 = P2 & 0x1F;
  15   1      }


MODULE INFORMATION:   STATIC OVERLAYABLE
   CODE SIZE        =     57    ----
   CONSTANT SIZE    =   ----    ----
   XDATA SIZE       =   ----    ----
   PDATA SIZE       =   ----    ----
   DATA SIZE        =   ----    ----
   IDATA SIZE       =   ----    ----
   BIT SIZE         =   ----    ----
END OF MODULE INFORMATION.


C51 COMPILATION COMPLETE.  0 WARNING(S),  0 ERROR(S)
