C51 COMPILER V9.60.7.0   DISPLAY                                                           06/05/2025 00:10:20 PAGE 1   


C51 COMPILER V9.60.7.0, COMPILATION OF MODULE DISPLAY
OBJECT MODULE PLACED IN .\Objects\display.obj
COMPILER INVOKED BY: C:\Keil_v5\C51\BIN\C51.EXE code\display.c OPTIMIZE(8,SPEED) BROWSE DEBUG OBJECTEXTEND PRINT(.\Listi
                    -ngs\display.lst) TABS(2) OBJECT(.\Objects\display.obj)

line level    source

   1          #include "display.h"
   2          
   3          
   4          uchar led_array[8] = {0, 0, 0, 0, 0, 0, 0, 0};
   5          
   6          
   7          
   8          void led_display()
   9          {
  10   1          static uchar i;
  11   1          static uchar temp;
  12   1          static uchar last;
  13   1      
  14   1          if (led_array[i])
  15   1          {
  16   2              temp = temp | (0x01 << i);
  17   2          }
  18   1          else
  19   1          {
  20   2              temp = temp & ~(0x01 << i);
  21   2          }
  22   1      
  23   1          if (temp != last)
  24   1          {
  25   2              P0 = ~temp;
  26   2              batch(4);
  27   2      
  28   2              last = temp;
  29   2          }
  30   1      
  31   1      
  32   1          i += 1;
  33   1          if (i == 8) { i = 0;}
  34   1      }


MODULE INFORMATION:   STATIC OVERLAYABLE
   CODE SIZE        =     71    ----
   CONSTANT SIZE    =   ----    ----
   XDATA SIZE       =   ----    ----
   PDATA SIZE       =   ----    ----
   DATA SIZE        =     11    ----
   IDATA SIZE       =   ----    ----
   BIT SIZE         =   ----    ----
END OF MODULE INFORMATION.


C51 COMPILATION COMPLETE.  0 WARNING(S),  0 ERROR(S)
