C51 COMPILER V9.60.7.0   MAIN                                                              06/05/2025 00:10:20 PAGE 1   


C51 COMPILER V9.60.7.0, COMPILATION OF MODULE MAIN
OBJECT MODULE PLACED IN .\Objects\main.obj
COMPILER INVOKED BY: C:\Keil_v5\C51\BIN\C51.EXE code\main.c OPTIMIZE(8,SPEED) BROWSE DEBUG OBJECTEXTEND PRINT(.\Listings
                    -\main.lst) TABS(2) OBJECT(.\Objects\main.obj)

line level    source

   1          #include "main.h"
   2          
   3          extern uchar led_array[8];
   4          
   5          enum {
   6              TIME_CCAP_0 = 1000,
   7              LED_TIME = 20,
   8              WATERLED_TIME = 500
   9          };
  10          
  11          uint timer_0;
  12          
  13          typedef struct{
  14              uchar time;
  15              uint waterTime;
  16          } LED;
  17          
  18          LED led;
  19          
  20          void pcaInit()
  21          {
  22   1          CMOD = 0x00;              // 配置时钟
  23   1          CCON = 0x00;              // 清除标志位，停止PCA
  24   1          
  25   1          CL = 0x00; CH = 0x00;     // 设置计数器初值
  26   1      
  27   1          CCAPM0 = 0x49;            // 比较模式
  28   1          CCAP0L = TIME_CCAP_0;
  29   1          CCAP0H = TIME_CCAP_0 >> 8;
  30   1      
  31   1          EA = 1;
  32   1          CCON = 0x41;
  33   1      
  34   1          CCON |= 0x40;               // CR = 1;
  35   1          PPCA = 1;
  36   1      
  37   1      
  38   1          timer_0 = TIME_CCAP_0;
  39   1      }
  40          
  41          
  42          void pcaInterrupt() interrupt 7
  43          {
  44   1          
  45   1          if (CCF0)
  46   1          {
  47   2              CCF0 = 0;
  48   2              
  49   2              CCAP0L = timer_0; CCAP0H = timer_0 >> 8;
  50   2      
  51   2              timer_0 += TIME_CCAP_0;
  52   2      
  53   2              if ( led.time < LED_TIME ) { led.time++; } 
  54   2              if ( led.waterTime < WATERLED_TIME) { led.waterTime++; }
C51 COMPILER V9.60.7.0   MAIN                                                              06/05/2025 00:10:20 PAGE 2   

  55   2          }
  56   1      }
  57          
  58          
  59          void waterLed()
  60          {
  61   1          static uchar toward;
  62   1          led_array[0] = toward;
  63   1          led_array[1] = toward;
  64   1          led_array[2] = toward;
  65   1          led_array[3] = toward;
  66   1          led_array[4] = toward;
  67   1          led_array[5] = toward;
  68   1          led_array[6] = toward;
  69   1          led_array[7] = toward;
  70   1      
  71   1          if (toward == 1)
  72   1          {
  73   2              toward = 0;
  74   2          }
  75   1          else
  76   1          {
  77   2              toward = 1;
  78   2          }
  79   1      }
  80          
  81          
  82          void taskLoop()
  83          {
  84   1          if (led.time == LED_TIME)
  85   1          {
  86   2              led.time = 0;
  87   2              led_display();
  88   2          }
  89   1      
  90   1          if (led.waterTime == WATERLED_TIME)
  91   1          {
  92   2              led.waterTime = 0;
  93   2              waterLed();
  94   2          }
  95   1      }
  96          
  97          void main()
  98          {
  99   1          pcaInit();
 100   1          while (1)
 101   1          {
 102   2              taskLoop();
 103   2          }
 104   1      }
 105          
 106          
 107          


MODULE INFORMATION:   STATIC OVERLAYABLE
   CODE SIZE        =    171    ----
   CONSTANT SIZE    =   ----    ----
   XDATA SIZE       =   ----    ----
   PDATA SIZE       =   ----    ----
   DATA SIZE        =      6    ----
   IDATA SIZE       =   ----    ----
C51 COMPILER V9.60.7.0   MAIN                                                              06/05/2025 00:10:20 PAGE 3   

   BIT SIZE         =   ----    ----
END OF MODULE INFORMATION.


C51 COMPILATION COMPLETE.  0 WARNING(S),  0 ERROR(S)
