C51 COMPILER V9.54   MAIN                                                                  04/08/2022 10:09:22 PAGE 1   


C51 COMPILER V9.54, COMPILATION OF MODULE MAIN
OBJECT MODULE PLACED IN .\Objects\main.obj
COMPILER INVOKED BY: D:\Keil5\C51\BIN\C51.EXE main.c OPTIMIZE(8,SPEED) BROWSE DEBUG OBJECTEXTEND PRINT(.\Listings\main.l
                    -st) OBJECT(.\Objects\main.obj)

line level    source

   1          #include "main.h"
   2          #define ge(x) x%10
   3          #define shi(x) x/10%10
   4          #define bai(x) x/100%10
   5          #define qian(x) x/1000%10
   6          #define wan(x) x/10000%10
   7          #define advalue(x) (int)(5.0*x/255*100)
   8          
   9          u8 n,num,a,ad,mode=1,ad_mode=3,ad1,ad3,flag;
  10          u16 cnt,freq,T;
  11          u16 f_tmp,v_tmp,cnt1;
  12          u8 L1,L2,L3,L4,L5,uLed=0xff;
  13          bit key_flag,f_mea,v1_mea,v3_mea,led_flag,led_button=1;
  14          
  15          void NE555_Init();
  16          void v_show();
  17          void T_show();
  18          void freq_show();
  19          void led_show();
  20          
  21          
  22          void main(){
  23   1              Sys_Init();
  24   1              
  25   1              NE555_Init();
  26   1              Timer1Init();
  27   1              
  28   1              while(1){
  29   2                      if(key_flag){
  30   3                              key_flag=0;
  31   3                              num = Key_Scan();
  32   3                      }
  33   2                      
  34   2                      //频率全局检测
  35   2                      if(f_mea){
  36   3                              f_mea=0;
  37   3                              TR0 = 0;
  38   3                              freq=TH0*256+TL0;
  39   3                              TH0=0;
  40   3                              TL0=0;
  41   3                              TR0=1;
  42   3                              if(mode==2)
  43   3                              T = (int)(1.0/freq*1000*1000);
  44   3                      }
  45   2                      if(v1_mea&&ad_mode==1){
  46   3                              v1_mea=0;
  47   3                              ET1=0;
  48   3                              ad1 = PCF8591_ReadAD(0x01);//光敏
  49   3                              ET1=1;
  50   3                      }
  51   2                      if(v3_mea&&ad_mode==3){
  52   3                              v3_mea=0;
  53   3                              ET1=0;
  54   3                              ad3 = PCF8591_ReadAD(0x03);//光敏
C51 COMPILER V9.54   MAIN                                                                  04/08/2022 10:09:22 PAGE 2   

  55   3                              ET1=1;
  56   3                      }
  57   2                      
  58   2                      if(num==6)//缓存电压
  59   2                      {
  60   3                              num=0;
  61   3                              v_tmp = advalue(ad3);
  62   3                      }       
  63   2                      
  64   2                      if(num==7)flag=1;
  65   2                      if(flag==0){
  66   3                              if(cnt1>20&&cnt1<1000){
  67   4                                      f_tmp = freq;
  68   4                                      cnt1=0;
  69   4                              }
  70   3                      }
  71   2                      
  72   2                      switch(mode){
  73   3                              case 1:freq_show();break;
  74   3                              case 2:T_show();break;
  75   3                              case 3:v_show();break;
  76   3                      }
  77   2                      
  78   2                      if(led_button){
  79   3                              if(led_flag)
  80   3                              led_show();
  81   3                      }
  82   2                      
  83   2                      
  84   2              }
  85   1      }
  86          
  87          void NE555_Init(){
  88   1              AUXR &= 0x7F;           //定时器时钟12T模式
  89   1              TMOD = 0x05;            //设置定时器模式
  90   1              TL0 = 0;                //设置定时初值
  91   1              TH0 = 0;                //设置定时初值
  92   1              TF0 = 0;                //清除TF0标志
  93   1              TR0 = 1;                //定时器0开始计时
  94   1      }
  95          
  96          void freq_show(){
  97   1              if(num==4){
  98   2                      num=0;
  99   2                      mode=2;
 100   2              }
 101   1              if(freq<100)
 102   1                      Seg_Set(15,16,16,16,16,16,shi(freq),ge(freq));  
 103   1              else if(freq<1000)
 104   1                      Seg_Set(15,16,16,16,16,bai(freq),shi(freq),ge(freq));
 105   1              else if(freq<10000)
 106   1                      Seg_Set(15,16,16,16,qian(freq),bai(freq),shi(freq),ge(freq));
 107   1              else 
 108   1                      Seg_Set(15,16,16,wan(freq),qian(freq),bai(freq),shi(freq),ge(freq));
 109   1      
 110   1      }
 111          
 112          void T_show(){
 113   1              if(num==4){
 114   2                      num=0;
 115   2                      mode=3;
 116   2                      ad_mode=1;//默认进入读光敏电阻
C51 COMPILER V9.54   MAIN                                                                  04/08/2022 10:09:22 PAGE 3   

 117   2              }
 118   1              if(T<100)
 119   1                      Seg_Set(22,16,16,16,16,16,shi(T),ge(T));        
 120   1              else if(T<1000)
 121   1                      Seg_Set(22,16,16,16,16,bai(T),shi(T),ge(T));
 122   1              else if(T<10000)
 123   1                      Seg_Set(22,16,16,16,qian(T),bai(T),shi(T),ge(T));
 124   1              else 
 125   1                      Seg_Set(22,16,16,wan(T),qian(T),bai(T),shi(T),ge(T));
 126   1      }
 127          
 128          void v_show(){
 129   1              if(num==4){
 130   2                      num=0;
 131   2                      mode=1;
 132   2              }
 133   1              if(num==5){
 134   2                      num=0;
 135   2                      if(ad_mode==1)ad_mode=3;
 136   2                      else if(ad_mode==3)ad_mode=1;
 137   2              }
 138   1              if(ad_mode==1)
 139   1                      Seg_Set(25,17,1,16,16,bai(advalue(ad1))+32,shi(advalue(ad1)),ge(advalue(ad1)));
 140   1              else 
 141   1                      Seg_Set(25,17,3,16,16,bai(advalue(ad3))+32,shi(advalue(ad3)),ge(advalue(ad3)));
 142   1                      
 143   1      }
 144          
 145          void led_show(){
 146   1              if(advalue(ad3)>v_tmp)L1=0;
 147   1              else L1=1;
 148   1              
 149   1              if(freq>f_tmp)L2=0;
 150   1              else L2=1;
 151   1              
 152   1              if(mode==1)L3=0;
 153   1              else if(mode!=1)L3=1;
 154   1              
 155   1              if(mode==2)L4=0;
 156   1              else if(mode!=2)L4=1;
 157   1              
 158   1              if(mode==3)L5=0;
 159   1              else if(mode!=3)L5=1;
 160   1              
 161   1              uLed = 0xe0 | ((L5<<4) | (L4<<3) | (L3<<2) | (L2<<1) | L1);
 162   1              
 163   1              EA = 0;
 164   1              P0 = 0xff;
 165   1              P0 = uLed;
 166   1              Y4;Y0;
 167   1              EA = 1;
 168   1      }
 169          
 170          void T1_Int() interrupt 3{
 171   1              Seg_Show();
 172   1              cnt++;
 173   1              if(cnt%20==0){key_flag=1;led_flag=1;}
 174   1              if(cnt%200==0)v3_mea=1;
 175   1              if(cnt%250==0)v1_mea=1;
 176   1              if(cnt%1000==0)f_mea=1;
 177   1      
 178   1              cnt%=1000;
C51 COMPILER V9.54   MAIN                                                                  04/08/2022 10:09:22 PAGE 4   

 179   1              if(flag==1){
 180   2                      cnt1++;
 181   2                      if(cnt1>=1000){
 182   3                              cnt1=0;
 183   3                              flag=3;
 184   3                              if(led_button)led_button=0;
 185   3                              else if(led_button==0)led_button=1;
 186   3                              if(led_button==0){
 187   4                                      P0 = 0xff;
 188   4                                      uLed=0xff;
 189   4                                      P0 = uLed;
 190   4                                      Y4;Y0;
 191   4                              }
 192   3                      }
 193   2              }
 194   1      }
 195          


MODULE INFORMATION:   STATIC OVERLAYABLE
   CODE SIZE        =   1794    ----
   CONSTANT SIZE    =   ----    ----
   XDATA SIZE       =   ----    ----
   PDATA SIZE       =   ----    ----
   DATA SIZE        =     27    ----
   IDATA SIZE       =   ----    ----
   BIT SIZE         =      6    ----
END OF MODULE INFORMATION.


C51 COMPILATION COMPLETE.  0 WARNING(S),  0 ERROR(S)
