C51 COMPILER V9.54   SYS                                                                   04/08/2022 10:03:12 PAGE 1   


C51 COMPILER V9.54, COMPILATION OF MODULE SYS
OBJECT MODULE PLACED IN .\Objects\sys.obj
COMPILER INVOKED BY: D:\Keil5\C51\BIN\C51.EXE sys.c OPTIMIZE(8,SPEED) BROWSE DEBUG OBJECTEXTEND PRINT(.\Listings\sys.lst
                    -) OBJECT(.\Objects\sys.obj)

line level    source

   1          #include "sys.h"
   2          
   3          void Sys_Init(){
   4   1              P0 = 0xff;Y4;Y0;
   5   1              P0 &=0xaf;Y5;Y0;
   6   1              P0 = 0xff;Y6;Y0;
   7   1              P0 = 0xff;Y7;Y0;
   8   1      }
   9          
  10          void Delay(u16 xms)             //@12.000MHz
  11          {
  12   1              unsigned char i, j;
  13   1              while(xms--){
  14   2                      i = 12;
  15   2                      j = 169;
  16   2                      do
  17   2                      {
  18   3                              while (--j);
  19   3                      } while (--i);          
  20   2              }
  21   1      
  22   1      }
  23          
  24          void Timer1Init(void)           //1毫秒@12.000MHz
  25          {
  26   1              AUXR &= 0xBF;           //定时器时钟12T模式
  27   1              TMOD &= 0x0F;           //设置定时器模式
  28   1              TL1 = 0x18;             //设置定时初值
  29   1              TH1 = 0xFC;             //设置定时初值
  30   1              TF1 = 0;                //清除TF1标志
  31   1              TR1 = 1;                //定时器1开始计时
  32   1              ET1 = 1;
  33   1              EA = 1;
  34   1              
  35   1      }
  36          void Timer2Init(void)           //500微秒@12.000MHz
  37          {
  38   1      
  39   1      
  40   1              AUXR &= 0xFB;           //定时器时钟12T模式
  41   1              T2L = 0x18;             //设置定时初值
  42   1              T2H = 0xFC;             //设置定时初值
  43   1              AUXR |= 0x10;           //定时器2开始计时
  44   1      
  45   1      
  46   1      
  47   1      
  48   1              IE2 |= 0x04;
  49   1      }
  50          
  51          
  52          


C51 COMPILER V9.54   SYS                                                                   04/08/2022 10:03:12 PAGE 2   

MODULE INFORMATION:   STATIC OVERLAYABLE
   CODE SIZE        =    115    ----
   CONSTANT SIZE    =   ----    ----
   XDATA SIZE       =   ----    ----
   PDATA SIZE       =   ----    ----
   DATA SIZE        =   ----    ----
   IDATA SIZE       =   ----    ----
   BIT SIZE         =   ----    ----
END OF MODULE INFORMATION.


C51 COMPILATION COMPLETE.  0 WARNING(S),  0 ERROR(S)
