C51 COMPILER V9.60.7.0   BOOT                                                              05/21/2025 16:25:12 PAGE 1   


C51 COMPILER V9.60.7.0, COMPILATION OF MODULE BOOT
OBJECT MODULE PLACED IN .\Objects\boot.obj
COMPILER INVOKED BY: C:\Keil_v5\C51\BIN\C51.EXE code\boot.c OPTIMIZE(8,SPEED) BROWSE DEBUG OBJECTEXTEND PRINT(.\Listings
                    -\boot.lst) TABS(2) OBJECT(.\Objects\boot.obj)

line level    source

   1          #include "boot.h"
   2          
   3          void boot_init()
   4          {
   5   1          Timer1_Init();
   6   1          timer_2();
   7   1          EA = 1;
   8   1      }
   9          
  10          // timer2 -> 串口
  11          // timer1 -> 1ms
  12          
  13          void timer_2()
  14          {
  15   1          SCON = 0x50;    // 8位Uart, 允许接受数据
  16   1          AUXR |= 0x01;    // 定时器2作为波特率发生器
  17   1          AUXR |= 0x04;    // 定时器工作在1T模式
  18   1      
  19   1          // 设置波特率4800bps
  20   1          T2L = 0x8F;
  21   1          T2H = 0xFD;
  22   1      
  23   1          AUXR |= 0x10;   // 定时器开始计数
  24   1          ES = 1;         // 允许串口中断 
  25   1      }
  26          
  27          void Timer1_Init(void)    //1毫秒@12.000MHz
  28          {
  29   1        AUXR &= 0xBF;     //定时器时钟12T模式
  30   1        TMOD &= 0x0F;     //设置定时器模式
  31   1        TL1 = 0x18;       //设置定时初始值
  32   1        TH1 = 0xFC;       //设置定时初始值
  33   1        TF1 = 0;        //清除TF1标志
  34   1        TR1 = 1;        //定时器1开始计时
  35   1        ET1 = 1;        //使能定时器1中断
  36   1      }
  37          


MODULE INFORMATION:   STATIC OVERLAYABLE
   CODE SIZE        =     49    ----
   CONSTANT SIZE    =   ----    ----
   XDATA SIZE       =   ----    ----
   PDATA SIZE       =   ----    ----
   DATA SIZE        =   ----    ----
   IDATA SIZE       =   ----    ----
   BIT SIZE         =   ----    ----
END OF MODULE INFORMATION.


C51 COMPILATION COMPLETE.  0 WARNING(S),  0 ERROR(S)
