C51 COMPILER V9.54   KEY                                                                   03/24/2022 23:10:26 PAGE 1   


C51 COMPILER V9.54, COMPILATION OF MODULE KEY
OBJECT MODULE PLACED IN .\Objects\key.obj
COMPILER INVOKED BY: D:\Keil5\C51\BIN\C51.EXE key.c OPTIMIZE(8,SPEED) BROWSE DEBUG OBJECTEXTEND PRINT(.\Listings\key.lst
                    -) OBJECT(.\Objects\key.obj)

line level    source

   1          #include "key.h"
   2          
   3          #define key_state_0 0
   4          #define key_state_1 1
   5          #define key_state_2 2
   6          extern u8 mode;
   7          u8 Key_Scan(){
   8   1              static u8 key_state=0;
   9   1              u8 keynum=0;
  10   1              u8 keypress;
  11   1              keypress = P3&0x0f;
  12   1              
  13   1              switch(key_state){
  14   2                      case key_state_0:
  15   2                              if(keypress!=0x0f)key_state=1;
  16   2                              break;
  17   2                      case key_state_1:
  18   2                              if(keypress!=0x0f){
  19   3                                      if(keypress==0x07)keynum=4;
  20   3                                      if(keypress==0x0b)keynum=5;
  21   3                                      if(keypress==0x0d)keynum=6;
  22   3                                      if(keypress==0x0e)keynum=7;
  23   3                                      key_state = 2;
  24   3                              }
  25   2                              else key_state=0;
  26   2                              break;
  27   2                      case key_state_2:
  28   2                              if(keypress==0x07&&mode!=2&&mode!=3)mode=4;
  29   2                              else if(keypress==0x0f&&mode==4)mode=1;
  30   2                              if(keypress==0x0f)key_state=0;
  31   2                              
  32   2                              break;
  33   2              }
  34   1              
  35   1              return keynum;
  36   1      }


MODULE INFORMATION:   STATIC OVERLAYABLE
   CODE SIZE        =     97    ----
   CONSTANT SIZE    =   ----    ----
   XDATA SIZE       =   ----    ----
   PDATA SIZE       =   ----    ----
   DATA SIZE        =      1    ----
   IDATA SIZE       =   ----    ----
   BIT SIZE         =   ----    ----
END OF MODULE INFORMATION.


C51 COMPILATION COMPLETE.  0 WARNING(S),  0 ERROR(S)
