C51 COMPILER V9.54   SYS                                                                   03/24/2022 19:50:27 PAGE 1   


C51 COMPILER V9.54, COMPILATION OF MODULE SYS
OBJECT MODULE PLACED IN .\Objects\sys.obj
COMPILER INVOKED BY: D:\Keil5\C51\BIN\C51.EXE sys.c OPTIMIZE(8,SPEED) BROWSE DEBUG OBJECTEXTEND PRINT(.\Listings\sys.lst
                    -) OBJECT(.\Objects\sys.obj)

line level    source

   1          #include "sys.h"
   2          
   3          void Sys_Init(){
   4   1              P0=0xff;Y4;Y0;
   5   1              P0 &=0xaf;Y5;Y0;
   6   1              P0=0xff;Y6;Y0;
   7   1              P0=0xff;Y7;Y0;
   8   1              
   9   1      }
  10          
  11          void Delay(u16 xms)             //@12.000MHz
  12          {
  13   1              unsigned char i, j;
  14   1              while(xms--){
  15   2                      i = 12;
  16   2                      j = 169;
  17   2                      do
  18   2                      {
  19   3                              while (--j);
  20   3                      } while (--i);  
  21   2              }
  22   1              
  23   1      }
  24          void Timer0Init(void)           //1毫秒@12.000MHz
  25          {
  26   1              AUXR &= 0x7F;           //定时器时钟12T模式
  27   1              TMOD &= 0xF0;           //设置定时器模式
  28   1              TL0 = 0x18;             //设置定时初值
  29   1              TH0 = 0xFC;             //设置定时初值
  30   1              TF0 = 0;                //清除TF0标志
  31   1              TR0 = 1;                //定时器0开始计时
  32   1              ET0 = 1;
  33   1              EA = 1;
  34   1      }


MODULE INFORMATION:   STATIC OVERLAYABLE
   CODE SIZE        =     99    ----
   CONSTANT SIZE    =   ----    ----
   XDATA SIZE       =   ----    ----
   PDATA SIZE       =   ----    ----
   DATA SIZE        =   ----    ----
   IDATA SIZE       =   ----    ----
   BIT SIZE         =   ----    ----
END OF MODULE INFORMATION.


C51 COMPILATION COMPLETE.  0 WARNING(S),  0 ERROR(S)
