C51 COMPILER V9.60.7.0   BOOT                                                              05/11/2025 14:23:06 PAGE 1   


C51 COMPILER V9.60.7.0, COMPILATION OF MODULE BOOT
OBJECT MODULE PLACED IN .\Objects\boot.obj
COMPILER INVOKED BY: C:\Keil_v5\C51\BIN\C51.EXE code\boot.c OPTIMIZE(8,SPEED) BROWSE DEBUG OBJECTEXTEND PRINT(.\Listings
                    -\boot.lst) TABS(2) OBJECT(.\Objects\boot.obj)

line level    source

   1          #include "boot.h"
   2          
   3          void boot_init()
   4          {
   5   1          P0M1 = 0;   P0M0 = 0;   //设置为准双向口
   6   1          P1M1 = 0;   P1M0 = 0;   //设置为准双向口
   7   1          P2M1 = 0;   P2M0 = 0;   //设置为准双向口
   8   1          P3M1 = 0;   P3M0 = 0;   //设置为准双向口
   9   1          P4M1 = 0;   P4M0 = 0;   //设置为准双向口
  10   1          P5M1 = 0;   P5M0 = 0;   //设置为准双向口
  11   1          P6M1 = 0;   P6M0 = 0;   //设置为准双向口
  12   1          P7M1 = 0;   P7M0 = 0;   //设置为准双向口
  13   1      
  14   1          P0 = 0xFF;
  15   1          batch(4);
  16   1          batch(7);
  17   1          batch(0);
  18   1      
  19   1          P0 = 0xAF;
  20   1          batch(5);
  21   1      
  22   1          P0 = 0x00;
  23   1          batch(6);
  24   1       
  25   1          Timer1_Init();
  26   1          EA = 1;
  27   1      }
  28          
  29          
  30          void batch(uchar i)
  31          {
  32   1          switch (i)
  33   1          {
  34   2              case 4: { P2 = 0x1F | 0x80; break; }
  35   2              case 5: { P2 = 0x1F | 0xA0; break; }
  36   2              case 6: { P2 = 0x1F | 0xC0; break; }
  37   2              case 7: { P2 = 0x1F | 0xE0; break; }
  38   2      
  39   2          }
  40   1          P2 = 0x1F;
  41   1      }
  42          
  43          
  44          
  45          
  46          void Timer1_Init(void)    //1毫秒@12.000MHz
  47          {
  48   1        AUXR |= 0x40;     //定时器时钟1T模式
  49   1        TMOD &= 0x0F;     //设置定时器模式
  50   1        TL1 = 0x20;       //设置定时初始值
  51   1        TH1 = 0xD1;       //设置定时初始值
  52   1        TF1 = 0;        //清除TF1标志
  53   1        TR1 = 1;        //定时器1开始计时
  54   1        ET1 = 1;        //使能定时器1中断
C51 COMPILER V9.60.7.0   BOOT                                                              05/11/2025 14:23:06 PAGE 2   

  55   1      }
  56          
  57          
  58          void Delay500ms(void) //@12.000MHz
  59          {
  60   1        unsigned char data i, j, k;
  61   1      
  62   1        _nop_();
  63   1        _nop_();
  64   1        i = 23;
  65   1        j = 205;
  66   1        k = 120;
  67   1        do
  68   1        {
  69   2          do
  70   2          {
  71   3            while (--k);
  72   3          } while (--j);
  73   2        } while (--i);
  74   1      }


MODULE INFORMATION:   STATIC OVERLAYABLE
   CODE SIZE        =    144    ----
   CONSTANT SIZE    =   ----    ----
   XDATA SIZE       =   ----    ----
   PDATA SIZE       =   ----    ----
   DATA SIZE        =   ----    ----
   IDATA SIZE       =   ----    ----
   BIT SIZE         =   ----    ----
END OF MODULE INFORMATION.


C51 COMPILATION COMPLETE.  0 WARNING(S),  0 ERROR(S)
