C51 COMPILER V9.60.7.0   DISPLAY                                                           05/11/2025 14:04:52 PAGE 1   


C51 COMPILER V9.60.7.0, COMPILATION OF MODULE DISPLAY
OBJECT MODULE PLACED IN .\Objects\display.obj
COMPILER INVOKED BY: C:\Keil_v5\C51\BIN\C51.EXE code\display.c OPTIMIZE(8,SPEED) BROWSE DEBUG OBJECTEXTEND PRINT(.\Listi
                    -ngs\display.lst) TABS(2) OBJECT(.\Objects\display.obj)

line level    source

   1          #include "display.h"
   2          
   3          uchar code letter[] = {                       //标准字库
   4              //   0    1    2    3    4    5    6    7    8    9    A    B    C    D    E    F
   5                  0x3F,0x06,0x5B,0x4F,0x66,0x6D,0x7D,0x07,0x7F,0x6F,0x77,0x7C,0x39,0x5E,0x79,0x71,
   6              //black  -     H    J    K    L    N    o   P    U     t    G    Q    r   M    y
   7                  0x00,0x40,0x76,0x1E,0x70,0x38,0x37,0x5C,0x73,0x3E,0x78,0x3d,0x67,0x50,0x37,0x6e,
   8                  0xBF,0x86,0xDB,0xCF,0xE6,0xED,0xFD,0x87,0xFF,0xEF,0x46};    //0. 1. 2. 3. 4. 5. 6. 7. 8. 9. -1
   9          
  10          uchar seg[8] = {0, 0 ,0, 0, 0, 0, 0 ,0};
  11          uchar led[8] = {0, 0 ,0, 0, 0, 0, 0 ,0};
  12          
  13          
  14          static uchar randz_now;
  15          static uchar randz_last = 0xFF;
  16          
  17          
  18          void seg_display()
  19          {
  20   1          static uchar i;
  21   1      
  22   1          P0 = 0xFF;
  23   1          batch(7);
  24   1          
  25   1          P0 = 0x01 << i;
  26   1          batch(6);
  27   1      
  28   1          P0 = ~letter[seg[i]]; 
  29   1          batch(7);
  30   1      
  31   1          i = i + 1;
  32   1          if (i == 8) { i = 0; }
  33   1      }
  34          
  35          void led_display()
  36          {
  37   1          static uchar i;
  38   1          static uchar now;
  39   1          static uchar last;
  40   1      
  41   1          if (led[i])
  42   1          {
  43   2              now = now | (0x01 << i);
  44   2          }
  45   1          else
  46   1          {
  47   2              now = now & ~(0x01 << i);
  48   2          }
  49   1      
  50   1          if (last != now)
  51   1          {
  52   2              P0 = ~now;
  53   2              batch(4);
  54   2      
C51 COMPILER V9.60.7.0   DISPLAY                                                           05/11/2025 14:04:52 PAGE 2   

  55   2              last = now;
  56   2          }
  57   1      
  58   1          i = i + 1;
  59   1          if (i == 8) { i = 0; }
  60   1      }
  61          
  62          
  63          
  64          
  65          
  66          // 继电器 4
  67          
  68          void relay(bit state)
  69          {
  70   1          
  71   1          if (state)
  72   1          {
  73   2              randz_now = randz_now | (0x10);
  74   2          }
  75   1          else
  76   1          {
  77   2              randz_now = randz_now & ~(0x10);
  78   2          }
  79   1      
  80   1          if (randz_now != randz_last)
  81   1          {
  82   2              P0 = randz_now;
  83   2              batch(5);
  84   2              randz_last = randz_now;
  85   2          }
  86   1      }
  87          
  88          // 蜂鸣器 6
  89          void buzz(bit state)
  90          {
  91   1          if (state)
  92   1          {
  93   2              randz_now = randz_now | (0x40);
  94   2          }
  95   1          else
  96   1          {
  97   2              randz_now = randz_now & ~(0x40);
  98   2          }
  99   1          
 100   1          if (randz_now != randz_last)
 101   1          {
 102   2              P0 = randz_now;
 103   2              batch(5);
 104   2              randz_last = randz_now;
 105   2          }
 106   1      }
 107          
 108          


MODULE INFORMATION:   STATIC OVERLAYABLE
   CODE SIZE        =    186    ----
   CONSTANT SIZE    =     43    ----
   XDATA SIZE       =   ----    ----
   PDATA SIZE       =   ----    ----
   DATA SIZE        =     22    ----
C51 COMPILER V9.60.7.0   DISPLAY                                                           05/11/2025 14:04:52 PAGE 3   

   IDATA SIZE       =   ----    ----
   BIT SIZE         =   ----       2
END OF MODULE INFORMATION.


C51 COMPILATION COMPLETE.  0 WARNING(S),  0 ERROR(S)
