C51 COMPILER V9.60.7.0   MAIN                                                              05/11/2025 14:23:07 PAGE 1   


C51 COMPILER V9.60.7.0, COMPILATION OF MODULE MAIN
OBJECT MODULE PLACED IN .\Objects\main.obj
COMPILER INVOKED BY: C:\Keil_v5\C51\BIN\C51.EXE code\main.c OPTIMIZE(8,SPEED) BROWSE DEBUG OBJECTEXTEND PRINT(.\Listings
                    -\main.lst) TABS(2) OBJECT(.\Objects\main.obj)

line level    source

   1          #include "main.h"
   2          
   3          
   4          void main()
   5          {
   6   1          boot_init();
   7   1      
   8   1          while (1)
   9   1          {
  10   2              buzz(1);
  11   2              Delay500ms();
  12   2              buzz(0);
  13   2              Delay500ms();
  14   2      
  15   2              if (led.time == LED_TIME)
*** ERROR C200 IN LINE 15 OF code\main.c: left side of '.' requires struct/union
  16   2              {
  17   3                  led_proc();
  18   3                  led.time = 0;
  19   3              }
  20   2          }
  21   1      }
  22          
  23          struct {
  24              uchar time;
  25              enum { 哇哇LED_TIME = 20 };
  26          } led;
  27          
  28          
  29          void timer_1_interrupt() interrupt 3
  30          {
  31   1          if (led.time < LED_TIME) { led.time++ };
  32   1      }

C51 COMPILATION COMPLETE.  0 WARNING(S),  1 ERROR(S)
