C51 COMPILER V9.60.7.0   SEG                                                               03/23/2025 18:37:40 PAGE 1   


C51 COMPILER V9.60.7.0, COMPILATION OF MODULE SEG
OBJECT MODULE PLACED IN seg.OBJ
COMPILER INVOKED BY: C:\Keil_v5\C51\BIN\C51.EXE seg.c OPTIMIZE(8,SPEED) BROWSE DEBUG OBJECTEXTEND TABS(2)

line level    source

   1          #include "seg.h"
   2          
   3          uchar code duan[] = {
   4              //   0    1    2    3    4    5    6    7    8    9    A    B    C    D    E    F
   5              0x3F, 0x06, 0x5B, 0x4F, 0x66, 0x6D, 0x7D, 0x07, 0x7F, 0x6F, 0x77, 0x7C, 0x39, 0x5E, 0x79, 0x71,
   6              // black  -     H    J    K    L    N    o   P    U     t    G    Q    r   M    y
   7              0x00, 0x40, 0x76, 0x1E, 0x70, 0x38, 0x37, 0x5C, 0x73, 0x3E, 0x78, 0x3D, 0x67, 0x50, 0x37, 0x6E,
   8              0xBF, 0x86, 0xDB, 0xCF, 0xE6, 0xED, 0xFD, 0x87, 0xFF, 0xEF, 0x46
   9          }; // 0. 1. 2. 3. 4. 5. 6. 7. 8. 9. -1
  10          
  11          uchar dsp[] = {16, 16, 16, 16, 16, 16, 16, 16};
  12          
  13          void setdsp(uchar c1, uchar c2, uchar c3, uchar c4, uchar c5, uchar c6, uchar c7, uchar c8) {
  14   1          dsp[0] = c1;
  15   1          dsp[1] = c2;
  16   1          dsp[2] = c3;
  17   1          dsp[3] = c4;
  18   1          dsp[4] = c5;
  19   1          dsp[5] = c6;
  20   1          dsp[6] = c7;
  21   1          dsp[7] = c8;
  22   1      }
  23          
  24          void display() {
  25   1          static uchar p;
  26   1      
  27   1          P0 = 0xFF;
  28   1          Y6;
  29   1          Y0;
  30   1      
  31   1          P0 = ~duan[dsp[p]];
  32   1          Y7;
  33   1          Y0;
  34   1      
  35   1          P0 = 0x01 << p;
  36   1          Y6;
  37   1          Y0;
  38   1      
  39   1          p++;
  40   1          p %= 8;
  41   1      }


MODULE INFORMATION:   STATIC OVERLAYABLE
   CODE SIZE        =     92    ----
   CONSTANT SIZE    =     43    ----
   XDATA SIZE       =   ----    ----
   PDATA SIZE       =   ----    ----
   DATA SIZE        =      9       8
   IDATA SIZE       =   ----    ----
   BIT SIZE         =   ----    ----
END OF MODULE INFORMATION.


C51 COMPILATION COMPLETE.  0 WARNING(S),  0 ERROR(S)
