<<<<<<< HEAD
C51 COMPILER V9.60.7.0   DISPLAY                                                           03/30/2025 19:17:25 PAGE 1   
=======
C51 COMPILER V9.60.7.0   DISPLAY                                                           03/30/2025 20:12:11 PAGE 1   
>>>>>>> 7cbaa3d9479fa449605936c8212c7dd4af9f3537


C51 COMPILER V9.60.7.0, COMPILATION OF MODULE DISPLAY
OBJECT MODULE PLACED IN .\Objects\display.obj
COMPILER INVOKED BY: C:\Keil_v5\C51\BIN\C51.EXE code\display.c OPTIMIZE(8,SPEED) BROWSE DEBUG OBJECTEXTEND PRINT(.\Listi
                    -ngs\display.lst) TABS(2) OBJECT(.\Objects\display.obj)

line level    source

   1          #include "display.h"
   2          
   3          uchar led_value[8] = {0, 0, 0, 0, 0, 0, 0, 0};
   4          
   5          void led(uchar i,bit state)
   6          {
   7   1          static uchar temp, last = 0xFF;
   8   1          if (state)
   9   1          {
  10   2              temp = temp | (0x01 << i);
  11   2          }
  12   1          else
  13   1          {
  14   2              temp = temp & ~(0x01 << i);
  15   2          }
  16   1      
  17   1          if (last != temp)
  18   1          {
  19   2              P0 = ~temp;
  20   2              batch(4);
  21   2              batch(0);
  22   2      
  23   2              last = temp;
  24   2          }
  25   1      }
  26          
  27          
  28          void led_display()
  29          {
  30   1          static uchar i;
  31   1          led(i, led_value[i]);
  32   1      
  33   1          i = (i + 1) % 8;
  34   1      }
  35          
  36          void sandy(uchar i, bit state)
  37          {
  38   1          static uchar temp,last = 0xFF;
  39   1          if (state)
  40   1          {
  41   2              temp = temp | (0x01 << i);
  42   2          }
  43   1          else
  44   1          {
  45   2              temp = temp & ~(0x01 << i);
  46   2          }
  47   1      
  48   1          if (state != last)
  49   1          {
  50   2              P0 = temp;
  51   2              batch(5);
  52   2              batch(0);
  53   2      
  54   2              last = temp;
<<<<<<< HEAD
C51 COMPILER V9.60.7.0   DISPLAY                                                           03/30/2025 19:17:25 PAGE 2   
=======
C51 COMPILER V9.60.7.0   DISPLAY                                                           03/30/2025 20:12:11 PAGE 2   
>>>>>>> 7cbaa3d9479fa449605936c8212c7dd4af9f3537

  55   2          }
  56   1      }


MODULE INFORMATION:   STATIC OVERLAYABLE
   CODE SIZE        =    137    ----
   CONSTANT SIZE    =   ----    ----
   XDATA SIZE       =   ----    ----
   PDATA SIZE       =   ----    ----
   DATA SIZE        =     13    ----
   IDATA SIZE       =   ----    ----
   BIT SIZE         =   ----       2
END OF MODULE INFORMATION.


C51 COMPILATION COMPLETE.  0 WARNING(S),  0 ERROR(S)
