C51 COMPILER V9.60.7.0   ONEWIRE                                                           03/29/2025 18:09:27 PAGE 1   


C51 COMPILER V9.60.7.0, COMPILATION OF MODULE ONEWIRE
OBJECT MODULE PLACED IN .\Objects\onewire.obj
COMPILER INVOKED BY: C:\Keil_v5\C51\BIN\C51.EXE code\onewire.c OPTIMIZE(8,SPEED) BROWSE DEBUG OBJECTEXTEND PRINT(.\Listi
                    -ngs\onewire.lst) TABS(2) OBJECT(.\Objects\onewire.obj)

line level    source

   1          #include "onewire.h"
   2          
   3          sbit DQ = P1^4;
   4          //
   5          void Delay_OneWire(unsigned int t)  
   6          {
   7   1        unsigned char i;
   8   1        while(t--){
   9   2          for(i=0;i<12;i++);
  10   2        }
  11   1      }
  12          
  13          //
  14          void Write_DS18B20(unsigned char dat)
  15          {
  16   1        unsigned char i;
  17   1        for(i=0;i<8;i++)
  18   1        {
  19   2          DQ = 0;
  20   2          DQ = dat&0x01;
  21   2          Delay_OneWire(5);
  22   2          DQ = 1;
  23   2          dat >>= 1;
  24   2        }
  25   1        Delay_OneWire(5);
  26   1      }
  27          
  28          //
  29          unsigned char Read_DS18B20(void)
  30          {
  31   1        unsigned char i;
  32   1        unsigned char dat;
  33   1        
  34   1        for(i=0;i<8;i++)
  35   1        {
  36   2          DQ = 0;
  37   2          dat >>= 1;
  38   2          DQ = 1;
  39   2          if(DQ)
  40   2          {
  41   3            dat |= 0x80;
  42   3          }     
  43   2          Delay_OneWire(5);
  44   2        }
  45   1        return dat;
  46   1      }
  47          
  48          //
  49          bit init_ds18b20(void)
  50          {
  51   1          bit initflag = 0;
  52   1          
  53   1          DQ = 1;
  54   1          Delay_OneWire(12);
C51 COMPILER V9.60.7.0   ONEWIRE                                                           03/29/2025 18:09:27 PAGE 2   

  55   1          DQ = 0;
  56   1          Delay_OneWire(80);
  57   1          DQ = 1;
  58   1          Delay_OneWire(10); 
  59   1          initflag = DQ;     
  60   1          Delay_OneWire(5);
  61   1        
  62   1          return initflag;
  63   1      }
  64          
  65          
  66          float read_temperature()
  67          {
  68   1        uchar low, high;
  69   1        float temp;
  70   1      
  71   1      
  72   1        init_ds18b20();
  73   1        Write_DS18B20(0xcc);
  74   1        Write_DS18B20(0x44);
  75   1        
  76   1        Delay_OneWire(200);
  77   1        
  78   1        init_ds18b20();
  79   1        Write_DS18B20(0xcc);
  80   1        Write_DS18B20(0xbe);
  81   1        
  82   1        low = Read_DS18B20();
  83   1        high = Read_DS18B20();
  84   1        
  85   1        temp = (high<<8) | low;
  86   1        
  87   1        return temp * 0.0625;
  88   1        
  89   1      }
  90          


MODULE INFORMATION:   STATIC OVERLAYABLE
   CODE SIZE        =    196    ----
   CONSTANT SIZE    =   ----    ----
   XDATA SIZE       =   ----    ----
   PDATA SIZE       =   ----    ----
   DATA SIZE        =   ----       4
   IDATA SIZE       =   ----    ----
   BIT SIZE         =   ----       1
END OF MODULE INFORMATION.


C51 COMPILATION COMPLETE.  0 WARNING(S),  0 ERROR(S)
