<<<<<<< HEAD
C51 COMPILER V9.60.7.0   SONIC                                                             03/30/2025 20:12:12 PAGE 1   
=======
C51 COMPILER V9.60.7.0   SONIC                                                             03/27/2025 19:17:54 PAGE 1   
>>>>>>> f2f39c989d4b622f0e150523400b6d290abe90ab


C51 COMPILER V9.60.7.0, COMPILATION OF MODULE SONIC
OBJECT MODULE PLACED IN .\Objects\sonic.obj
COMPILER INVOKED BY: C:\Keil_v5\C51\BIN\C51.EXE sonic.c OPTIMIZE(8,SPEED) BROWSE DEBUG OBJECTEXTEND PRINT(.\Listings\son
                    -ic.lst) TABS(2) OBJECT(.\Objects\sonic.obj)

line level    source

   1          #include "sonic.h"
   2          
   3          sbit tx = P1 ^ 0;
   4          sbit rx = P1 ^ 1;
   5          
   6          void sonic_send()
   7          {
   8   1          uchar i;
   9   1          for (i = 0;i < 6;i++)
  10   1          {
  11   2              tx = 1;
  12   2              Delay14us();
  13   2              tx = 0;
  14   2              Delay14us();
  15   2          }
  16   1      }
  17          
  18          uchar sonic_measure()
  19          {
  20   1          uchar distance;
  21   1      
  22   1          TR1 = 0;
  23   1          TL1 = 0; TH1 = 0;
  24   1          TF1 = 0;
  25   1      
  26   1          sonic_send();
  27   1          while (rx == 0);
  28   1      
  29   1          TR1 = 1;
  30   1      
  31   1          while (rx == 1 && TF1 == 0);
  32   1          TR1 = 0;
  33   1      
  34   1          if (TF1 == 1)
  35   1          {
  36   2              distance = 255;
  37   2          }
  38   1          else
  39   1          {
  40   2              distance = (uchar) ((TH1 << 8) | TL1)* 0.017;
  41   2          }
  42   1      
  43   1          return distance;
  44   1          
  45   1      }


MODULE INFORMATION:   STATIC OVERLAYABLE
   CODE SIZE        =     85    ----
   CONSTANT SIZE    =   ----    ----
   XDATA SIZE       =   ----    ----
   PDATA SIZE       =   ----    ----
   DATA SIZE        =   ----       2
   IDATA SIZE       =   ----    ----
<<<<<<< HEAD
C51 COMPILER V9.60.7.0   SONIC                                                             03/30/2025 20:12:12 PAGE 2   
=======
C51 COMPILER V9.60.7.0   SONIC                                                             03/27/2025 19:17:54 PAGE 2   
>>>>>>> f2f39c989d4b622f0e150523400b6d290abe90ab

   BIT SIZE         =   ----    ----
END OF MODULE INFORMATION.


C51 COMPILATION COMPLETE.  0 WARNING(S),  0 ERROR(S)
