<<<<<<< HEAD
C51 COMPILER V9.60.7.0   DIS                                                               04/12/2025 10:05:03 PAGE 1   
=======
C51 COMPILER V9.60.7.0   DIS                                                               04/12/2025 12:17:41 PAGE 1   
>>>>>>> 699e296f4e707adbeb00689010ffe74631757aaa


C51 COMPILER V9.60.7.0, COMPILATION OF MODULE DIS
OBJECT MODULE PLACED IN .\Objects\dis.obj
COMPILER INVOKED BY: C:\Keil_v5\C51\BIN\C51.EXE code\dis.c OPTIMIZE(8,SPEED) BROWSE DEBUG OBJECTEXTEND PRINT(.\Listings\
                    -dis.lst) TABS(2) OBJECT(.\Objects\dis.obj)

line level    source

   1          #include "dis.h"
   2          
   3          uchar led[8] = {0, 0, 0, 0, 0, 0, 0, 0};
   4          uchar seg[8] = {0, 0, 0, 0, 0, 0, 0, 0};
   5          
   6          code uchar letter[] = {                       //标准字库
   7              //   0    1    2    3    4    5    6    7    8    9    A    B    C    D    E    F
   8                  0x3F,0x06,0x5B,0x4F,0x66,0x6D,0x7D,0x07,0x7F,0x6F,0x77,0x7C,0x39,0x5E,0x79,0x71,
   9              //black  -     H    J    K    L    N    o   P    U     t    G    Q    r   M    y
  10                  0x00,0x40,0x76,0x1E,0x70,0x38,0x37,0x5C,0x73,0x3E,0x78,0x3d,0x67,0x50,0x37,0x6e,
  11                  0xBF,0x86,0xDB,0xCF,0xE6,0xED,0xFD,0x87,0xFF,0xEF,0x46, 0x63};    //0. 1. 2. 3. 4. 5. 6. 7. 8. 9. 
             --1
  12              
<<<<<<< HEAD
  13               
  14          void led_display()
  15          {
  16   1          static uchar i;
  17   1          static uchar temp;
  18   1          static uchar last = 0xFF;
  19   1      
  20   1          if (led[i])
  21   1          {
  22   2              temp = temp | (0x01 << i);
  23   2          }
  24   1          else
  25   1          {
  26   2              temp = temp & ~(0x01 << i);
  27   2          }
  28   1      
  29   1          if (last != temp)
  30   1          {
  31   2              P0 = ~temp;
  32   2              batch(4);
  33   2      
  34   2              last = temp;
  35   2          }
  36   1      
  37   1          i++;
  38   1          if (i == 8) { i = 0; }
  39   1      }
  40          
  41          
  42          void seg_display()
  43          {
  44   1          static uchar i;
  45   1      
  46   1          P0 = 0xFF;
  47   1          batch(7);
  48   1      
  49   1          P0 = 0x01 << i;
  50   1          batch(6);
  51   1      
  52   1          P0 = ~letter[seg[i]];
  53   1          batch(7);
  54   1      
C51 COMPILER V9.60.7.0   DIS                                                               04/12/2025 10:05:03 PAGE 2   
=======
  13          // 1 1 0 0 0 1 1 0
  14          //0110 0011
  15          
  16          void led_display()
  17          {
  18   1          static uchar i;
  19   1          static uchar temp;
  20   1          static uchar last = 0xFF;
  21   1      
  22   1          if (led[i])
  23   1          {
  24   2              temp = temp | (0x01 << i);
  25   2          }
  26   1          else
  27   1          {
  28   2              temp = temp & ~(0x01 << i);
  29   2          }
  30   1      
  31   1          if (last != temp)
  32   1          {
  33   2              P0 = ~temp;
  34   2              batch(4);
  35   2      
  36   2              last = temp;
  37   2          }
  38   1      
  39   1          i++;
  40   1          if (i == 8) { i = 0; }
  41   1      }
  42          
  43          
  44          void seg_display()
  45          {
  46   1          static uchar i;
  47   1      
  48   1          P0 = 0xFF;
  49   1          batch(7);
  50   1      
  51   1          P0 = 0x01 << i;
  52   1          batch(6);
  53   1      
C51 COMPILER V9.60.7.0   DIS                                                               04/12/2025 12:17:41 PAGE 2   
>>>>>>> 699e296f4e707adbeb00689010ffe74631757aaa

  54   1          P0 = ~letter[seg[i]];
  55   1          batch(7);
  56   1      
  57   1          i++;
  58   1          if (i == 8) { i = 0; }
  59   1      }


MODULE INFORMATION:   STATIC OVERLAYABLE
   CODE SIZE        =    128    ----
   CONSTANT SIZE    =     44    ----
   XDATA SIZE       =   ----    ----
   PDATA SIZE       =   ----    ----
   DATA SIZE        =     20    ----
   IDATA SIZE       =   ----    ----
   BIT SIZE         =   ----    ----
END OF MODULE INFORMATION.


C51 COMPILATION COMPLETE.  0 WARNING(S),  0 ERROR(S)
